2025-10-14 21:53:54.457 [info] [main] Log level: Info
2025-10-14 21:53:54.495 [info] [main] Validating found git in: "git"
2025-10-14 21:53:54.495 [info] [main] Using git "2.39.5" from "git"
2025-10-14 21:53:54.495 [info] [Model][doInitialScan] Initial repository scan started
2025-10-14 21:53:54.495 [info] > git rev-parse --show-toplevel [904ms]
2025-10-14 21:53:54.645 [info] > git rev-parse --git-dir --git-common-dir --show-superproject-working-tree [663ms]
2025-10-14 21:53:54.811 [info] [Model][openRepository] Opened repository (path): /home/carlosjosuegarciaalvarado2006/Trabajo.js
2025-10-14 21:53:54.811 [info] [Model][openRepository] Opened repository (real path): /home/carlosjosuegarciaalvarado2006/Trabajo.js
2025-10-14 21:53:54.811 [info] [Model][openRepository] Opened repository (kind): repository
2025-10-14 21:53:54.870 [info] [Model][doInitialScan] Initial repository scan completed - repositories (1), closed repositories (0), parent repositories (0), unsafe repositories (0)
2025-10-14 21:53:55.004 [info] > git config --get commit.template [53ms]
2025-10-14 21:53:55.098 [info] > git for-each-ref --format=%(refname)%00%(upstream:short)%00%(objectname)%00%(upstream:track)%00%(upstream:remotename)%00%(upstream:remoteref) refs/heads/main refs/remotes/main [38ms]
2025-10-14 21:53:55.292 [info] > git status -z -uall [89ms]
2025-10-14 21:53:55.376 [info] > git for-each-ref --sort -committerdate --format %(refname)%00%(objectname)%00%(*objectname) [122ms]
2025-10-14 21:53:55.696 [info] > git for-each-ref --format=%(refname)%00%(upstream:short)%00%(objectname)%00%(upstream:track)%00%(upstream:remotename)%00%(upstream:remoteref) refs/heads/main refs/remotes/main [115ms]
2025-10-14 21:53:55.764 [info] > git config --get --local branch.main.vscode-merge-base [46ms]
2025-10-14 21:53:55.765 [warning] [Git][config] git config failed: Failed to execute git
2025-10-14 21:53:55.797 [info] > git config --get commit.template [113ms]
2025-10-14 21:53:55.945 [info] > git reflog main --grep-reflog=branch: Created from *. [149ms]
2025-10-14 21:53:56.019 [info] > git symbolic-ref --short refs/remotes/origin/HEAD [49ms]
2025-10-14 21:53:56.019 [info] fatal: ref refs/remotes/origin/HEAD is not a symbolic ref
2025-10-14 21:53:56.019 [warning] [Repository][getDefaultBranch] Failed to get default branch details: Failed to execute git.
2025-10-14 21:53:56.115 [info] > git for-each-ref --format=%(refname)%00%(upstream:short)%00%(objectname)%00%(upstream:track)%00%(upstream:remotename)%00%(upstream:remoteref) refs/heads/main refs/remotes/main [209ms]
2025-10-14 21:53:56.135 [info] > git merge-base refs/heads/main refs/remotes/origin/main [36ms]
2025-10-14 21:53:56.643 [info] > git diff --name-status -z --diff-filter=ADMR 9630042e83dc3b28da9dc60d11f03b2fec160c8d...refs/remotes/origin/main [424ms]
2025-10-14 21:53:58.002 [info] > git check-ignore -v -z --stdin [1251ms]
2025-10-14 21:53:58.003 [info] > git status -z -uall [103ms]
2025-10-14 21:53:58.017 [info] > git for-each-ref --sort -committerdate --format %(refname)%00%(objectname)%00%(*objectname) [54ms]
2025-10-14 21:54:02.706 [info] > git check-ignore -v -z --stdin [11ms]
2025-10-14 21:54:29.673 [info] > git config --get commit.template [81ms]
2025-10-14 21:54:29.735 [info] > git for-each-ref --format=%(refname)%00%(upstream:short)%00%(objectname)%00%(upstream:track)%00%(upstream:remotename)%00%(upstream:remoteref) refs/heads/main refs/remotes/main [73ms]
2025-10-14 21:54:29.873 [info] > git status -z -uall [82ms]
2025-10-14 21:54:29.914 [info] > git for-each-ref --sort -committerdate --format %(refname)%00%(objectname)%00%(*objectname) [48ms]
2025-10-14 21:54:35.271 [info] > git config --get commit.template [14ms]
2025-10-14 21:54:35.312 [info] > git for-each-ref --format=%(refname)%00%(upstream:short)%00%(objectname)%00%(upstream:track)%00%(upstream:remotename)%00%(upstream:remoteref) refs/heads/main refs/remotes/main [13ms]
2025-10-14 21:54:35.388 [info] > git status -z -uall [38ms]
2025-10-14 21:54:35.398 [info] > git for-each-ref --sort -committerdate --format %(refname)%00%(objectname)%00%(*objectname) [11ms]
2025-10-14 21:54:41.879 [info] > git config --get commit.template [4ms]
2025-10-14 21:54:41.940 [info] > git for-each-ref --format=%(refname)%00%(upstream:short)%00%(objectname)%00%(upstream:track)%00%(upstream:remotename)%00%(upstream:remoteref) refs/heads/main refs/remotes/main [20ms]
2025-10-14 21:54:42.014 [info] > git status -z -uall [37ms]
2025-10-14 21:54:42.019 [info] > git for-each-ref --sort -committerdate --format %(refname)%00%(objectname)%00%(*objectname) [14ms]
2025-10-14 21:54:47.061 [info] > git config --get commit.template [5ms]
2025-10-14 21:54:47.086 [info] > git for-each-ref --format=%(refname)%00%(upstream:short)%00%(objectname)%00%(upstream:track)%00%(upstream:remotename)%00%(upstream:remoteref) refs/heads/main refs/remotes/main [13ms]
2025-10-14 21:54:47.139 [info] > git status -z -uall [34ms]
2025-10-14 21:54:47.143 [info] > git for-each-ref --sort -committerdate --format %(refname)%00%(objectname)%00%(*objectname) [6ms]
2025-10-14 21:54:52.257 [info] > git config --get commit.template [39ms]
2025-10-14 21:54:52.268 [info] > git for-each-ref --format=%(refname)%00%(upstream:short)%00%(objectname)%00%(upstream:track)%00%(upstream:remotename)%00%(upstream:remoteref) refs/heads/main refs/remotes/main [32ms]
2025-10-14 21:54:52.377 [info] > git status -z -uall [71ms]
2025-10-14 21:54:52.386 [info] > git for-each-ref --sort -committerdate --format %(refname)%00%(objectname)%00%(*objectname) [6ms]
2025-10-14 21:55:00.043 [info] > git config --get commit.template [11ms]
2025-10-14 21:55:00.132 [info] > git for-each-ref --format=%(refname)%00%(upstream:short)%00%(objectname)%00%(upstream:track)%00%(upstream:remotename)%00%(upstream:remoteref) refs/heads/main refs/remotes/main [44ms]
2025-10-14 21:55:00.272 [info] > git status -z -uall [78ms]
2025-10-14 21:55:00.284 [info] > git for-each-ref --sort -committerdate --format %(refname)%00%(objectname)%00%(*objectname) [24ms]
2025-10-14 21:55:05.421 [info] > git config --get commit.template [14ms]
2025-10-14 21:55:05.488 [info] > git for-each-ref --format=%(refname)%00%(upstream:short)%00%(objectname)%00%(upstream:track)%00%(upstream:remotename)%00%(upstream:remoteref) refs/heads/main refs/remotes/main [16ms]
2025-10-14 21:55:05.613 [info] > git status -z -uall [67ms]
2025-10-14 21:55:05.630 [info] > git for-each-ref --sort -committerdate --format %(refname)%00%(objectname)%00%(*objectname) [20ms]
2025-10-14 21:55:09.000 [info] > git check-ignore -v -z --stdin [11ms]
2025-10-14 21:55:10.749 [info] > git config --get commit.template [31ms]
2025-10-14 21:55:10.758 [info] > git for-each-ref --format=%(refname)%00%(upstream:short)%00%(objectname)%00%(upstream:track)%00%(upstream:remotename)%00%(upstream:remoteref) refs/heads/main refs/remotes/main [10ms]
2025-10-14 21:55:10.805 [info] > git status -z -uall [24ms]
2025-10-14 21:55:10.811 [info] > git for-each-ref --sort -committerdate --format %(refname)%00%(objectname)%00%(*objectname) [8ms]
2025-10-14 21:55:16.740 [info] > git config --get commit.template [61ms]
2025-10-14 21:55:16.755 [info] > git for-each-ref --format=%(refname)%00%(upstream:short)%00%(objectname)%00%(upstream:track)%00%(upstream:remotename)%00%(upstream:remoteref) refs/heads/main refs/remotes/main [24ms]
2025-10-14 21:55:17.000 [info] > git status -z -uall [170ms]
2025-10-14 21:55:17.023 [info] > git for-each-ref --sort -committerdate --format %(refname)%00%(objectname)%00%(*objectname) [26ms]
2025-10-14 21:55:22.497 [info] > git config --get commit.template [32ms]
2025-10-14 21:55:22.516 [info] > git for-each-ref --format=%(refname)%00%(upstream:short)%00%(objectname)%00%(upstream:track)%00%(upstream:remotename)%00%(upstream:remoteref) refs/heads/main refs/remotes/main [24ms]
2025-10-14 21:55:22.700 [info] > git status -z -uall [139ms]
2025-10-14 21:55:22.702 [info] > git for-each-ref --sort -committerdate --format %(refname)%00%(objectname)%00%(*objectname) [42ms]
2025-10-14 21:56:25.783 [info] > git check-ignore -v -z --stdin [23ms]
2025-10-14 21:56:26.360 [info] > git config --get commit.template [48ms]
2025-10-14 21:56:26.366 [info] > git for-each-ref --format=%(refname)%00%(upstream:short)%00%(objectname)%00%(upstream:track)%00%(upstream:remotename)%00%(upstream:remoteref) refs/heads/main refs/remotes/main [9ms]
2025-10-14 21:56:26.421 [info] > git status -z -uall [26ms]
2025-10-14 21:56:26.429 [info] > git for-each-ref --sort -committerdate --format %(refname)%00%(objectname)%00%(*objectname) [10ms]
2025-10-14 21:56:42.789 [info] > git check-ignore -v -z --stdin [38ms]
2025-10-14 21:56:43.289 [info] > git config --get commit.template [18ms]
2025-10-14 21:56:43.333 [info] > git for-each-ref --format=%(refname)%00%(upstream:short)%00%(objectname)%00%(upstream:track)%00%(upstream:remotename)%00%(upstream:remoteref) refs/heads/main refs/remotes/main [17ms]
2025-10-14 21:56:43.411 [info] > git status -z -uall [43ms]
2025-10-14 21:56:43.611 [info] > git show --textconv :EjerciciosFuncionesFlecha.js/ejercicio1.js [113ms]
2025-10-14 21:56:43.724 [info] > git for-each-ref --sort -committerdate --format %(refname)%00%(objectname)%00%(*objectname) [335ms]
2025-10-14 21:56:43.896 [info] > git hash-object -t tree /dev/null [172ms]
2025-10-14 21:56:43.897 [warning] [GitFileSystemProvider][readFile] File not found - git:/home/carlosjosuegarciaalvarado2006/Trabajo.js/EjerciciosFuncionesFlecha.js/ejercicio1.js.git?%7B%22path%22%3A%22%2Fhome%2Fcarlosjosuegarciaalvarado2006%2FTrabajo.js%2FEjerciciosFuncionesFlecha.js%2Fejercicio1.js%22%2C%22ref%22%3A%22%22%7D
2025-10-14 21:56:43.898 [info] > git ls-files --stage -- EjerciciosFuncionesFlecha.js/ejercicio1.js [352ms]
2025-10-14 21:56:43.899 [warning] [GitFileSystemProvider][stat] File not found - git:/home/carlosjosuegarciaalvarado2006/Trabajo.js/EjerciciosFuncionesFlecha.js/ejercicio1.js.git?%7B%22path%22%3A%22%2Fhome%2Fcarlosjosuegarciaalvarado2006%2FTrabajo.js%2FEjerciciosFuncionesFlecha.js%2Fejercicio1.js%22%2C%22ref%22%3A%22%22%7D
2025-10-14 21:56:53.533 [info] > git show --textconv :EjerciciosFuncionesFlecha.js/ejercicio2.js [40ms]
2025-10-14 21:56:53.533 [info] > git ls-files --stage -- EjerciciosFuncionesFlecha.js/ejercicio2.js [16ms]
2025-10-14 21:56:53.534 [warning] [GitFileSystemProvider][stat] File not found - git:/home/carlosjosuegarciaalvarado2006/Trabajo.js/EjerciciosFuncionesFlecha.js/ejercicio2.js.git?%7B%22path%22%3A%22%2Fhome%2Fcarlosjosuegarciaalvarado2006%2FTrabajo.js%2FEjerciciosFuncionesFlecha.js%2Fejercicio2.js%22%2C%22ref%22%3A%22%22%7D
2025-10-14 21:56:53.535 [warning] [GitFileSystemProvider][readFile] File not found - git:/home/carlosjosuegarciaalvarado2006/Trabajo.js/EjerciciosFuncionesFlecha.js/ejercicio2.js.git?%7B%22path%22%3A%22%2Fhome%2Fcarlosjosuegarciaalvarado2006%2FTrabajo.js%2FEjerciciosFuncionesFlecha.js%2Fejercicio2.js%22%2C%22ref%22%3A%22%22%7D
2025-10-14 21:56:53.658 [info] > git check-ignore -v -z --stdin [8ms]
2025-10-14 21:56:54.222 [info] > git config --get commit.template [19ms]
2025-10-14 21:56:54.235 [info] > git for-each-ref --format=%(refname)%00%(upstream:short)%00%(objectname)%00%(upstream:track)%00%(upstream:remotename)%00%(upstream:remoteref) refs/heads/main refs/remotes/main [14ms]
2025-10-14 21:56:54.389 [info] > git status -z -uall [94ms]
2025-10-14 21:56:54.391 [info] > git for-each-ref --sort -committerdate --format %(refname)%00%(objectname)%00%(*objectname) [12ms]
2025-10-14 21:57:02.120 [info] > git check-ignore -v -z --stdin [22ms]
2025-10-14 21:57:02.472 [info] > git show --textconv :EjerciciosFuncionesFlecha.js/ejercicio3.js [54ms]
2025-10-14 21:57:02.482 [warning] [GitFileSystemProvider][readFile] File not found - git:/home/carlosjosuegarciaalvarado2006/Trabajo.js/EjerciciosFuncionesFlecha.js/ejercicio3.js.git?%7B%22path%22%3A%22%2Fhome%2Fcarlosjosuegarciaalvarado2006%2FTrabajo.js%2FEjerciciosFuncionesFlecha.js%2Fejercicio3.js%22%2C%22ref%22%3A%22%22%7D
2025-10-14 21:57:02.534 [info] > git ls-files --stage -- EjerciciosFuncionesFlecha.js/ejercicio3.js [88ms]
2025-10-14 21:57:02.535 [warning] [GitFileSystemProvider][stat] File not found - git:/home/carlosjosuegarciaalvarado2006/Trabajo.js/EjerciciosFuncionesFlecha.js/ejercicio3.js.git?%7B%22path%22%3A%22%2Fhome%2Fcarlosjosuegarciaalvarado2006%2FTrabajo.js%2FEjerciciosFuncionesFlecha.js%2Fejercicio3.js%22%2C%22ref%22%3A%22%22%7D
2025-10-14 21:57:02.738 [info] > git for-each-ref --format=%(refname)%00%(upstream:short)%00%(objectname)%00%(upstream:track)%00%(upstream:remotename)%00%(upstream:remoteref) refs/heads/main refs/remotes/main [19ms]
2025-10-14 21:57:02.739 [info] > git config --get commit.template [110ms]
2025-10-14 21:57:02.896 [info] > git status -z -uall [80ms]
2025-10-14 21:57:02.906 [info] > git for-each-ref --sort -committerdate --format %(refname)%00%(objectname)%00%(*objectname) [43ms]
2025-10-14 21:59:11.277 [info] > git log --format=%H%n%aN%n%aE%n%at%n%ct%n%P%n%D%n%B -z --shortstat --diff-merges=first-parent -n50 --skip=0 --topo-order --decorate=full --stdin [53ms]
2025-10-14 21:59:45.292 [info] > git config --get commit.template [14ms]
2025-10-14 21:59:45.328 [info] > git for-each-ref --format=%(refname)%00%(upstream:short)%00%(objectname)%00%(upstream:track)%00%(upstream:remotename)%00%(upstream:remoteref) refs/heads/main refs/remotes/main [13ms]
2025-10-14 21:59:45.469 [info] > git for-each-ref --sort -committerdate --format %(refname)%00%(objectname)%00%(*objectname) [42ms]
2025-10-14 21:59:45.485 [info] > git status -z -uall [93ms]
2025-10-14 22:00:10.883 [info] > git config --get commit.template [24ms]
2025-10-14 22:00:10.889 [info] > git for-each-ref --format=%(refname)%00%(upstream:short)%00%(objectname)%00%(upstream:track)%00%(upstream:remotename)%00%(upstream:remoteref) refs/heads/main refs/remotes/main [10ms]
2025-10-14 22:00:10.945 [info] > git status -z -uall [17ms]
2025-10-14 22:00:10.953 [info] > git for-each-ref --sort -committerdate --format %(refname)%00%(objectname)%00%(*objectname) [9ms]
2025-10-14 22:00:11.478 [info] > git show --textconv :EjerciciosFuncionesFlecha.js/ejercicio1.js [113ms]
2025-10-14 22:00:11.478 [info] > git show --textconv HEAD:EjerciciosFuncionesFlecha.js/ejercicio1.js [90ms]
2025-10-14 22:00:11.478 [info] > git ls-files --stage -- EjerciciosFuncionesFlecha.js/ejercicio1.js [51ms]
2025-10-14 22:00:11.496 [warning] [GitFileSystemProvider][readFile] File not found - git:/home/carlosjosuegarciaalvarado2006/Trabajo.js/EjerciciosFuncionesFlecha.js/ejercicio1.js.git?%7B%22path%22%3A%22%2Fhome%2Fcarlosjosuegarciaalvarado2006%2FTrabajo.js%2FEjerciciosFuncionesFlecha.js%2Fejercicio1.js%22%2C%22ref%22%3A%22HEAD%22%7D
2025-10-14 22:00:11.511 [info] > git cat-file -s e69de29bb2d1d6434b8b29ae775ad8c2e48c5391 [17ms]
2025-10-14 22:00:11.513 [info] > git ls-tree -l HEAD -- EjerciciosFuncionesFlecha.js/ejercicio1.js [43ms]
2025-10-14 22:00:11.521 [warning] [GitFileSystemProvider][stat] File not found - git:/home/carlosjosuegarciaalvarado2006/Trabajo.js/EjerciciosFuncionesFlecha.js/ejercicio1.js.git?%7B%22path%22%3A%22%2Fhome%2Fcarlosjosuegarciaalvarado2006%2FTrabajo.js%2FEjerciciosFuncionesFlecha.js%2Fejercicio1.js%22%2C%22ref%22%3A%22HEAD%22%7D
2025-10-14 22:00:11.641 [info] > git blame --root --incremental 9630042e83dc3b28da9dc60d11f03b2fec160c8d -- EjerciciosFuncionesFlecha.js/ejercicio1.js [20ms]
2025-10-14 22:00:11.641 [info] fatal: no such path EjerciciosFuncionesFlecha.js/ejercicio1.js in 9630042e83dc3b28da9dc60d11f03b2fec160c8d
2025-10-14 22:00:12.082 [info] > git ls-files --stage -- EjerciciosFuncionesFlecha.js/ejercicio1.js [6ms]
2025-10-14 22:00:12.114 [info] > git cat-file -s e69de29bb2d1d6434b8b29ae775ad8c2e48c5391 [14ms]
2025-10-14 22:00:12.141 [info] > git show --textconv :EjerciciosFuncionesFlecha.js/ejercicio1.js [4ms]
2025-10-14 22:00:22.407 [info] > git config --get commit.template [28ms]
2025-10-14 22:00:22.453 [info] > git for-each-ref --format=%(refname)%00%(upstream:short)%00%(objectname)%00%(upstream:track)%00%(upstream:remotename)%00%(upstream:remoteref) refs/heads/main refs/remotes/main [18ms]
2025-10-14 22:00:22.572 [info] > git status -z -uall [51ms]
2025-10-14 22:00:22.592 [info] > git for-each-ref --sort -committerdate --format %(refname)%00%(objectname)%00%(*objectname) [27ms]
2025-10-14 22:00:22.736 [info] > git merge-base refs/heads/main refs/remotes/origin/main [23ms]
2025-10-14 22:00:22.749 [info] > git blame --root --incremental 6af02e101a63c0ee0cd8a3522136fe5a09365847 -- EjerciciosFuncionesFlecha.js/ejercicio1.js [79ms]
2025-10-14 22:00:22.763 [info] > git diff --name-status -z --diff-filter=ADMR 9630042e83dc3b28da9dc60d11f03b2fec160c8d...refs/remotes/origin/main [15ms]
2025-10-14 22:00:22.812 [info] > git config --get commit.template [11ms]
2025-10-14 22:00:22.872 [info] > git for-each-ref --format=%(refname)%00%(upstream:short)%00%(objectname)%00%(upstream:track)%00%(upstream:remotename)%00%(upstream:remoteref) refs/heads/main refs/remotes/main [12ms]
2025-10-14 22:00:22.940 [info] > git status -z -uall [31ms]
2025-10-14 22:00:22.964 [info] > git for-each-ref --sort -committerdate --format %(refname)%00%(objectname)%00%(*objectname) [31ms]
2025-10-14 22:00:22.988 [info] > git ls-files --stage -- EjerciciosFuncionesFlecha.js/ejercicio1.js [27ms]
2025-10-14 22:00:23.016 [info] > git cat-file -s e69de29bb2d1d6434b8b29ae775ad8c2e48c5391 [7ms]
2025-10-14 22:00:23.072 [info] > git show --textconv :EjerciciosFuncionesFlecha.js/ejercicio1.js [13ms]
2025-10-14 22:02:17.824 [info] > git config --get commit.template [14ms]
2025-10-14 22:02:17.841 [info] [Git][getRemotes] No remotes found in the git config file
2025-10-14 22:02:17.849 [info] > git for-each-ref --format=%(refname)%00%(upstream:short)%00%(objectname)%00%(upstream:track)%00%(upstream:remotename)%00%(upstream:remoteref) refs/heads/main refs/remotes/main [9ms]
2025-10-14 22:02:17.905 [info] > git status -z -uall [34ms]
2025-10-14 22:02:17.927 [info] > git for-each-ref --sort -committerdate --format %(refname)%00%(objectname)%00%(*objectname) [25ms]
2025-10-14 22:02:17.951 [info] > git ls-files --stage -- EjerciciosFuncionesFlecha.js/ejercicio1.js [33ms]
2025-10-14 22:02:17.982 [info] > git cat-file -s e69de29bb2d1d6434b8b29ae775ad8c2e48c5391 [12ms]
2025-10-14 22:02:18.023 [info] > git show --textconv :EjerciciosFuncionesFlecha.js/ejercicio1.js [10ms]
2025-10-14 22:02:40.455 [info] > git ls-files --stage -- EjerciciosFuncionesFlecha.js/ejercicio1.js [40ms]
2025-10-14 22:02:40.478 [info] > git config --get commit.template [24ms]
2025-10-14 22:02:40.533 [info] > git cat-file -s e69de29bb2d1d6434b8b29ae775ad8c2e48c5391 [60ms]
2025-10-14 22:02:40.537 [info] > git for-each-ref --format=%(refname)%00%(upstream:short)%00%(objectname)%00%(upstream:track)%00%(upstream:remotename)%00%(upstream:remoteref) refs/heads/main refs/remotes/main [35ms]
2025-10-14 22:02:40.646 [info] > git status -z -uall [64ms]
2025-10-14 22:02:40.653 [info] > git for-each-ref --sort -committerdate --format %(refname)%00%(objectname)%00%(*objectname) [9ms]
2025-10-14 22:02:40.811 [info] > git show --textconv :EjerciciosFuncionesFlecha.js/ejercicio1.js [11ms]
2025-10-14 22:02:42.622 [info] > git config --get commit.template [41ms]
2025-10-14 22:02:42.627 [info] > git for-each-ref --format=%(refname)%00%(upstream:short)%00%(objectname)%00%(upstream:track)%00%(upstream:remotename)%00%(upstream:remoteref) refs/heads/main refs/remotes/main [10ms]
2025-10-14 22:02:42.687 [info] > git status -z -uall [31ms]
2025-10-14 22:02:42.694 [info] > git for-each-ref --sort -committerdate --format %(refname)%00%(objectname)%00%(*objectname) [10ms]
2025-10-14 22:02:43.682 [info] > git ls-files --stage -- EjerciciosFuncionesFlecha.js/ejercicio1.js [3ms]
2025-10-14 22:02:43.696 [info] > git cat-file -s e69de29bb2d1d6434b8b29ae775ad8c2e48c5391 [4ms]
2025-10-14 22:02:43.716 [info] > git show --textconv :EjerciciosFuncionesFlecha.js/ejercicio1.js [4ms]
2025-10-14 22:02:49.181 [info] > git config --get commit.template [5ms]
2025-10-14 22:02:49.213 [info] > git for-each-ref --format=%(refname)%00%(upstream:short)%00%(objectname)%00%(upstream:track)%00%(upstream:remotename)%00%(upstream:remoteref) refs/heads/main refs/remotes/main [10ms]
2025-10-14 22:02:49.268 [info] > git status -z -uall [31ms]
2025-10-14 22:02:49.285 [info] > git for-each-ref --sort -committerdate --format %(refname)%00%(objectname)%00%(*objectname) [17ms]
2025-10-14 22:02:54.048 [info] > git config --get commit.template [44ms]
2025-10-14 22:02:54.049 [info] > git for-each-ref --format=%(refname)%00%(upstream:short)%00%(objectname)%00%(upstream:track)%00%(upstream:remotename)%00%(upstream:remoteref) refs/heads/main refs/remotes/main [3ms]
2025-10-14 22:02:54.131 [info] > git status -z -uall [42ms]
2025-10-14 22:02:54.134 [info] > git for-each-ref --sort -committerdate --format %(refname)%00%(objectname)%00%(*objectname) [25ms]
2025-10-14 22:02:54.207 [info] > git merge-base refs/heads/main refs/remotes/origin/main [17ms]
2025-10-14 22:02:54.250 [info] > git diff --name-status -z --diff-filter=ADMR 6af02e101a63c0ee0cd8a3522136fe5a09365847...refs/remotes/origin/main [15ms]
2025-10-14 22:02:54.489 [info] > git config --get commit.template [66ms]
2025-10-14 22:02:54.501 [info] > git for-each-ref --format=%(refname)%00%(upstream:short)%00%(objectname)%00%(upstream:track)%00%(upstream:remotename)%00%(upstream:remoteref) refs/heads/main refs/remotes/main [26ms]
2025-10-14 22:02:54.680 [info] > git status -z -uall [87ms]
2025-10-14 22:02:54.682 [info] > git for-each-ref --sort -committerdate --format %(refname)%00%(objectname)%00%(*objectname) [15ms]
2025-10-14 22:02:54.700 [info] > git ls-files --stage -- EjerciciosFuncionesFlecha.js/ejercicio1.js [144ms]
2025-10-14 22:02:54.741 [info] > git cat-file -s e69de29bb2d1d6434b8b29ae775ad8c2e48c5391 [10ms]
2025-10-14 22:02:54.858 [info] > git show --textconv :EjerciciosFuncionesFlecha.js/ejercicio1.js [6ms]
2025-10-14 22:12:39.551 [info] > git config --get commit.template [5ms]
2025-10-14 22:12:39.575 [info] > git for-each-ref --format=%(refname)%00%(upstream:short)%00%(objectname)%00%(upstream:track)%00%(upstream:remotename)%00%(upstream:remoteref) refs/heads/main refs/remotes/main [8ms]
2025-10-14 22:12:39.626 [info] > git status -z -uall [27ms]
2025-10-14 22:12:39.633 [info] > git for-each-ref --sort -committerdate --format %(refname)%00%(objectname)%00%(*objectname) [9ms]
2025-10-14 22:13:45.260 [info] > git config --get commit.template [9ms]
2025-10-14 22:13:45.290 [info] > git for-each-ref --format=%(refname)%00%(upstream:short)%00%(objectname)%00%(upstream:track)%00%(upstream:remotename)%00%(upstream:remoteref) refs/heads/main refs/remotes/main [9ms]
2025-10-14 22:13:45.335 [info] > git status -z -uall [21ms]
2025-10-14 22:13:45.341 [info] > git for-each-ref --sort -committerdate --format %(refname)%00%(objectname)%00%(*objectname) [13ms]
2025-10-14 22:15:02.453 [info] > git config --get commit.template [5ms]
2025-10-14 22:15:02.469 [info] > git for-each-ref --format=%(refname)%00%(upstream:short)%00%(objectname)%00%(upstream:track)%00%(upstream:remotename)%00%(upstream:remoteref) refs/heads/main refs/remotes/main [5ms]
2025-10-14 22:15:02.503 [info] > git status -z -uall [20ms]
2025-10-14 22:15:02.506 [info] > git for-each-ref --sort -committerdate --format %(refname)%00%(objectname)%00%(*objectname) [4ms]
2025-10-14 22:15:17.360 [info] > git config --get commit.template [11ms]
2025-10-14 22:15:17.392 [info] > git for-each-ref --format=%(refname)%00%(upstream:short)%00%(objectname)%00%(upstream:track)%00%(upstream:remotename)%00%(upstream:remoteref) refs/heads/main refs/remotes/main [11ms]
2025-10-14 22:15:17.439 [info] > git status -z -uall [25ms]
2025-10-14 22:15:17.471 [info] > git for-each-ref --sort -committerdate --format %(refname)%00%(objectname)%00%(*objectname) [38ms]
2025-10-14 22:15:17.482 [info] > git ls-files --stage -- EjerciciosFuncionesFlecha.js/ejercicio1.js [15ms]
2025-10-14 22:15:17.496 [info] > git cat-file -s e69de29bb2d1d6434b8b29ae775ad8c2e48c5391 [4ms]
2025-10-14 22:15:17.512 [info] > git show --textconv :EjerciciosFuncionesFlecha.js/ejercicio1.js [3ms]
2025-10-14 22:15:54.236 [info] > git config --get commit.template [7ms]
2025-10-14 22:15:54.266 [info] > git ls-files --stage -- EjerciciosFuncionesFlecha.js/ejercicio1.js [18ms]
2025-10-14 22:15:54.296 [info] > git for-each-ref --format=%(refname)%00%(upstream:short)%00%(objectname)%00%(upstream:track)%00%(upstream:remotename)%00%(upstream:remoteref) refs/heads/main refs/remotes/main [35ms]
2025-10-14 22:15:54.299 [info] > git cat-file -s e69de29bb2d1d6434b8b29ae775ad8c2e48c5391 [17ms]
2025-10-14 22:15:54.449 [info] > git status -z -uall [126ms]
2025-10-14 22:15:54.449 [info] > git for-each-ref --sort -committerdate --format %(refname)%00%(objectname)%00%(*objectname) [78ms]
2025-10-14 22:15:54.462 [info] > git show --textconv :EjerciciosFuncionesFlecha.js/ejercicio1.js [18ms]
2025-10-14 22:17:18.206 [info] > git config --get commit.template [19ms]
2025-10-14 22:17:18.256 [info] > git for-each-ref --format=%(refname)%00%(upstream:short)%00%(objectname)%00%(upstream:track)%00%(upstream:remotename)%00%(upstream:remoteref) refs/heads/main refs/remotes/main [17ms]
2025-10-14 22:17:18.388 [info] > git status -z -uall [86ms]
2025-10-14 22:17:18.389 [info] > git for-each-ref --sort -committerdate --format %(refname)%00%(objectname)%00%(*objectname) [23ms]
2025-10-14 22:17:19.146 [info] > git config --get commit.template [7ms]
2025-10-14 22:17:19.167 [info] > git for-each-ref --format=%(refname)%00%(upstream:short)%00%(objectname)%00%(upstream:track)%00%(upstream:remotename)%00%(upstream:remoteref) refs/heads/main refs/remotes/main [10ms]
2025-10-14 22:17:19.212 [info] > git status -z -uall [28ms]
2025-10-14 22:17:19.220 [info] > git for-each-ref --sort -committerdate --format %(refname)%00%(objectname)%00%(*objectname) [18ms]
2025-10-14 22:17:19.262 [info] > git ls-files --stage -- EjerciciosFuncionesFlecha.js/ejercicio1.js [8ms]
2025-10-14 22:17:19.275 [info] > git cat-file -s e69de29bb2d1d6434b8b29ae775ad8c2e48c5391 [4ms]
2025-10-14 22:17:19.294 [info] > git show --textconv :EjerciciosFuncionesFlecha.js/ejercicio1.js [5ms]
2025-10-14 22:18:35.380 [info] > git show --textconv :EjerciciosFuncionesFlecha.js/ejercicio2.js [30ms]
2025-10-14 22:18:35.389 [info] > git ls-files --stage -- EjerciciosFuncionesFlecha.js/ejercicio2.js [11ms]
2025-10-14 22:18:35.426 [info] > git cat-file -s e69de29bb2d1d6434b8b29ae775ad8c2e48c5391 [10ms]
2025-10-14 22:18:35.515 [info] > git blame --root --incremental 6af02e101a63c0ee0cd8a3522136fe5a09365847 -- EjerciciosFuncionesFlecha.js/ejercicio2.js [12ms]
2025-10-14 22:18:38.540 [info] > git show --textconv :EjerciciosFuncionesFlecha.js/ejercicio3.js [63ms]
2025-10-14 22:18:38.540 [info] > git ls-files --stage -- EjerciciosFuncionesFlecha.js/ejercicio3.js [9ms]
2025-10-14 22:18:38.579 [info] > git cat-file -s e69de29bb2d1d6434b8b29ae775ad8c2e48c5391 [13ms]
2025-10-14 22:18:38.881 [info] > git blame --root --incremental 6af02e101a63c0ee0cd8a3522136fe5a09365847 -- EjerciciosFuncionesFlecha.js/ejercicio3.js [13ms]
2025-10-14 22:18:44.291 [info] > git config --get commit.template [57ms]
2025-10-14 22:18:44.300 [info] > git for-each-ref --format=%(refname)%00%(upstream:short)%00%(objectname)%00%(upstream:track)%00%(upstream:remotename)%00%(upstream:remoteref) refs/heads/main refs/remotes/main [12ms]
2025-10-14 22:18:44.367 [info] > git status -z -uall [30ms]
2025-10-14 22:18:44.372 [info] > git for-each-ref --sort -committerdate --format %(refname)%00%(objectname)%00%(*objectname) [14ms]
2025-10-14 22:19:14.345 [info] > git config --get commit.template [18ms]
2025-10-14 22:19:14.370 [info] > git for-each-ref --format=%(refname)%00%(upstream:short)%00%(objectname)%00%(upstream:track)%00%(upstream:remotename)%00%(upstream:remoteref) refs/heads/main refs/remotes/main [11ms]
2025-10-14 22:19:14.457 [info] > git for-each-ref --sort -committerdate --format %(refname)%00%(objectname)%00%(*objectname) [9ms]
2025-10-14 22:19:14.461 [info] > git status -z -uall [43ms]
2025-10-14 22:19:20.964 [info] > git show --textconv :EjerciciosFuncionesFlecha.js/ejercicio1.js [72ms]
2025-10-14 22:19:20.979 [info] > git ls-files --stage -- EjerciciosFuncionesFlecha.js/ejercicio1.js [27ms]
2025-10-14 22:19:21.036 [info] > git cat-file -s e69de29bb2d1d6434b8b29ae775ad8c2e48c5391 [16ms]
2025-10-14 22:19:23.369 [info] > git show --textconv :EjerciciosFuncionesFlecha.js/ejercicio2.js [23ms]
2025-10-14 22:19:23.375 [info] > git ls-files --stage -- EjerciciosFuncionesFlecha.js/ejercicio2.js [15ms]
2025-10-14 22:19:23.397 [info] > git cat-file -s e69de29bb2d1d6434b8b29ae775ad8c2e48c5391 [6ms]
2025-10-14 22:19:26.503 [info] > git show --textconv :EjerciciosFuncionesFlecha.js/ejercicio3.js [32ms]
2025-10-14 22:19:26.503 [info] > git ls-files --stage -- EjerciciosFuncionesFlecha.js/ejercicio3.js [11ms]
2025-10-14 22:19:26.528 [info] > git cat-file -s e69de29bb2d1d6434b8b29ae775ad8c2e48c5391 [13ms]
2025-10-14 22:20:10.032 [info] > git config --get commit.template [10ms]
2025-10-14 22:20:10.069 [info] > git for-each-ref --format=%(refname)%00%(upstream:short)%00%(objectname)%00%(upstream:track)%00%(upstream:remotename)%00%(upstream:remoteref) refs/heads/main refs/remotes/main [10ms]
2025-10-14 22:20:10.105 [info] > git status -z -uall [17ms]
2025-10-14 22:20:10.108 [info] > git for-each-ref --sort -committerdate --format %(refname)%00%(objectname)%00%(*objectname) [4ms]
2025-10-14 22:20:10.490 [info] > git show --textconv HEAD:EjerciciosFuncionesFlecha.js/ejercicio3.js [26ms]
2025-10-14 22:20:10.494 [info] > git ls-tree -l HEAD -- EjerciciosFuncionesFlecha.js/ejercicio3.js [6ms]
2025-10-14 22:20:11.234 [info] > git ls-files --stage -- EjerciciosFuncionesFlecha.js/ejercicio3.js [35ms]
2025-10-14 22:20:11.261 [info] > git ls-tree -l HEAD -- EjerciciosFuncionesFlecha.js/ejercicio3.js [35ms]
2025-10-14 22:20:11.266 [info] > git cat-file -s a9643de8f5509ac4066013818edb7abe8fe822d2 [15ms]
2025-10-14 22:20:11.305 [info] > git show --textconv HEAD:EjerciciosFuncionesFlecha.js/ejercicio3.js [16ms]
2025-10-14 22:20:11.305 [info] > git show --textconv :EjerciciosFuncionesFlecha.js/ejercicio3.js [3ms]
2025-10-14 22:20:19.797 [info] > git config --get commit.template [6ms]
2025-10-14 22:20:19.837 [info] > git for-each-ref --format=%(refname)%00%(upstream:short)%00%(objectname)%00%(upstream:track)%00%(upstream:remotename)%00%(upstream:remoteref) refs/heads/main refs/remotes/main [10ms]
2025-10-14 22:20:19.877 [info] > git status -z -uall [26ms]
2025-10-14 22:20:19.883 [info] > git for-each-ref --sort -committerdate --format %(refname)%00%(objectname)%00%(*objectname) [13ms]
2025-10-14 22:20:19.925 [info] > git blame --root --incremental 95d6fd9cde4ec328c2cd4c1605a33ebbbf9bc85b -- EjerciciosFuncionesFlecha.js/ejercicio3.js [23ms]
2025-10-14 22:20:19.929 [info] > git merge-base refs/heads/main refs/remotes/origin/main [12ms]
2025-10-14 22:20:19.949 [info] > git diff --name-status -z --diff-filter=ADMR 6af02e101a63c0ee0cd8a3522136fe5a09365847...refs/remotes/origin/main [6ms]
2025-10-14 22:20:26.016 [info] > git config --get commit.template [28ms]
2025-10-14 22:20:26.120 [info] > git ls-files --stage -- EjerciciosFuncionesFlecha.js/ejercicio3.js [48ms]
2025-10-14 22:20:26.154 [info] > git for-each-ref --format=%(refname)%00%(upstream:short)%00%(objectname)%00%(upstream:track)%00%(upstream:remotename)%00%(upstream:remoteref) refs/heads/main refs/remotes/main [47ms]
2025-10-14 22:20:26.155 [info] > git cat-file -s a9643de8f5509ac4066013818edb7abe8fe822d2 [11ms]
2025-10-14 22:20:26.231 [info] > git status -z -uall [26ms]
2025-10-14 22:20:26.239 [info] > git for-each-ref --sort -committerdate --format %(refname)%00%(objectname)%00%(*objectname) [13ms]
2025-10-14 22:20:26.348 [info] > git show --textconv :EjerciciosFuncionesFlecha.js/ejercicio3.js [15ms]
2025-10-14 22:20:29.652 [info] > git config --get commit.template [11ms]
2025-10-14 22:20:29.686 [info] > git for-each-ref --format=%(refname)%00%(upstream:short)%00%(objectname)%00%(upstream:track)%00%(upstream:remotename)%00%(upstream:remoteref) refs/heads/main refs/remotes/main [15ms]
2025-10-14 22:20:29.719 [info] > git status -z -uall [21ms]
2025-10-14 22:20:29.724 [info] > git for-each-ref --sort -committerdate --format %(refname)%00%(objectname)%00%(*objectname) [6ms]
2025-10-14 22:20:29.750 [info] > git merge-base refs/heads/main refs/remotes/origin/main [10ms]
2025-10-14 22:20:29.768 [info] > git diff --name-status -z --diff-filter=ADMR 95d6fd9cde4ec328c2cd4c1605a33ebbbf9bc85b...refs/remotes/origin/main [4ms]
2025-10-14 22:20:30.828 [info] > git ls-files --stage -- EjerciciosFuncionesFlecha.js/ejercicio3.js [9ms]
2025-10-14 22:20:30.861 [info] > git cat-file -s a9643de8f5509ac4066013818edb7abe8fe822d2 [14ms]
2025-10-14 22:20:30.880 [info] > git show --textconv :EjerciciosFuncionesFlecha.js/ejercicio3.js [3ms]
