2025-11-14 21:57:32.067 [info] Reading sessions from keychain...
2025-11-14 21:57:32.067 [info] Getting sessions for all scopes...
2025-11-14 21:57:32.067 [info] Got stored sessions!
2025-11-14 21:57:32.067 [info] Got 1 verified sessions.
2025-11-14 21:57:32.067 [info] Got 1 sessions for ...
2025-11-14 21:57:32.067 [info] Getting sessions for all scopes...
2025-11-14 21:57:32.067 [info] Got 1 sessions for ...
2025-11-14 21:57:32.067 [info] Getting sessions for all scopes...
2025-11-14 21:57:32.067 [info] Got 1 sessions for ...
2025-11-14 21:57:32.067 [info] Getting sessions for all scopes...
2025-11-14 21:57:32.067 [info] Got 1 sessions for ...
2025-11-14 21:57:32.067 [info] Getting sessions for all scopes...
2025-11-14 21:57:32.067 [info] Got 1 sessions for ...
2025-11-14 21:57:32.067 [info] Getting sessions for all scopes...
2025-11-14 21:57:32.067 [info] Got 1 sessions for ...
2025-11-14 21:57:32.067 [info] Getting sessions for all scopes...
2025-11-14 21:57:32.067 [info] Got 1 sessions for ...
2025-11-14 21:57:39.101 [info] Getting sessions for all scopes...
2025-11-14 21:57:39.101 [info] Got 1 sessions for ...
2025-11-14 21:57:39.112 [info] Getting sessions for all scopes...
2025-11-14 21:57:39.112 [info] Got 1 sessions for ...
2025-11-14 21:57:39.114 [info] Getting sessions for all scopes...
2025-11-14 21:57:39.114 [info] Got 1 sessions for ...
2025-11-14 21:57:39.125 [info] Getting sessions for all scopes...
2025-11-14 21:57:39.125 [info] Got 1 sessions for ...
2025-11-14 21:57:39.128 [info] Getting sessions for all scopes...
2025-11-14 21:57:39.128 [info] Got 1 sessions for ...
2025-11-14 21:57:39.131 [info] Getting sessions for all scopes...
2025-11-14 21:57:39.131 [info] Got 1 sessions for ...
2025-11-14 21:57:54.418 [info] Getting sessions for all scopes...
2025-11-14 21:57:54.424 [info] Got 1 sessions for ...
2025-11-14 21:57:59.088 [info] Getting sessions for read:user,repo,user:email,workflow...
2025-11-14 21:57:59.105 [info] Got 1 sessions for read:user,repo,user:email,workflow...
2025-11-14 21:58:11.226 [info] Getting sessions for all scopes...
2025-11-14 21:58:11.226 [info] Got 1 sessions for ...
2025-11-14 21:58:18.636 [info] Getting sessions for all scopes...
2025-11-14 21:58:18.636 [info] Got 1 sessions for ...
2025-11-14 21:58:18.649 [info] Getting sessions for all scopes...
2025-11-14 21:58:18.649 [info] Got 1 sessions for ...
2025-11-14 21:58:18.662 [info] Getting sessions for all scopes...
2025-11-14 21:58:18.662 [info] Got 1 sessions for ...
2025-11-14 22:16:55.257 [info] Getting sessions for read:user,repo,user:email,workflow...
2025-11-14 22:16:55.258 [info] Got 1 sessions for read:user,repo,user:email,workflow...
