2025-09-18 21:32:17.761 [info] [main] Log level: Info
2025-09-18 21:32:17.761 [info] [main] Validating found git in: "git"
2025-09-18 21:32:17.761 [info] [main] Using git "2.39.5" from "git"
2025-09-18 21:32:17.761 [info] [Model][doInitialScan] Initial repository scan started
2025-09-18 21:32:17.761 [info] > git rev-parse --show-toplevel [945ms]
2025-09-18 21:32:17.761 [info] > git rev-parse --git-dir --git-common-dir --show-superproject-working-tree [442ms]
2025-09-18 21:32:17.761 [info] [Model][openRepository] Opened repository (path): /home/carlosjosuegarciaalvarado2006/Trabajo.js
2025-09-18 21:32:17.761 [info] [Model][openRepository] Opened repository (real path): /home/carlosjosuegarciaalvarado2006/Trabajo.js
2025-09-18 21:32:17.761 [info] [Model][openRepository] Opened repository (kind): repository
2025-09-18 21:32:17.761 [info] [Model][doInitialScan] Initial repository scan completed - repositories (1), closed repositories (0), parent repositories (0), unsafe repositories (0)
2025-09-18 21:32:19.726 [info] > git config --get commit.template [1819ms]
2025-09-18 21:32:20.306 [info] > git for-each-ref --format=%(refname)%00%(upstream:short)%00%(objectname)%00%(upstream:track)%00%(upstream:remotename)%00%(upstream:remoteref) refs/heads/main refs/remotes/main [162ms]
2025-09-18 21:32:22.556 [info] > git check-ignore -v -z --stdin [1881ms]
2025-09-18 21:32:23.277 [info] > git status -z -uall [176ms]
2025-09-18 21:32:23.278 [info] > git for-each-ref --sort -committerdate --format %(refname)%00%(objectname)%00%(*objectname) [44ms]
2025-09-18 21:32:23.917 [info] > git config --get commit.template [92ms]
2025-09-18 21:32:23.917 [info] > git for-each-ref --format=%(refname)%00%(upstream:short)%00%(objectname)%00%(upstream:track)%00%(upstream:remotename)%00%(upstream:remoteref) refs/heads/main refs/remotes/main [226ms]
2025-09-18 21:32:24.283 [info] > git config --get --local branch.main.vscode-merge-base [261ms]
2025-09-18 21:32:24.292 [warning] [Git][config] git config failed: Failed to execute git
2025-09-18 21:32:24.763 [info] > git show --textconv :ejercicio 1.js [209ms]
2025-09-18 21:32:24.772 [info] > git reflog main --grep-reflog=branch: Created from *. [306ms]
2025-09-18 21:32:24.886 [info] > git for-each-ref --format=%(refname)%00%(upstream:short)%00%(objectname)%00%(upstream:track)%00%(upstream:remotename)%00%(upstream:remoteref) refs/heads/main refs/remotes/main [607ms]
2025-09-18 21:32:25.135 [info] > git symbolic-ref --short refs/remotes/origin/HEAD [265ms]
2025-09-18 21:32:25.135 [info] fatal: ref refs/remotes/origin/HEAD is not a symbolic ref
2025-09-18 21:32:25.135 [warning] [Repository][getDefaultBranch] Failed to get default branch details: Failed to execute git.
2025-09-18 21:32:25.177 [info] > git ls-files --stage -- ejercicio 1.js [533ms]
2025-09-18 21:32:25.366 [info] > git cat-file -s 52e54303b99c61ef789354149b3c8a6f286e0ddd [148ms]
2025-09-18 21:32:25.420 [info] > git merge-base refs/heads/main refs/remotes/origin/main [251ms]
2025-09-18 21:32:25.962 [info] > git status -z -uall [104ms]
2025-09-18 21:32:25.962 [info] > git diff --name-status -z --diff-filter=ADMR 9630042e83dc3b28da9dc60d11f03b2fec160c8d...refs/remotes/origin/main [346ms]
2025-09-18 21:32:26.143 [info] > git for-each-ref --sort -committerdate --format %(refname)%00%(objectname)%00%(*objectname) [207ms]
2025-09-18 21:32:26.775 [info] > git blame --root --incremental 9630042e83dc3b28da9dc60d11f03b2fec160c8d -- ejercicio 1.js [155ms]
2025-09-18 21:33:34.441 [info] > git show --textconv :ejercicio 1.js [145ms]
2025-09-18 21:33:34.454 [info] > git ls-files --stage -- ejercicio 1.js [29ms]
2025-09-18 21:33:34.505 [info] > git cat-file -s 52e54303b99c61ef789354149b3c8a6f286e0ddd [20ms]
2025-09-18 21:33:43.232 [info] > git log --format=%H%n%aN%n%aE%n%at%n%ct%n%P%n%D%n%B -z --shortstat --diff-merges=first-parent -n50 --skip=0 --topo-order --decorate=full --stdin [22ms]
2025-09-18 21:33:48.769 [info] > git check-ignore -v -z --stdin [19ms]
2025-09-18 21:40:05.108 [info] > git rev-parse --show-toplevel [52ms]
2025-09-18 21:40:06.464 [info] > git rev-parse --git-dir --git-common-dir --show-superproject-working-tree [1287ms]
2025-09-18 21:40:06.532 [info] [Model][openRepository] Opened repository (path): /home/carlosjosuegarciaalvarado2006
2025-09-18 21:40:06.532 [info] [Model][openRepository] Opened repository (real path): /home/carlosjosuegarciaalvarado2006
2025-09-18 21:40:06.532 [info] [Model][openRepository] Opened repository (kind): repository
2025-09-18 21:40:06.598 [info] > git config --get commit.template [12ms]
2025-09-18 21:40:06.897 [info] > git for-each-ref --format=%(refname)%00%(upstream:short)%00%(objectname)%00%(upstream:track)%00%(upstream:remotename)%00%(upstream:remoteref) refs/heads/main refs/remotes/main [253ms]
2025-09-18 21:40:06.976 [info] > git for-each-ref --sort -committerdate --format %(refname)%00%(objectname)%00%(*objectname) [16ms]
2025-09-18 21:40:07.351 [info] > git check-ignore -v -z --stdin [180ms]
2025-09-18 21:40:07.586 [info] > git status -z -uall [659ms]
2025-09-18 21:40:08.666 [info] > git for-each-ref --format=%(refname)%00%(upstream:short)%00%(objectname)%00%(upstream:track)%00%(upstream:remotename)%00%(upstream:remoteref) refs/heads/main refs/remotes/main [1032ms]
2025-09-18 21:40:08.956 [info] > git config --get --local branch.main.vscode-merge-base [197ms]
2025-09-18 21:40:08.956 [warning] [Git][config] git config failed: Failed to execute git
2025-09-18 21:40:08.998 [info] > git config --get commit.template [339ms]
2025-09-18 21:40:09.084 [info] > git reflog main --grep-reflog=branch: Created from *. [87ms]
2025-09-18 21:40:09.196 [info] > git symbolic-ref --short refs/remotes/origin/HEAD [19ms]
2025-09-18 21:40:09.196 [info] fatal: ref refs/remotes/origin/HEAD is not a symbolic ref
2025-09-18 21:40:09.196 [warning] [Repository][getDefaultBranch] Failed to get default branch details: Failed to execute git.
2025-09-18 21:40:09.524 [info] > git for-each-ref --format=%(refname)%00%(upstream:short)%00%(objectname)%00%(upstream:track)%00%(upstream:remotename)%00%(upstream:remoteref) refs/heads/main refs/remotes/main [480ms]
2025-09-18 21:40:09.756 [info] > git merge-base refs/heads/main refs/remotes/origin/main [387ms]
2025-09-18 21:40:10.430 [info] > git diff --name-status -z --diff-filter=ADMR 86ac0450c211b5611472cc7461f3d3da9d282759...refs/remotes/origin/main [623ms]
2025-09-18 21:40:10.511 [info] > git for-each-ref --sort -committerdate --format %(refname)%00%(objectname)%00%(*objectname) [11ms]
2025-09-18 21:40:10.671 [info] > git status -z -uall [202ms]
2025-09-18 21:40:16.568 [info] > git config --get commit.template [10ms]
2025-09-18 21:40:16.641 [info] > git for-each-ref --format=%(refname)%00%(upstream:short)%00%(objectname)%00%(upstream:track)%00%(upstream:remotename)%00%(upstream:remoteref) refs/heads/main refs/remotes/main [38ms]
2025-09-18 21:40:17.002 [info] > git for-each-ref --sort -committerdate --format %(refname)%00%(objectname)%00%(*objectname) [163ms]
2025-09-18 21:40:17.032 [info] > git status -z -uall [267ms]
2025-09-18 21:40:18.433 [info] > git check-ignore -v -z --stdin [32ms]
2025-09-18 21:40:29.394 [info] > git config --get commit.template [8ms]
2025-09-18 21:40:29.420 [info] > git for-each-ref --format=%(refname)%00%(upstream:short)%00%(objectname)%00%(upstream:track)%00%(upstream:remotename)%00%(upstream:remoteref) refs/heads/main refs/remotes/main [6ms]
2025-09-18 21:40:29.465 [info] > git for-each-ref --sort -committerdate --format %(refname)%00%(objectname)%00%(*objectname) [9ms]
2025-09-18 21:40:29.577 [info] > git status -z -uall [144ms]
2025-09-18 21:40:30.772 [info] > git show --textconv :anidados.js/Untitled-5.md [53ms]
2025-09-18 21:40:30.772 [info] > git ls-files --stage -- anidados.js/Untitled-5.md [18ms]
2025-09-18 21:40:31.075 [info] > git hash-object -t tree /dev/null [123ms]
2025-09-18 21:40:31.076 [warning] [GitFileSystemProvider][readFile] File not found - git:/home/carlosjosuegarciaalvarado2006/anidados.js/Untitled-5.md.git?%7B%22path%22%3A%22%2Fhome%2Fcarlosjosuegarciaalvarado2006%2Fanidados.js%2FUntitled-5.md%22%2C%22ref%22%3A%22%22%7D
2025-09-18 21:40:31.079 [info] > git hash-object -t tree /dev/null [260ms]
2025-09-18 21:40:31.084 [warning] [GitFileSystemProvider][stat] File not found - git:/home/carlosjosuegarciaalvarado2006/anidados.js/Untitled-5.md.git?%7B%22path%22%3A%22%2Fhome%2Fcarlosjosuegarciaalvarado2006%2Fanidados.js%2FUntitled-5.md%22%2C%22ref%22%3A%22%22%7D
2025-09-18 21:40:31.118 [info] > git check-ignore -v -z --stdin [57ms]
2025-09-18 21:40:31.222 [info] > git blame --root --incremental 86ac0450c211b5611472cc7461f3d3da9d282759 -- anidados.js/Untitled-5.md [30ms]
2025-09-18 21:40:31.222 [info] fatal: no such path anidados.js/Untitled-5.md in 86ac0450c211b5611472cc7461f3d3da9d282759
2025-09-18 21:40:34.635 [info] > git config --get commit.template [7ms]
2025-09-18 21:40:34.684 [info] > git for-each-ref --format=%(refname)%00%(upstream:short)%00%(objectname)%00%(upstream:track)%00%(upstream:remotename)%00%(upstream:remoteref) refs/heads/main refs/remotes/main [20ms]
2025-09-18 21:40:34.757 [info] > git for-each-ref --sort -committerdate --format %(refname)%00%(objectname)%00%(*objectname) [22ms]
2025-09-18 21:40:34.883 [info] > git status -z -uall [170ms]
2025-09-18 21:40:40.014 [info] > git config --get commit.template [15ms]
2025-09-18 21:40:40.063 [info] > git for-each-ref --format=%(refname)%00%(upstream:short)%00%(objectname)%00%(upstream:track)%00%(upstream:remotename)%00%(upstream:remoteref) refs/heads/main refs/remotes/main [13ms]
2025-09-18 21:40:40.165 [info] > git for-each-ref --sort -committerdate --format %(refname)%00%(objectname)%00%(*objectname) [30ms]
2025-09-18 21:40:40.236 [info] > git status -z -uall [143ms]
2025-09-18 21:40:45.318 [info] > git config --get commit.template [2ms]
2025-09-18 21:40:45.370 [info] > git for-each-ref --format=%(refname)%00%(upstream:short)%00%(objectname)%00%(upstream:track)%00%(upstream:remotename)%00%(upstream:remoteref) refs/heads/main refs/remotes/main [20ms]
2025-09-18 21:40:45.578 [info] > git for-each-ref --sort -committerdate --format %(refname)%00%(objectname)%00%(*objectname) [59ms]
2025-09-18 21:40:45.757 [info] > git status -z -uall [313ms]
2025-09-18 21:41:02.305 [info] > git config --get commit.template [110ms]
2025-09-18 21:41:02.323 [info] > git for-each-ref --format=%(refname)%00%(upstream:short)%00%(objectname)%00%(upstream:track)%00%(upstream:remotename)%00%(upstream:remoteref) refs/heads/main refs/remotes/main [44ms]
2025-09-18 21:41:02.468 [info] > git for-each-ref --sort -committerdate --format %(refname)%00%(objectname)%00%(*objectname) [38ms]
2025-09-18 21:41:02.797 [info] > git status -z -uall [447ms]
2025-09-18 21:41:07.944 [info] > git config --get commit.template [17ms]
2025-09-18 21:41:07.998 [info] > git for-each-ref --format=%(refname)%00%(upstream:short)%00%(objectname)%00%(upstream:track)%00%(upstream:remotename)%00%(upstream:remoteref) refs/heads/main refs/remotes/main [18ms]
2025-09-18 21:41:08.163 [info] > git for-each-ref --sort -committerdate --format %(refname)%00%(objectname)%00%(*objectname) [36ms]
2025-09-18 21:41:08.276 [info] > git status -z -uall [225ms]
2025-09-18 21:41:18.492 [info] > git config --get commit.template [4ms]
2025-09-18 21:41:18.506 [info] > git for-each-ref --format=%(refname)%00%(upstream:short)%00%(objectname)%00%(upstream:track)%00%(upstream:remotename)%00%(upstream:remoteref) refs/heads/main refs/remotes/main [4ms]
2025-09-18 21:41:18.542 [info] > git for-each-ref --sort -committerdate --format %(refname)%00%(objectname)%00%(*objectname) [7ms]
2025-09-18 21:41:18.580 [info] > git status -z -uall [62ms]
2025-09-18 21:41:23.972 [info] > git config --get commit.template [86ms]
2025-09-18 21:41:24.087 [info] > git for-each-ref --format=%(refname)%00%(upstream:short)%00%(objectname)%00%(upstream:track)%00%(upstream:remotename)%00%(upstream:remoteref) refs/heads/main refs/remotes/main [28ms]
2025-09-18 21:41:24.273 [info] > git for-each-ref --sort -committerdate --format %(refname)%00%(objectname)%00%(*objectname) [15ms]
2025-09-18 21:41:24.385 [info] > git status -z -uall [180ms]
2025-09-18 21:41:29.492 [info] > git config --get commit.template [20ms]
2025-09-18 21:41:29.541 [info] > git for-each-ref --format=%(refname)%00%(upstream:short)%00%(objectname)%00%(upstream:track)%00%(upstream:remotename)%00%(upstream:remoteref) refs/heads/main refs/remotes/main [19ms]
2025-09-18 21:41:29.628 [info] > git for-each-ref --sort -committerdate --format %(refname)%00%(objectname)%00%(*objectname) [19ms]
2025-09-18 21:41:29.734 [info] > git status -z -uall [163ms]
2025-09-18 21:41:34.865 [info] > git config --get commit.template [50ms]
2025-09-18 21:41:34.869 [info] > git for-each-ref --format=%(refname)%00%(upstream:short)%00%(objectname)%00%(upstream:track)%00%(upstream:remotename)%00%(upstream:remoteref) refs/heads/main refs/remotes/main [14ms]
2025-09-18 21:41:34.922 [info] > git for-each-ref --sort -committerdate --format %(refname)%00%(objectname)%00%(*objectname) [15ms]
2025-09-18 21:41:35.036 [info] > git status -z -uall [155ms]
2025-09-18 21:41:40.371 [info] > git config --get commit.template [53ms]
2025-09-18 21:41:40.390 [info] > git for-each-ref --format=%(refname)%00%(upstream:short)%00%(objectname)%00%(upstream:track)%00%(upstream:remotename)%00%(upstream:remoteref) refs/heads/main refs/remotes/main [28ms]
2025-09-18 21:41:40.543 [info] > git for-each-ref --sort -committerdate --format %(refname)%00%(objectname)%00%(*objectname) [55ms]
2025-09-18 21:41:40.980 [info] > git status -z -uall [557ms]
2025-09-18 21:41:49.085 [info] > git config --get commit.template [53ms]
2025-09-18 21:41:49.120 [info] > git for-each-ref --format=%(refname)%00%(upstream:short)%00%(objectname)%00%(upstream:track)%00%(upstream:remotename)%00%(upstream:remoteref) refs/heads/main refs/remotes/main [11ms]
2025-09-18 21:41:49.184 [info] > git for-each-ref --sort -committerdate --format %(refname)%00%(objectname)%00%(*objectname) [19ms]
2025-09-18 21:41:49.312 [info] > git status -z -uall [174ms]
2025-09-18 21:41:54.459 [info] > git config --get commit.template [53ms]
2025-09-18 21:41:54.479 [info] > git for-each-ref --format=%(refname)%00%(upstream:short)%00%(objectname)%00%(upstream:track)%00%(upstream:remotename)%00%(upstream:remoteref) refs/heads/main refs/remotes/main [22ms]
2025-09-18 21:41:54.567 [info] > git for-each-ref --sort -committerdate --format %(refname)%00%(objectname)%00%(*objectname) [9ms]
2025-09-18 21:41:54.708 [info] > git status -z -uall [183ms]
2025-09-18 21:41:59.838 [info] > git config --get commit.template [84ms]
2025-09-18 21:41:59.851 [info] > git for-each-ref --format=%(refname)%00%(upstream:short)%00%(objectname)%00%(upstream:track)%00%(upstream:remotename)%00%(upstream:remoteref) refs/heads/main refs/remotes/main [14ms]
2025-09-18 21:41:59.943 [info] > git for-each-ref --sort -committerdate --format %(refname)%00%(objectname)%00%(*objectname) [6ms]
2025-09-18 21:41:59.987 [info] > git status -z -uall [82ms]
2025-09-18 21:42:05.021 [info] > git config --get commit.template [10ms]
2025-09-18 21:42:05.038 [info] > git for-each-ref --format=%(refname)%00%(upstream:short)%00%(objectname)%00%(upstream:track)%00%(upstream:remotename)%00%(upstream:remoteref) refs/heads/main refs/remotes/main [2ms]
2025-09-18 21:42:05.079 [info] > git for-each-ref --sort -committerdate --format %(refname)%00%(objectname)%00%(*objectname) [5ms]
2025-09-18 21:42:05.106 [info] > git status -z -uall [46ms]
2025-09-18 21:42:12.191 [info] > git config --get commit.template [105ms]
2025-09-18 21:42:12.849 [info] > git for-each-ref --format=%(refname)%00%(upstream:short)%00%(objectname)%00%(upstream:track)%00%(upstream:remotename)%00%(upstream:remoteref) refs/heads/main refs/remotes/main [337ms]
2025-09-18 21:42:13.341 [info] > git for-each-ref --sort -committerdate --format %(refname)%00%(objectname)%00%(*objectname) [63ms]
2025-09-18 21:42:14.320 [info] > git status -z -uall [1327ms]
2025-09-18 21:42:30.218 [info] > git config --get commit.template [19ms]
2025-09-18 21:42:30.273 [info] > git for-each-ref --format=%(refname)%00%(upstream:short)%00%(objectname)%00%(upstream:track)%00%(upstream:remotename)%00%(upstream:remoteref) refs/heads/main refs/remotes/main [10ms]
2025-09-18 21:42:30.409 [info] > git for-each-ref --sort -committerdate --format %(refname)%00%(objectname)%00%(*objectname) [10ms]
2025-09-18 21:42:30.544 [info] > git status -z -uall [205ms]
2025-09-18 21:42:35.689 [info] > git config --get commit.template [2ms]
2025-09-18 21:42:35.716 [info] > git for-each-ref --format=%(refname)%00%(upstream:short)%00%(objectname)%00%(upstream:track)%00%(upstream:remotename)%00%(upstream:remoteref) refs/heads/main refs/remotes/main [10ms]
2025-09-18 21:42:35.744 [info] > git for-each-ref --sort -committerdate --format %(refname)%00%(objectname)%00%(*objectname) [5ms]
2025-09-18 21:42:35.808 [info] > git status -z -uall [82ms]
2025-09-18 21:42:37.624 [info] > git for-each-ref --format=%(refname)%00%(upstream:short)%00%(objectname)%00%(upstream:track)%00%(upstream:remotename)%00%(upstream:remoteref) refs/heads/main refs/remotes/main [12ms]
2025-09-18 21:42:37.624 [info] > git config --get commit.template [44ms]
2025-09-18 21:42:37.704 [info] > git status -z -uall [45ms]
2025-09-18 21:42:37.726 [info] > git for-each-ref --sort -committerdate --format %(refname)%00%(objectname)%00%(*objectname) [37ms]
2025-09-18 21:42:40.860 [info] > git config --get commit.template [1ms]
2025-09-18 21:42:40.875 [info] > git for-each-ref --format=%(refname)%00%(upstream:short)%00%(objectname)%00%(upstream:track)%00%(upstream:remotename)%00%(upstream:remoteref) refs/heads/main refs/remotes/main [5ms]
2025-09-18 21:42:40.917 [info] > git for-each-ref --sort -committerdate --format %(refname)%00%(objectname)%00%(*objectname) [9ms]
2025-09-18 21:42:40.984 [info] > git status -z -uall [94ms]
2025-09-18 21:43:26.373 [info] > git config --get commit.template [34ms]
2025-09-18 21:43:26.375 [info] > git for-each-ref --format=%(refname)%00%(upstream:short)%00%(objectname)%00%(upstream:track)%00%(upstream:remotename)%00%(upstream:remoteref) refs/heads/main refs/remotes/main [14ms]
2025-09-18 21:43:26.423 [info] > git for-each-ref --sort -committerdate --format %(refname)%00%(objectname)%00%(*objectname) [15ms]
2025-09-18 21:43:26.494 [info] > git status -z -uall [106ms]
2025-09-18 21:43:31.562 [info] > git config --get commit.template [9ms]
2025-09-18 21:43:31.586 [info] > git for-each-ref --format=%(refname)%00%(upstream:short)%00%(objectname)%00%(upstream:track)%00%(upstream:remotename)%00%(upstream:remoteref) refs/heads/main refs/remotes/main [8ms]
2025-09-18 21:43:31.635 [info] > git for-each-ref --sort -committerdate --format %(refname)%00%(objectname)%00%(*objectname) [10ms]
2025-09-18 21:43:31.650 [info] > git status -z -uall [49ms]
2025-09-18 21:43:51.209 [info] > git config --get commit.template [20ms]
2025-09-18 21:43:51.222 [info] > git for-each-ref --format=%(refname)%00%(upstream:short)%00%(objectname)%00%(upstream:track)%00%(upstream:remotename)%00%(upstream:remoteref) refs/heads/main refs/remotes/main [22ms]
2025-09-18 21:43:51.364 [info] > git for-each-ref --sort -committerdate --format %(refname)%00%(objectname)%00%(*objectname) [15ms]
2025-09-18 21:43:51.391 [info] > git status -z -uall [104ms]
2025-09-18 21:43:56.470 [info] > git config --get commit.template [8ms]
2025-09-18 21:43:56.498 [info] > git for-each-ref --format=%(refname)%00%(upstream:short)%00%(objectname)%00%(upstream:track)%00%(upstream:remotename)%00%(upstream:remoteref) refs/heads/main refs/remotes/main [10ms]
2025-09-18 21:43:56.559 [info] > git for-each-ref --sort -committerdate --format %(refname)%00%(objectname)%00%(*objectname) [16ms]
2025-09-18 21:43:56.593 [info] > git status -z -uall [76ms]
2025-09-18 21:44:04.108 [info] > git config --get commit.template [7ms]
2025-09-18 21:44:04.247 [info] > git for-each-ref --format=%(refname)%00%(upstream:short)%00%(objectname)%00%(upstream:track)%00%(upstream:remotename)%00%(upstream:remoteref) refs/heads/main refs/remotes/main [80ms]
2025-09-18 21:44:04.347 [info] > git for-each-ref --sort -committerdate --format %(refname)%00%(objectname)%00%(*objectname) [12ms]
2025-09-18 21:44:04.458 [info] > git status -z -uall [157ms]
2025-09-18 21:44:27.627 [info] > git config --get commit.template [42ms]
2025-09-18 21:44:27.670 [info] > git for-each-ref --format=%(refname)%00%(upstream:short)%00%(objectname)%00%(upstream:track)%00%(upstream:remotename)%00%(upstream:remoteref) refs/heads/main refs/remotes/main [12ms]
2025-09-18 21:44:27.752 [info] > git for-each-ref --sort -committerdate --format %(refname)%00%(objectname)%00%(*objectname) [28ms]
2025-09-18 21:44:27.885 [info] > git status -z -uall [194ms]
2025-09-18 21:44:33.048 [info] > git config --get commit.template [17ms]
2025-09-18 21:44:33.053 [info] > git for-each-ref --format=%(refname)%00%(upstream:short)%00%(objectname)%00%(upstream:track)%00%(upstream:remotename)%00%(upstream:remoteref) refs/heads/main refs/remotes/main [9ms]
2025-09-18 21:44:33.094 [info] > git for-each-ref --sort -committerdate --format %(refname)%00%(objectname)%00%(*objectname) [5ms]
2025-09-18 21:44:33.116 [info] > git status -z -uall [46ms]
2025-09-18 21:46:11.859 [info] > git config --get commit.template [35ms]
2025-09-18 21:46:11.869 [info] > git for-each-ref --format=%(refname)%00%(upstream:short)%00%(objectname)%00%(upstream:track)%00%(upstream:remotename)%00%(upstream:remoteref) refs/heads/main refs/remotes/main [24ms]
2025-09-18 21:46:11.950 [info] > git for-each-ref --sort -committerdate --format %(refname)%00%(objectname)%00%(*objectname) [19ms]
2025-09-18 21:46:12.064 [info] > git status -z -uall [180ms]
2025-09-18 21:46:17.141 [info] > git config --get commit.template [10ms]
2025-09-18 21:46:17.198 [info] > git for-each-ref --format=%(refname)%00%(upstream:short)%00%(objectname)%00%(upstream:track)%00%(upstream:remotename)%00%(upstream:remoteref) refs/heads/main refs/remotes/main [16ms]
2025-09-18 21:46:17.232 [info] > git for-each-ref --sort -committerdate --format %(refname)%00%(objectname)%00%(*objectname) [5ms]
2025-09-18 21:46:17.273 [info] > git status -z -uall [61ms]
2025-09-18 21:46:22.386 [info] > git for-each-ref --format=%(refname)%00%(upstream:short)%00%(objectname)%00%(upstream:track)%00%(upstream:remotename)%00%(upstream:remoteref) refs/heads/main refs/remotes/main [2ms]
2025-09-18 21:46:22.386 [info] > git config --get commit.template [24ms]
2025-09-18 21:46:22.520 [info] > git for-each-ref --sort -committerdate --format %(refname)%00%(objectname)%00%(*objectname) [62ms]
2025-09-18 21:46:22.653 [info] > git status -z -uall [244ms]
2025-09-18 21:46:33.048 [info] > git config --get commit.template [29ms]
2025-09-18 21:46:33.082 [info] > git for-each-ref --format=%(refname)%00%(upstream:short)%00%(objectname)%00%(upstream:track)%00%(upstream:remotename)%00%(upstream:remoteref) refs/heads/main refs/remotes/main [6ms]
2025-09-18 21:46:33.142 [info] > git for-each-ref --sort -committerdate --format %(refname)%00%(objectname)%00%(*objectname) [13ms]
2025-09-18 21:46:33.219 [info] > git status -z -uall [113ms]
2025-09-18 21:46:38.272 [info] > git config --get commit.template [14ms]
2025-09-18 21:46:38.275 [info] > git for-each-ref --format=%(refname)%00%(upstream:short)%00%(objectname)%00%(upstream:track)%00%(upstream:remotename)%00%(upstream:remoteref) refs/heads/main refs/remotes/main [5ms]
2025-09-18 21:46:38.299 [info] > git for-each-ref --sort -committerdate --format %(refname)%00%(objectname)%00%(*objectname) [3ms]
2025-09-18 21:46:38.328 [info] > git status -z -uall [45ms]
2025-09-18 21:46:43.388 [info] > git config --get commit.template [21ms]
2025-09-18 21:46:43.391 [info] > git for-each-ref --format=%(refname)%00%(upstream:short)%00%(objectname)%00%(upstream:track)%00%(upstream:remotename)%00%(upstream:remoteref) refs/heads/main refs/remotes/main [5ms]
2025-09-18 21:46:43.417 [info] > git for-each-ref --sort -committerdate --format %(refname)%00%(objectname)%00%(*objectname) [7ms]
2025-09-18 21:46:43.462 [info] > git status -z -uall [62ms]
2025-09-18 21:47:11.631 [info] > git config --get commit.template [56ms]
2025-09-18 21:47:11.633 [info] > git for-each-ref --format=%(refname)%00%(upstream:short)%00%(objectname)%00%(upstream:track)%00%(upstream:remotename)%00%(upstream:remoteref) refs/heads/main refs/remotes/main [27ms]
2025-09-18 21:47:11.718 [info] > git for-each-ref --sort -committerdate --format %(refname)%00%(objectname)%00%(*objectname) [3ms]
2025-09-18 21:47:11.802 [info] > git status -z -uall [135ms]
2025-09-18 21:47:17.318 [info] [Git][getRemotes] No remotes found in the git config file
2025-09-18 21:47:17.345 [info] > git config --get commit.template [29ms]
2025-09-18 21:47:17.347 [info] > git for-each-ref --format=%(refname)%00%(upstream:short)%00%(objectname)%00%(upstream:track)%00%(upstream:remotename)%00%(upstream:remoteref) refs/heads/main refs/remotes/main [6ms]
2025-09-18 21:47:17.411 [info] > git for-each-ref --sort -committerdate --format %(refname)%00%(objectname)%00%(*objectname) [18ms]
2025-09-18 21:47:17.454 [info] > git status -z -uall [81ms]
2025-09-18 21:47:24.248 [info] [Git][getRemotes] No remotes found in the git config file
2025-09-18 21:47:24.254 [info] > git for-each-ref --format=%(refname)%00%(upstream:short)%00%(objectname)%00%(upstream:track)%00%(upstream:remotename)%00%(upstream:remoteref) refs/heads/main refs/remotes/main [7ms]
2025-09-18 21:47:24.255 [info] > git config --get commit.template [44ms]
2025-09-18 21:47:24.298 [info] > git for-each-ref --sort -committerdate --format %(refname)%00%(objectname)%00%(*objectname) [4ms]
2025-09-18 21:47:24.368 [info] > git status -z -uall [95ms]
2025-09-18 21:47:33.696 [info] > git config --get commit.template [11ms]
2025-09-18 21:47:33.758 [info] > git for-each-ref --format=%(refname)%00%(upstream:short)%00%(objectname)%00%(upstream:track)%00%(upstream:remotename)%00%(upstream:remoteref) refs/heads/main refs/remotes/main [29ms]
2025-09-18 21:47:33.906 [info] > git for-each-ref --sort -committerdate --format %(refname)%00%(objectname)%00%(*objectname) [2ms]
2025-09-18 21:47:33.998 [info] > git status -z -uall [189ms]
2025-09-18 21:47:39.062 [info] > git config --get commit.template [13ms]
2025-09-18 21:47:39.064 [info] > git for-each-ref --format=%(refname)%00%(upstream:short)%00%(objectname)%00%(upstream:track)%00%(upstream:remotename)%00%(upstream:remoteref) refs/heads/main refs/remotes/main [2ms]
2025-09-18 21:47:39.156 [info] > git for-each-ref --sort -committerdate --format %(refname)%00%(objectname)%00%(*objectname) [26ms]
2025-09-18 21:47:39.764 [info] > git status -z -uall [679ms]
2025-09-18 21:47:57.073 [info] > git config --get commit.template [5ms]
2025-09-18 21:47:57.115 [info] > git for-each-ref --format=%(refname)%00%(upstream:short)%00%(objectname)%00%(upstream:track)%00%(upstream:remotename)%00%(upstream:remoteref) refs/heads/main refs/remotes/main [14ms]
2025-09-18 21:47:57.186 [info] > git for-each-ref --sort -committerdate --format %(refname)%00%(objectname)%00%(*objectname) [7ms]
2025-09-18 21:47:57.208 [info] > git status -z -uall [63ms]
2025-09-18 21:47:59.910 [info] > git config --get commit.template [14ms]
2025-09-18 21:47:59.933 [info] > git for-each-ref --format=%(refname)%00%(upstream:short)%00%(objectname)%00%(upstream:track)%00%(upstream:remotename)%00%(upstream:remoteref) refs/heads/main refs/remotes/main [5ms]
2025-09-18 21:48:00.012 [info] > git for-each-ref --sort -committerdate --format %(refname)%00%(objectname)%00%(*objectname) [6ms]
2025-09-18 21:48:00.065 [info] > git status -z -uall [105ms]
2025-09-18 21:48:07.105 [info] > git config --get commit.template [35ms]
2025-09-18 21:48:07.120 [info] > git for-each-ref --format=%(refname)%00%(upstream:short)%00%(objectname)%00%(upstream:track)%00%(upstream:remotename)%00%(upstream:remoteref) refs/heads/main refs/remotes/main [16ms]
2025-09-18 21:48:07.164 [info] > git for-each-ref --sort -committerdate --format %(refname)%00%(objectname)%00%(*objectname) [8ms]
2025-09-18 21:48:07.220 [info] > git status -z -uall [83ms]
2025-09-18 21:48:12.261 [info] > git config --get commit.template [2ms]
2025-09-18 21:48:12.286 [info] > git for-each-ref --format=%(refname)%00%(upstream:short)%00%(objectname)%00%(upstream:track)%00%(upstream:remotename)%00%(upstream:remoteref) refs/heads/main refs/remotes/main [10ms]
2025-09-18 21:48:12.355 [info] > git for-each-ref --sort -committerdate --format %(refname)%00%(objectname)%00%(*objectname) [10ms]
2025-09-18 21:48:12.400 [info] > git status -z -uall [95ms]
2025-09-18 21:48:17.446 [info] > git config --get commit.template [25ms]
2025-09-18 21:48:17.456 [info] > git for-each-ref --format=%(refname)%00%(upstream:short)%00%(objectname)%00%(upstream:track)%00%(upstream:remotename)%00%(upstream:remoteref) refs/heads/main refs/remotes/main [14ms]
2025-09-18 21:48:17.499 [info] > git for-each-ref --sort -committerdate --format %(refname)%00%(objectname)%00%(*objectname) [10ms]
2025-09-18 21:48:17.547 [info] > git status -z -uall [74ms]
2025-09-18 21:48:17.616 [info] > git merge-base refs/heads/main refs/remotes/origin/main [34ms]
2025-09-18 21:48:17.643 [info] > git diff --name-status -z --diff-filter=ADMR 86ac0450c211b5611472cc7461f3d3da9d282759...refs/remotes/origin/main [11ms]
2025-09-18 21:48:17.645 [info] > git config --get commit.template [40ms]
2025-09-18 21:48:17.726 [info] > git for-each-ref --format=%(refname)%00%(upstream:short)%00%(objectname)%00%(upstream:track)%00%(upstream:remotename)%00%(upstream:remoteref) refs/heads/main refs/remotes/main [71ms]
2025-09-18 21:48:17.814 [info] > git for-each-ref --sort -committerdate --format %(refname)%00%(objectname)%00%(*objectname) [16ms]
2025-09-18 21:48:17.875 [info] > git status -z -uall [102ms]
2025-09-18 21:51:58.067 [info] > git config --get commit.template [11ms]
2025-09-18 21:51:58.100 [info] > git for-each-ref --format=%(refname)%00%(upstream:short)%00%(objectname)%00%(upstream:track)%00%(upstream:remotename)%00%(upstream:remoteref) refs/heads/main refs/remotes/main [15ms]
2025-09-18 21:51:58.159 [info] > git for-each-ref --sort -committerdate --format %(refname)%00%(objectname)%00%(*objectname) [11ms]
2025-09-18 21:51:58.286 [info] > git status -z -uall [166ms]
2025-09-18 21:52:03.377 [info] > git config --get commit.template [8ms]
2025-09-18 21:52:03.394 [info] > git for-each-ref --format=%(refname)%00%(upstream:short)%00%(objectname)%00%(upstream:track)%00%(upstream:remotename)%00%(upstream:remoteref) refs/heads/main refs/remotes/main [4ms]
2025-09-18 21:52:03.440 [info] > git for-each-ref --sort -committerdate --format %(refname)%00%(objectname)%00%(*objectname) [11ms]
2025-09-18 21:52:03.475 [info] > git status -z -uall [66ms]
2025-09-18 21:52:08.539 [info] > git config --get commit.template [12ms]
2025-09-18 21:52:08.543 [info] > git for-each-ref --format=%(refname)%00%(upstream:short)%00%(objectname)%00%(upstream:track)%00%(upstream:remotename)%00%(upstream:remoteref) refs/heads/main refs/remotes/main [7ms]
2025-09-18 21:52:08.592 [info] > git for-each-ref --sort -committerdate --format %(refname)%00%(objectname)%00%(*objectname) [10ms]
2025-09-18 21:52:08.623 [info] > git status -z -uall [64ms]
2025-09-18 21:53:51.134 [info] > git config --get commit.template [13ms]
2025-09-18 21:53:51.156 [info] > git for-each-ref --format=%(refname)%00%(upstream:short)%00%(objectname)%00%(upstream:track)%00%(upstream:remotename)%00%(upstream:remoteref) refs/heads/main refs/remotes/main [9ms]
2025-09-18 21:53:51.228 [info] > git for-each-ref --sort -committerdate --format %(refname)%00%(objectname)%00%(*objectname) [12ms]
2025-09-18 21:53:51.235 [info] > git status -z -uall [62ms]
2025-09-18 21:53:56.303 [info] > git config --get commit.template [11ms]
2025-09-18 21:53:56.319 [info] > git for-each-ref --format=%(refname)%00%(upstream:short)%00%(objectname)%00%(upstream:track)%00%(upstream:remotename)%00%(upstream:remoteref) refs/heads/main refs/remotes/main [4ms]
2025-09-18 21:53:56.347 [info] > git for-each-ref --sort -committerdate --format %(refname)%00%(objectname)%00%(*objectname) [7ms]
2025-09-18 21:53:56.370 [info] > git status -z -uall [40ms]
2025-09-18 21:54:13.184 [info] > git config --get commit.template [12ms]
2025-09-18 21:54:13.215 [info] > git for-each-ref --format=%(refname)%00%(upstream:short)%00%(objectname)%00%(upstream:track)%00%(upstream:remotename)%00%(upstream:remoteref) refs/heads/main refs/remotes/main [16ms]
2025-09-18 21:54:13.247 [info] > git for-each-ref --sort -committerdate --format %(refname)%00%(objectname)%00%(*objectname) [6ms]
2025-09-18 21:54:13.288 [info] > git status -z -uall [61ms]
2025-09-18 21:54:28.729 [info] > git config --get commit.template [5ms]
2025-09-18 21:54:28.747 [info] > git for-each-ref --format=%(refname)%00%(upstream:short)%00%(objectname)%00%(upstream:track)%00%(upstream:remotename)%00%(upstream:remoteref) refs/heads/main refs/remotes/main [5ms]
2025-09-18 21:54:28.790 [info] > git for-each-ref --sort -committerdate --format %(refname)%00%(objectname)%00%(*objectname) [8ms]
2025-09-18 21:54:28.832 [info] > git status -z -uall [69ms]
2025-09-18 21:54:30.104 [info] > git config --get commit.template [15ms]
2025-09-18 21:54:30.109 [info] > git for-each-ref --format=%(refname)%00%(upstream:short)%00%(objectname)%00%(upstream:track)%00%(upstream:remotename)%00%(upstream:remoteref) refs/heads/main refs/remotes/main [7ms]
2025-09-18 21:54:30.161 [info] > git for-each-ref --sort -committerdate --format %(refname)%00%(objectname)%00%(*objectname) [8ms]
2025-09-18 21:54:30.248 [info] > git status -z -uall [115ms]
2025-09-18 21:55:50.420 [info] > git config --get commit.template [28ms]
2025-09-18 21:55:50.427 [info] > git for-each-ref --format=%(refname)%00%(upstream:short)%00%(objectname)%00%(upstream:track)%00%(upstream:remotename)%00%(upstream:remoteref) refs/heads/main refs/remotes/main [12ms]
2025-09-18 21:55:50.458 [info] > git for-each-ref --sort -committerdate --format %(refname)%00%(objectname)%00%(*objectname) [7ms]
2025-09-18 21:55:50.529 [info] > git status -z -uall [90ms]
2025-09-18 21:55:55.587 [info] > git config --get commit.template [19ms]
2025-09-18 21:55:55.593 [info] > git for-each-ref --format=%(refname)%00%(upstream:short)%00%(objectname)%00%(upstream:track)%00%(upstream:remotename)%00%(upstream:remoteref) refs/heads/main refs/remotes/main [8ms]
2025-09-18 21:55:55.624 [info] > git for-each-ref --sort -committerdate --format %(refname)%00%(objectname)%00%(*objectname) [5ms]
2025-09-18 21:55:55.681 [info] > git status -z -uall [74ms]
2025-09-18 21:56:00.741 [info] > git config --get commit.template [17ms]
2025-09-18 21:56:00.743 [info] > git for-each-ref --format=%(refname)%00%(upstream:short)%00%(objectname)%00%(upstream:track)%00%(upstream:remotename)%00%(upstream:remoteref) refs/heads/main refs/remotes/main [4ms]
2025-09-18 21:56:00.798 [info] > git for-each-ref --sort -committerdate --format %(refname)%00%(objectname)%00%(*objectname) [12ms]
2025-09-18 21:56:00.893 [info] > git status -z -uall [130ms]
2025-09-18 21:56:05.955 [info] > git config --get commit.template [8ms]
2025-09-18 21:56:05.983 [info] > git for-each-ref --format=%(refname)%00%(upstream:short)%00%(objectname)%00%(upstream:track)%00%(upstream:remotename)%00%(upstream:remoteref) refs/heads/main refs/remotes/main [9ms]
2025-09-18 21:56:06.088 [info] > git for-each-ref --sort -committerdate --format %(refname)%00%(objectname)%00%(*objectname) [22ms]
2025-09-18 21:56:06.123 [info] > git status -z -uall [115ms]
2025-09-18 21:56:13.192 [info] > git config --get commit.template [8ms]
2025-09-18 21:56:13.224 [info] > git for-each-ref --format=%(refname)%00%(upstream:short)%00%(objectname)%00%(upstream:track)%00%(upstream:remotename)%00%(upstream:remoteref) refs/heads/main refs/remotes/main [16ms]
2025-09-18 21:56:13.269 [info] > git for-each-ref --sort -committerdate --format %(refname)%00%(objectname)%00%(*objectname) [4ms]
2025-09-18 21:56:13.301 [info] > git status -z -uall [57ms]
2025-09-18 21:56:18.336 [info] > git config --get commit.template [5ms]
2025-09-18 21:56:18.359 [info] > git for-each-ref --format=%(refname)%00%(upstream:short)%00%(objectname)%00%(upstream:track)%00%(upstream:remotename)%00%(upstream:remoteref) refs/heads/main refs/remotes/main [6ms]
2025-09-18 21:56:18.383 [info] > git for-each-ref --sort -committerdate --format %(refname)%00%(objectname)%00%(*objectname) [4ms]
2025-09-18 21:56:18.412 [info] > git status -z -uall [43ms]
2025-09-18 21:56:23.479 [info] > git config --get commit.template [20ms]
2025-09-18 21:56:23.483 [info] > git for-each-ref --format=%(refname)%00%(upstream:short)%00%(objectname)%00%(upstream:track)%00%(upstream:remotename)%00%(upstream:remoteref) refs/heads/main refs/remotes/main [5ms]
2025-09-18 21:56:23.517 [info] > git for-each-ref --sort -committerdate --format %(refname)%00%(objectname)%00%(*objectname) [5ms]
2025-09-18 21:56:23.548 [info] > git status -z -uall [49ms]
2025-09-18 21:56:28.597 [info] > git config --get commit.template [9ms]
2025-09-18 21:56:28.632 [info] > git for-each-ref --format=%(refname)%00%(upstream:short)%00%(objectname)%00%(upstream:track)%00%(upstream:remotename)%00%(upstream:remoteref) refs/heads/main refs/remotes/main [17ms]
2025-09-18 21:56:28.668 [info] > git for-each-ref --sort -committerdate --format %(refname)%00%(objectname)%00%(*objectname) [5ms]
2025-09-18 21:56:28.695 [info] > git status -z -uall [42ms]
2025-09-18 21:56:46.582 [info] > git config --get commit.template [25ms]
2025-09-18 21:56:46.681 [info] > git for-each-ref --format=%(refname)%00%(upstream:short)%00%(objectname)%00%(upstream:track)%00%(upstream:remotename)%00%(upstream:remoteref) refs/heads/main refs/remotes/main [44ms]
2025-09-18 21:56:46.785 [info] > git for-each-ref --sort -committerdate --format %(refname)%00%(objectname)%00%(*objectname) [27ms]
2025-09-18 21:56:46.821 [info] > git status -z -uall [100ms]
2025-09-18 21:56:51.865 [info] > git config --get commit.template [6ms]
2025-09-18 21:56:51.885 [info] > git for-each-ref --format=%(refname)%00%(upstream:short)%00%(objectname)%00%(upstream:track)%00%(upstream:remotename)%00%(upstream:remoteref) refs/heads/main refs/remotes/main [2ms]
2025-09-18 21:56:51.917 [info] > git for-each-ref --sort -committerdate --format %(refname)%00%(objectname)%00%(*objectname) [13ms]
2025-09-18 21:56:51.972 [info] > git status -z -uall [78ms]
2025-09-18 21:56:57.025 [info] > git config --get commit.template [6ms]
2025-09-18 21:56:57.084 [info] > git for-each-ref --format=%(refname)%00%(upstream:short)%00%(objectname)%00%(upstream:track)%00%(upstream:remotename)%00%(upstream:remoteref) refs/heads/main refs/remotes/main [17ms]
2025-09-18 21:56:57.174 [info] > git for-each-ref --sort -committerdate --format %(refname)%00%(objectname)%00%(*objectname) [9ms]
2025-09-18 21:56:57.269 [info] > git status -z -uall [135ms]
2025-09-18 21:57:02.376 [info] > git config --get commit.template [20ms]
2025-09-18 21:57:02.379 [info] > git for-each-ref --format=%(refname)%00%(upstream:short)%00%(objectname)%00%(upstream:track)%00%(upstream:remotename)%00%(upstream:remoteref) refs/heads/main refs/remotes/main [6ms]
2025-09-18 21:57:02.459 [info] > git for-each-ref --sort -committerdate --format %(refname)%00%(objectname)%00%(*objectname) [15ms]
2025-09-18 21:57:02.479 [info] > git status -z -uall [75ms]
2025-09-18 21:57:07.520 [info] > git config --get commit.template [12ms]
2025-09-18 21:57:07.535 [info] > git for-each-ref --format=%(refname)%00%(upstream:short)%00%(objectname)%00%(upstream:track)%00%(upstream:remotename)%00%(upstream:remoteref) refs/heads/main refs/remotes/main [6ms]
2025-09-18 21:57:07.564 [info] > git for-each-ref --sort -committerdate --format %(refname)%00%(objectname)%00%(*objectname) [7ms]
2025-09-18 21:57:07.596 [info] > git status -z -uall [49ms]
2025-09-18 21:57:20.955 [info] > git config --get commit.template [2ms]
2025-09-18 21:57:20.985 [info] > git for-each-ref --format=%(refname)%00%(upstream:short)%00%(objectname)%00%(upstream:track)%00%(upstream:remotename)%00%(upstream:remoteref) refs/heads/main refs/remotes/main [11ms]
2025-09-18 21:57:21.077 [info] > git for-each-ref --sort -committerdate --format %(refname)%00%(objectname)%00%(*objectname) [12ms]
2025-09-18 21:57:21.121 [info] > git status -z -uall [104ms]
2025-09-18 21:57:29.944 [info] > git config --get commit.template [11ms]
2025-09-18 21:57:29.946 [info] > git for-each-ref --format=%(refname)%00%(upstream:short)%00%(objectname)%00%(upstream:track)%00%(upstream:remotename)%00%(upstream:remoteref) refs/heads/main refs/remotes/main [3ms]
2025-09-18 21:57:29.970 [info] > git for-each-ref --sort -committerdate --format %(refname)%00%(objectname)%00%(*objectname) [6ms]
2025-09-18 21:57:29.997 [info] > git status -z -uall [42ms]
2025-09-18 21:57:35.068 [info] > git config --get commit.template [9ms]
2025-09-18 21:57:35.097 [info] > git for-each-ref --format=%(refname)%00%(upstream:short)%00%(objectname)%00%(upstream:track)%00%(upstream:remotename)%00%(upstream:remoteref) refs/heads/main refs/remotes/main [8ms]
2025-09-18 21:57:35.164 [info] > git for-each-ref --sort -committerdate --format %(refname)%00%(objectname)%00%(*objectname) [12ms]
2025-09-18 21:57:35.211 [info] > git status -z -uall [96ms]
2025-09-18 21:58:03.885 [info] > git config --get commit.template [2ms]
2025-09-18 21:58:03.955 [info] > git for-each-ref --format=%(refname)%00%(upstream:short)%00%(objectname)%00%(upstream:track)%00%(upstream:remotename)%00%(upstream:remoteref) refs/heads/main refs/remotes/main [6ms]
2025-09-18 21:58:04.016 [info] > git for-each-ref --sort -committerdate --format %(refname)%00%(objectname)%00%(*objectname) [16ms]
2025-09-18 21:58:04.083 [info] > git status -z -uall [106ms]
2025-09-18 21:58:09.117 [info] > git config --get commit.template [2ms]
2025-09-18 21:58:09.133 [info] > git for-each-ref --format=%(refname)%00%(upstream:short)%00%(objectname)%00%(upstream:track)%00%(upstream:remotename)%00%(upstream:remoteref) refs/heads/main refs/remotes/main [4ms]
2025-09-18 21:58:09.177 [info] > git for-each-ref --sort -committerdate --format %(refname)%00%(objectname)%00%(*objectname) [11ms]
2025-09-18 21:58:09.213 [info] > git status -z -uall [65ms]
2025-09-18 21:58:27.553 [info] > git config --get commit.template [27ms]
2025-09-18 21:58:27.580 [info] > git for-each-ref --format=%(refname)%00%(upstream:short)%00%(objectname)%00%(upstream:track)%00%(upstream:remotename)%00%(upstream:remoteref) refs/heads/main refs/remotes/main [5ms]
2025-09-18 21:58:27.673 [info] > git for-each-ref --sort -committerdate --format %(refname)%00%(objectname)%00%(*objectname) [33ms]
2025-09-18 21:58:27.744 [info] > git status -z -uall [132ms]
2025-09-18 21:58:32.814 [info] > git config --get commit.template [11ms]
2025-09-18 21:58:32.817 [info] > git for-each-ref --format=%(refname)%00%(upstream:short)%00%(objectname)%00%(upstream:track)%00%(upstream:remotename)%00%(upstream:remoteref) refs/heads/main refs/remotes/main [4ms]
2025-09-18 21:58:32.850 [info] > git for-each-ref --sort -committerdate --format %(refname)%00%(objectname)%00%(*objectname) [6ms]
2025-09-18 21:58:32.875 [info] > git status -z -uall [45ms]
2025-09-18 21:58:37.928 [info] > git config --get commit.template [11ms]
2025-09-18 21:58:37.930 [info] > git for-each-ref --format=%(refname)%00%(upstream:short)%00%(objectname)%00%(upstream:track)%00%(upstream:remotename)%00%(upstream:remoteref) refs/heads/main refs/remotes/main [4ms]
2025-09-18 21:58:37.952 [info] > git for-each-ref --sort -committerdate --format %(refname)%00%(objectname)%00%(*objectname) [4ms]
2025-09-18 21:58:37.981 [info] > git status -z -uall [42ms]
2025-09-18 21:59:23.779 [info] > git for-each-ref --format=%(refname)%00%(upstream:short)%00%(objectname)%00%(upstream:track)%00%(upstream:remotename)%00%(upstream:remoteref) refs/heads/main refs/remotes/main [18ms]
2025-09-18 21:59:23.787 [info] > git config --get commit.template [76ms]
2025-09-18 21:59:23.893 [info] > git for-each-ref --sort -committerdate --format %(refname)%00%(objectname)%00%(*objectname) [33ms]
2025-09-18 21:59:24.003 [info] > git status -z -uall [189ms]
2025-09-18 21:59:29.072 [info] > git config --get commit.template [17ms]
2025-09-18 21:59:29.079 [info] > git for-each-ref --format=%(refname)%00%(upstream:short)%00%(objectname)%00%(upstream:track)%00%(upstream:remotename)%00%(upstream:remoteref) refs/heads/main refs/remotes/main [9ms]
2025-09-18 21:59:29.165 [info] > git for-each-ref --sort -committerdate --format %(refname)%00%(objectname)%00%(*objectname) [28ms]
2025-09-18 21:59:29.568 [info] > git status -z -uall [470ms]
2025-09-18 21:59:35.309 [info] > git config --get commit.template [15ms]
2025-09-18 21:59:35.347 [info] > git for-each-ref --format=%(refname)%00%(upstream:short)%00%(objectname)%00%(upstream:track)%00%(upstream:remotename)%00%(upstream:remoteref) refs/heads/main refs/remotes/main [7ms]
2025-09-18 21:59:35.442 [info] > git for-each-ref --sort -committerdate --format %(refname)%00%(objectname)%00%(*objectname) [13ms]
2025-09-18 21:59:35.512 [info] > git status -z -uall [142ms]
2025-09-18 21:59:40.598 [info] > git config --get commit.template [6ms]
2025-09-18 21:59:40.633 [info] > git for-each-ref --format=%(refname)%00%(upstream:short)%00%(objectname)%00%(upstream:track)%00%(upstream:remotename)%00%(upstream:remoteref) refs/heads/main refs/remotes/main [18ms]
2025-09-18 21:59:40.715 [info] > git for-each-ref --sort -committerdate --format %(refname)%00%(objectname)%00%(*objectname) [12ms]
2025-09-18 21:59:40.742 [info] > git status -z -uall [74ms]
2025-09-18 22:00:02.774 [info] > git config --get commit.template [14ms]
2025-09-18 22:00:02.829 [info] > git for-each-ref --format=%(refname)%00%(upstream:short)%00%(objectname)%00%(upstream:track)%00%(upstream:remotename)%00%(upstream:remoteref) refs/heads/main refs/remotes/main [11ms]
2025-09-18 22:00:02.928 [info] > git for-each-ref --sort -committerdate --format %(refname)%00%(objectname)%00%(*objectname) [15ms]
2025-09-18 22:00:03.081 [info] > git status -z -uall [182ms]
2025-09-18 22:00:06.178 [info] > git config --get commit.template [5ms]
2025-09-18 22:00:06.211 [info] > git for-each-ref --format=%(refname)%00%(upstream:short)%00%(objectname)%00%(upstream:track)%00%(upstream:remotename)%00%(upstream:remoteref) refs/heads/main refs/remotes/main [14ms]
2025-09-18 22:00:06.269 [info] > git for-each-ref --sort -committerdate --format %(refname)%00%(objectname)%00%(*objectname) [12ms]
2025-09-18 22:00:06.310 [info] > git status -z -uall [80ms]
2025-09-18 22:00:45.292 [info] > git config --get commit.template [54ms]
2025-09-18 22:00:45.314 [info] > git for-each-ref --format=%(refname)%00%(upstream:short)%00%(objectname)%00%(upstream:track)%00%(upstream:remotename)%00%(upstream:remoteref) refs/heads/main refs/remotes/main [26ms]
2025-09-18 22:00:45.450 [info] > git for-each-ref --sort -committerdate --format %(refname)%00%(objectname)%00%(*objectname) [25ms]
2025-09-18 22:00:45.486 [info] > git status -z -uall [133ms]
2025-09-18 22:00:50.578 [info] > git config --get commit.template [30ms]
2025-09-18 22:00:50.592 [info] > git for-each-ref --format=%(refname)%00%(upstream:short)%00%(objectname)%00%(upstream:track)%00%(upstream:remotename)%00%(upstream:remoteref) refs/heads/main refs/remotes/main [18ms]
2025-09-18 22:00:50.685 [info] > git for-each-ref --sort -committerdate --format %(refname)%00%(objectname)%00%(*objectname) [30ms]
2025-09-18 22:00:50.798 [info] > git status -z -uall [169ms]
2025-09-18 22:01:27.767 [info] > git config --get commit.template [40ms]
2025-09-18 22:01:27.835 [info] > git for-each-ref --format=%(refname)%00%(upstream:short)%00%(objectname)%00%(upstream:track)%00%(upstream:remotename)%00%(upstream:remoteref) refs/heads/main refs/remotes/main [8ms]
2025-09-18 22:01:27.959 [info] > git for-each-ref --sort -committerdate --format %(refname)%00%(objectname)%00%(*objectname) [7ms]
2025-09-18 22:01:28.050 [info] > git status -z -uall [149ms]
2025-09-18 22:01:33.474 [info] > git config --get commit.template [3ms]
2025-09-18 22:01:33.486 [info] > git for-each-ref --format=%(refname)%00%(upstream:short)%00%(objectname)%00%(upstream:track)%00%(upstream:remotename)%00%(upstream:remoteref) refs/heads/main refs/remotes/main [4ms]
2025-09-18 22:01:33.508 [info] > git for-each-ref --sort -committerdate --format %(refname)%00%(objectname)%00%(*objectname) [6ms]
2025-09-18 22:01:33.536 [info] > git status -z -uall [41ms]
2025-09-18 22:01:38.575 [info] > git config --get commit.template [10ms]
2025-09-18 22:01:38.577 [info] > git for-each-ref --format=%(refname)%00%(upstream:short)%00%(objectname)%00%(upstream:track)%00%(upstream:remotename)%00%(upstream:remoteref) refs/heads/main refs/remotes/main [3ms]
2025-09-18 22:01:38.603 [info] > git for-each-ref --sort -committerdate --format %(refname)%00%(objectname)%00%(*objectname) [5ms]
2025-09-18 22:01:38.625 [info] > git status -z -uall [39ms]
2025-09-18 22:02:01.987 [info] > git config --get commit.template [16ms]
2025-09-18 22:02:02.275 [info] > git for-each-ref --format=%(refname)%00%(upstream:short)%00%(objectname)%00%(upstream:track)%00%(upstream:remotename)%00%(upstream:remoteref) refs/heads/main refs/remotes/main [16ms]
2025-09-18 22:02:02.448 [info] > git for-each-ref --sort -committerdate --format %(refname)%00%(objectname)%00%(*objectname) [20ms]
2025-09-18 22:02:02.631 [info] > git status -z -uall [319ms]
2025-09-18 22:02:07.678 [info] > git config --get commit.template [2ms]
2025-09-18 22:02:07.696 [info] > git for-each-ref --format=%(refname)%00%(upstream:short)%00%(objectname)%00%(upstream:track)%00%(upstream:remotename)%00%(upstream:remoteref) refs/heads/main refs/remotes/main [3ms]
2025-09-18 22:02:07.729 [info] > git for-each-ref --sort -committerdate --format %(refname)%00%(objectname)%00%(*objectname) [4ms]
2025-09-18 22:02:07.759 [info] > git status -z -uall [49ms]
2025-09-18 22:02:13.903 [info] > git config --get commit.template [9ms]
2025-09-18 22:02:13.928 [info] > git for-each-ref --format=%(refname)%00%(upstream:short)%00%(objectname)%00%(upstream:track)%00%(upstream:remotename)%00%(upstream:remoteref) refs/heads/main refs/remotes/main [7ms]
2025-09-18 22:02:13.977 [info] > git for-each-ref --sort -committerdate --format %(refname)%00%(objectname)%00%(*objectname) [7ms]
2025-09-18 22:02:14.018 [info] > git status -z -uall [68ms]
2025-09-18 22:02:15.295 [info] > git config --get commit.template [14ms]
2025-09-18 22:02:15.306 [info] > git for-each-ref --format=%(refname)%00%(upstream:short)%00%(objectname)%00%(upstream:track)%00%(upstream:remotename)%00%(upstream:remoteref) refs/heads/main refs/remotes/main [11ms]
2025-09-18 22:02:15.360 [info] > git for-each-ref --sort -committerdate --format %(refname)%00%(objectname)%00%(*objectname) [8ms]
2025-09-18 22:02:15.699 [info] > git status -z -uall [376ms]
2025-09-18 22:02:23.390 [info] > git config --get commit.template [6ms]
2025-09-18 22:02:23.406 [info] > git for-each-ref --format=%(refname)%00%(upstream:short)%00%(objectname)%00%(upstream:track)%00%(upstream:remotename)%00%(upstream:remoteref) refs/heads/main refs/remotes/main [6ms]
2025-09-18 22:02:23.451 [info] > git for-each-ref --sort -committerdate --format %(refname)%00%(objectname)%00%(*objectname) [9ms]
2025-09-18 22:02:23.511 [info] > git status -z -uall [95ms]
2025-09-18 22:02:33.358 [info] > git config --get commit.template [39ms]
2025-09-18 22:02:33.361 [info] > git for-each-ref --format=%(refname)%00%(upstream:short)%00%(objectname)%00%(upstream:track)%00%(upstream:remotename)%00%(upstream:remoteref) refs/heads/main refs/remotes/main [15ms]
2025-09-18 22:02:33.423 [info] > git for-each-ref --sort -committerdate --format %(refname)%00%(objectname)%00%(*objectname) [10ms]
2025-09-18 22:02:33.527 [info] > git status -z -uall [137ms]
2025-09-18 22:02:38.131 [info] > git config --get commit.template [7ms]
2025-09-18 22:02:38.170 [info] > git for-each-ref --format=%(refname)%00%(upstream:short)%00%(objectname)%00%(upstream:track)%00%(upstream:remotename)%00%(upstream:remoteref) refs/heads/main refs/remotes/main [15ms]
2025-09-18 22:02:38.223 [info] > git for-each-ref --sort -committerdate --format %(refname)%00%(objectname)%00%(*objectname) [12ms]
2025-09-18 22:02:38.265 [info] > git status -z -uall [76ms]
2025-09-18 22:02:38.604 [info] > git config --get commit.template [14ms]
2025-09-18 22:02:38.606 [info] > git for-each-ref --format=%(refname)%00%(upstream:short)%00%(objectname)%00%(upstream:track)%00%(upstream:remotename)%00%(upstream:remoteref) refs/heads/main refs/remotes/main [6ms]
2025-09-18 22:02:38.630 [info] > git for-each-ref --sort -committerdate --format %(refname)%00%(objectname)%00%(*objectname) [3ms]
2025-09-18 22:02:38.663 [info] > git status -z -uall [49ms]
2025-09-18 22:04:25.296 [info] > git config --get commit.template [42ms]
2025-09-18 22:04:25.307 [info] > git for-each-ref --format=%(refname)%00%(upstream:short)%00%(objectname)%00%(upstream:track)%00%(upstream:remotename)%00%(upstream:remoteref) refs/heads/main refs/remotes/main [20ms]
2025-09-18 22:04:25.348 [info] > git for-each-ref --sort -committerdate --format %(refname)%00%(objectname)%00%(*objectname) [6ms]
2025-09-18 22:04:25.421 [info] > git status -z -uall [94ms]
2025-09-18 22:04:30.486 [info] > git config --get commit.template [2ms]
2025-09-18 22:04:30.507 [info] > git for-each-ref --format=%(refname)%00%(upstream:short)%00%(objectname)%00%(upstream:track)%00%(upstream:remotename)%00%(upstream:remoteref) refs/heads/main refs/remotes/main [9ms]
2025-09-18 22:04:30.572 [info] > git for-each-ref --sort -committerdate --format %(refname)%00%(objectname)%00%(*objectname) [17ms]
2025-09-18 22:04:30.613 [info] > git status -z -uall [93ms]
2025-09-18 22:04:35.672 [info] > git config --get commit.template [13ms]
2025-09-18 22:04:35.675 [info] > git for-each-ref --format=%(refname)%00%(upstream:short)%00%(objectname)%00%(upstream:track)%00%(upstream:remotename)%00%(upstream:remoteref) refs/heads/main refs/remotes/main [3ms]
2025-09-18 22:04:35.704 [info] > git for-each-ref --sort -committerdate --format %(refname)%00%(objectname)%00%(*objectname) [7ms]
2025-09-18 22:04:35.755 [info] > git status -z -uall [69ms]
2025-09-18 22:04:49.139 [info] > git config --get commit.template [4ms]
2025-09-18 22:04:49.162 [info] > git for-each-ref --format=%(refname)%00%(upstream:short)%00%(objectname)%00%(upstream:track)%00%(upstream:remotename)%00%(upstream:remoteref) refs/heads/main refs/remotes/main [10ms]
2025-09-18 22:04:49.230 [info] > git for-each-ref --sort -committerdate --format %(refname)%00%(objectname)%00%(*objectname) [21ms]
2025-09-18 22:04:49.252 [info] > git status -z -uall [68ms]
2025-09-18 22:09:05.694 [info] > git config --get commit.template [30ms]
2025-09-18 22:09:05.700 [info] > git for-each-ref --format=%(refname)%00%(upstream:short)%00%(objectname)%00%(upstream:track)%00%(upstream:remotename)%00%(upstream:remoteref) refs/heads/main refs/remotes/main [13ms]
2025-09-18 22:09:05.759 [info] > git for-each-ref --sort -committerdate --format %(refname)%00%(objectname)%00%(*objectname) [16ms]
2025-09-18 22:09:05.831 [info] > git status -z -uall [114ms]
2025-09-18 22:09:10.888 [info] > git config --get commit.template [8ms]
2025-09-18 22:09:10.930 [info] > git for-each-ref --format=%(refname)%00%(upstream:short)%00%(objectname)%00%(upstream:track)%00%(upstream:remotename)%00%(upstream:remoteref) refs/heads/main refs/remotes/main [17ms]
2025-09-18 22:09:11.009 [info] > git for-each-ref --sort -committerdate --format %(refname)%00%(objectname)%00%(*objectname) [14ms]
2025-09-18 22:09:11.083 [info] > git status -z -uall [120ms]
2025-09-18 22:09:14.329 [info] > git config --get commit.template [4ms]
2025-09-18 22:09:14.350 [info] > git for-each-ref --format=%(refname)%00%(upstream:short)%00%(objectname)%00%(upstream:track)%00%(upstream:remotename)%00%(upstream:remoteref) refs/heads/main refs/remotes/main [11ms]
2025-09-18 22:09:14.389 [info] > git for-each-ref --sort -committerdate --format %(refname)%00%(objectname)%00%(*objectname) [5ms]
2025-09-18 22:09:14.434 [info] > git status -z -uall [62ms]
2025-09-18 22:09:16.204 [info] > git config --get commit.template [23ms]
2025-09-18 22:09:16.259 [info] > git for-each-ref --format=%(refname)%00%(upstream:short)%00%(objectname)%00%(upstream:track)%00%(upstream:remotename)%00%(upstream:remoteref) refs/heads/main refs/remotes/main [20ms]
2025-09-18 22:09:16.370 [info] > git for-each-ref --sort -committerdate --format %(refname)%00%(objectname)%00%(*objectname) [19ms]
2025-09-18 22:09:16.436 [info] > git status -z -uall [139ms]
2025-09-18 22:09:52.754 [info] > git config --get commit.template [2ms]
2025-09-18 22:09:52.791 [info] > git for-each-ref --format=%(refname)%00%(upstream:short)%00%(objectname)%00%(upstream:track)%00%(upstream:remotename)%00%(upstream:remoteref) refs/heads/main refs/remotes/main [9ms]
2025-09-18 22:09:52.827 [info] > git for-each-ref --sort -committerdate --format %(refname)%00%(objectname)%00%(*objectname) [6ms]
2025-09-18 22:09:52.868 [info] > git status -z -uall [62ms]
2025-09-18 22:09:57.914 [info] > git config --get commit.template [4ms]
2025-09-18 22:09:57.928 [info] > git for-each-ref --format=%(refname)%00%(upstream:short)%00%(objectname)%00%(upstream:track)%00%(upstream:remotename)%00%(upstream:remoteref) refs/heads/main refs/remotes/main [4ms]
2025-09-18 22:09:57.955 [info] > git for-each-ref --sort -committerdate --format %(refname)%00%(objectname)%00%(*objectname) [5ms]
2025-09-18 22:09:57.979 [info] > git status -z -uall [42ms]
2025-09-18 22:10:03.032 [info] > git config --get commit.template [10ms]
2025-09-18 22:10:03.055 [info] > git for-each-ref --format=%(refname)%00%(upstream:short)%00%(objectname)%00%(upstream:track)%00%(upstream:remotename)%00%(upstream:remoteref) refs/heads/main refs/remotes/main [3ms]
2025-09-18 22:10:03.104 [info] > git for-each-ref --sort -committerdate --format %(refname)%00%(objectname)%00%(*objectname) [8ms]
2025-09-18 22:10:03.118 [info] > git status -z -uall [46ms]
2025-09-18 22:10:28.020 [info] > git config --get commit.template [8ms]
2025-09-18 22:10:28.064 [info] > git for-each-ref --format=%(refname)%00%(upstream:short)%00%(objectname)%00%(upstream:track)%00%(upstream:remotename)%00%(upstream:remoteref) refs/heads/main refs/remotes/main [21ms]
2025-09-18 22:10:28.150 [info] > git for-each-ref --sort -committerdate --format %(refname)%00%(objectname)%00%(*objectname) [25ms]
2025-09-18 22:10:28.167 [info] > git status -z -uall [86ms]
2025-09-18 22:10:33.246 [info] > git config --get commit.template [13ms]
2025-09-18 22:10:33.253 [info] > git for-each-ref --format=%(refname)%00%(upstream:short)%00%(objectname)%00%(upstream:track)%00%(upstream:remotename)%00%(upstream:remoteref) refs/heads/main refs/remotes/main [10ms]
2025-09-18 22:10:33.295 [info] > git for-each-ref --sort -committerdate --format %(refname)%00%(objectname)%00%(*objectname) [9ms]
2025-09-18 22:10:33.339 [info] > git status -z -uall [68ms]
2025-09-18 22:10:40.305 [info] > git config --get commit.template [10ms]
2025-09-18 22:10:40.342 [info] > git for-each-ref --format=%(refname)%00%(upstream:short)%00%(objectname)%00%(upstream:track)%00%(upstream:remotename)%00%(upstream:remoteref) refs/heads/main refs/remotes/main [3ms]
2025-09-18 22:10:40.447 [info] > git for-each-ref --sort -committerdate --format %(refname)%00%(objectname)%00%(*objectname) [12ms]
2025-09-18 22:10:40.505 [info] > git status -z -uall [122ms]
2025-09-18 22:10:42.523 [info] > git config --get commit.template [22ms]
2025-09-18 22:10:42.531 [info] > git for-each-ref --format=%(refname)%00%(upstream:short)%00%(objectname)%00%(upstream:track)%00%(upstream:remotename)%00%(upstream:remoteref) refs/heads/main refs/remotes/main [13ms]
2025-09-18 22:10:42.567 [info] > git for-each-ref --sort -committerdate --format %(refname)%00%(objectname)%00%(*objectname) [6ms]
2025-09-18 22:10:42.636 [info] > git status -z -uall [85ms]
2025-09-18 22:10:45.577 [info] > git config --get commit.template [11ms]
2025-09-18 22:10:45.580 [info] > git for-each-ref --format=%(refname)%00%(upstream:short)%00%(objectname)%00%(upstream:track)%00%(upstream:remotename)%00%(upstream:remoteref) refs/heads/main refs/remotes/main [3ms]
2025-09-18 22:10:45.602 [info] > git for-each-ref --sort -committerdate --format %(refname)%00%(objectname)%00%(*objectname) [4ms]
2025-09-18 22:10:45.632 [info] > git status -z -uall [44ms]
2025-09-18 22:11:05.235 [info] > git for-each-ref --format=%(refname)%00%(upstream:short)%00%(objectname)%00%(upstream:track)%00%(upstream:remotename)%00%(upstream:remoteref) refs/heads/main refs/remotes/main [21ms]
2025-09-18 22:11:05.235 [info] > git config --get commit.template [101ms]
2025-09-18 22:11:05.367 [info] > git for-each-ref --sort -committerdate --format %(refname)%00%(objectname)%00%(*objectname) [33ms]
2025-09-18 22:11:05.371 [info] > git status -z -uall [78ms]
2025-09-18 22:11:10.449 [info] > git config --get commit.template [32ms]
2025-09-18 22:11:10.457 [info] > git for-each-ref --format=%(refname)%00%(upstream:short)%00%(objectname)%00%(upstream:track)%00%(upstream:remotename)%00%(upstream:remoteref) refs/heads/main refs/remotes/main [13ms]
2025-09-18 22:11:10.482 [info] > git for-each-ref --sort -committerdate --format %(refname)%00%(objectname)%00%(*objectname) [5ms]
2025-09-18 22:11:10.506 [info] > git status -z -uall [40ms]
2025-09-18 22:11:33.641 [info] > git config --get commit.template [17ms]
2025-09-18 22:11:33.644 [info] > git for-each-ref --format=%(refname)%00%(upstream:short)%00%(objectname)%00%(upstream:track)%00%(upstream:remotename)%00%(upstream:remoteref) refs/heads/main refs/remotes/main [5ms]
2025-09-18 22:11:33.670 [info] > git for-each-ref --sort -committerdate --format %(refname)%00%(objectname)%00%(*objectname) [5ms]
2025-09-18 22:11:33.698 [info] > git status -z -uall [45ms]
2025-09-18 22:12:22.693 [info] > git config --get commit.template [2ms]
2025-09-18 22:12:22.704 [info] > git for-each-ref --format=%(refname)%00%(upstream:short)%00%(objectname)%00%(upstream:track)%00%(upstream:remotename)%00%(upstream:remoteref) refs/heads/main refs/remotes/main [4ms]
2025-09-18 22:12:22.730 [info] > git for-each-ref --sort -committerdate --format %(refname)%00%(objectname)%00%(*objectname) [7ms]
2025-09-18 22:12:22.756 [info] > git status -z -uall [44ms]
2025-09-18 22:12:33.617 [info] > git config --get commit.template [16ms]
2025-09-18 22:12:33.619 [info] > git for-each-ref --format=%(refname)%00%(upstream:short)%00%(objectname)%00%(upstream:track)%00%(upstream:remotename)%00%(upstream:remoteref) refs/heads/main refs/remotes/main [6ms]
2025-09-18 22:12:33.642 [info] > git for-each-ref --sort -committerdate --format %(refname)%00%(objectname)%00%(*objectname) [5ms]
2025-09-18 22:12:33.675 [info] > git status -z -uall [47ms]
2025-09-18 22:14:05.003 [info] > git config --get commit.template [2ms]
2025-09-18 22:14:05.047 [info] > git for-each-ref --format=%(refname)%00%(upstream:short)%00%(objectname)%00%(upstream:track)%00%(upstream:remotename)%00%(upstream:remoteref) refs/heads/main refs/remotes/main [8ms]
2025-09-18 22:14:05.148 [info] > git for-each-ref --sort -committerdate --format %(refname)%00%(objectname)%00%(*objectname) [11ms]
2025-09-18 22:14:05.181 [info] > git status -z -uall [106ms]
2025-09-18 22:14:10.222 [info] > git config --get commit.template [14ms]
2025-09-18 22:14:10.226 [info] > git for-each-ref --format=%(refname)%00%(upstream:short)%00%(objectname)%00%(upstream:track)%00%(upstream:remotename)%00%(upstream:remoteref) refs/heads/main refs/remotes/main [7ms]
2025-09-18 22:14:10.263 [info] > git for-each-ref --sort -committerdate --format %(refname)%00%(objectname)%00%(*objectname) [10ms]
2025-09-18 22:14:10.284 [info] > git status -z -uall [44ms]
2025-09-18 22:14:34.227 [info] > git config --get commit.template [11ms]
2025-09-18 22:14:34.259 [info] > git for-each-ref --format=%(refname)%00%(upstream:short)%00%(objectname)%00%(upstream:track)%00%(upstream:remotename)%00%(upstream:remoteref) refs/heads/main refs/remotes/main [11ms]
2025-09-18 22:14:34.315 [info] > git for-each-ref --sort -committerdate --format %(refname)%00%(objectname)%00%(*objectname) [15ms]
2025-09-18 22:14:34.371 [info] > git status -z -uall [85ms]
2025-09-18 22:14:39.456 [info] > git config --get commit.template [16ms]
2025-09-18 22:14:39.463 [info] > git for-each-ref --format=%(refname)%00%(upstream:short)%00%(objectname)%00%(upstream:track)%00%(upstream:remotename)%00%(upstream:remoteref) refs/heads/main refs/remotes/main [9ms]
2025-09-18 22:14:39.495 [info] > git for-each-ref --sort -committerdate --format %(refname)%00%(objectname)%00%(*objectname) [7ms]
2025-09-18 22:14:39.548 [info] > git status -z -uall [75ms]
2025-09-18 22:15:22.901 [info] > git check-ignore -v -z --stdin [22ms]
2025-09-18 22:15:22.903 [info] > git check-ignore -v -z --stdin [8ms]
2025-09-18 22:15:25.032 [info] > git check-ignore -v -z --stdin [8ms]
2025-09-18 22:15:33.893 [info] > git config --get commit.template [5ms]
2025-09-18 22:15:33.908 [info] > git for-each-ref --format=%(refname)%00%(upstream:short)%00%(objectname)%00%(upstream:track)%00%(upstream:remotename)%00%(upstream:remoteref) refs/heads/main refs/remotes/main [4ms]
2025-09-18 22:15:33.934 [info] > git for-each-ref --sort -committerdate --format %(refname)%00%(objectname)%00%(*objectname) [5ms]
2025-09-18 22:15:33.964 [info] > git status -z -uall [47ms]
2025-09-18 22:15:38.580 [info] > git check-ignore -v -z --stdin [3ms]
2025-09-18 22:15:42.112 [info] > git check-ignore -v -z --stdin [11ms]
2025-09-18 22:15:46.872 [info] > git check-ignore -v -z --stdin [2ms]
2025-09-18 22:16:13.184 [info] > git check-ignore -v -z --stdin [4ms]
2025-09-18 22:16:14.007 [info] > git config --get commit.template [3ms]
2025-09-18 22:16:14.020 [info] > git for-each-ref --format=%(refname)%00%(upstream:short)%00%(objectname)%00%(upstream:track)%00%(upstream:remotename)%00%(upstream:remoteref) refs/heads/main refs/remotes/main [4ms]
2025-09-18 22:16:14.060 [info] > git for-each-ref --sort -committerdate --format %(refname)%00%(objectname)%00%(*objectname) [9ms]
2025-09-18 22:16:14.090 [info] > git status -z -uall [60ms]
2025-09-18 22:16:19.174 [info] > git config --get commit.template [34ms]
2025-09-18 22:16:19.179 [info] > git for-each-ref --format=%(refname)%00%(upstream:short)%00%(objectname)%00%(upstream:track)%00%(upstream:remotename)%00%(upstream:remoteref) refs/heads/main refs/remotes/main [15ms]
2025-09-18 22:16:19.228 [info] > git for-each-ref --sort -committerdate --format %(refname)%00%(objectname)%00%(*objectname) [8ms]
2025-09-18 22:16:19.256 [info] > git status -z -uall [58ms]
2025-09-18 22:16:24.315 [info] > git config --get commit.template [12ms]
2025-09-18 22:16:24.317 [info] > git for-each-ref --format=%(refname)%00%(upstream:short)%00%(objectname)%00%(upstream:track)%00%(upstream:remotename)%00%(upstream:remoteref) refs/heads/main refs/remotes/main [4ms]
2025-09-18 22:16:24.346 [info] > git for-each-ref --sort -committerdate --format %(refname)%00%(objectname)%00%(*objectname) [9ms]
2025-09-18 22:16:24.406 [info] > git status -z -uall [79ms]
2025-09-18 22:16:29.473 [info] > git config --get commit.template [15ms]
2025-09-18 22:16:29.479 [info] > git for-each-ref --format=%(refname)%00%(upstream:short)%00%(objectname)%00%(upstream:track)%00%(upstream:remotename)%00%(upstream:remoteref) refs/heads/main refs/remotes/main [9ms]
2025-09-18 22:16:29.506 [info] > git for-each-ref --sort -committerdate --format %(refname)%00%(objectname)%00%(*objectname) [5ms]
2025-09-18 22:16:29.552 [info] > git status -z -uall [62ms]
2025-09-18 22:16:34.651 [info] > git config --get commit.template [45ms]
2025-09-18 22:16:34.655 [info] > git for-each-ref --format=%(refname)%00%(upstream:short)%00%(objectname)%00%(upstream:track)%00%(upstream:remotename)%00%(upstream:remoteref) refs/heads/main refs/remotes/main [9ms]
2025-09-18 22:16:34.708 [info] > git for-each-ref --sort -committerdate --format %(refname)%00%(objectname)%00%(*objectname) [12ms]
2025-09-18 22:16:34.773 [info] > git status -z -uall [96ms]
2025-09-18 22:16:39.881 [info] > git config --get commit.template [28ms]
2025-09-18 22:16:39.884 [info] > git for-each-ref --format=%(refname)%00%(upstream:short)%00%(objectname)%00%(upstream:track)%00%(upstream:remotename)%00%(upstream:remoteref) refs/heads/main refs/remotes/main [9ms]
2025-09-18 22:16:40.015 [info] > git for-each-ref --sort -committerdate --format %(refname)%00%(objectname)%00%(*objectname) [35ms]
2025-09-18 22:16:40.076 [info] > git status -z -uall [176ms]
2025-09-18 22:16:45.159 [info] > git config --get commit.template [16ms]
2025-09-18 22:16:45.166 [info] > git for-each-ref --format=%(refname)%00%(upstream:short)%00%(objectname)%00%(upstream:track)%00%(upstream:remotename)%00%(upstream:remoteref) refs/heads/main refs/remotes/main [10ms]
2025-09-18 22:16:45.204 [info] > git for-each-ref --sort -committerdate --format %(refname)%00%(objectname)%00%(*objectname) [8ms]
2025-09-18 22:16:45.242 [info] > git status -z -uall [65ms]
2025-09-18 22:16:50.283 [info] > git config --get commit.template [11ms]
2025-09-18 22:16:50.287 [info] > git for-each-ref --format=%(refname)%00%(upstream:short)%00%(objectname)%00%(upstream:track)%00%(upstream:remotename)%00%(upstream:remoteref) refs/heads/main refs/remotes/main [5ms]
2025-09-18 22:16:50.316 [info] > git for-each-ref --sort -committerdate --format %(refname)%00%(objectname)%00%(*objectname) [8ms]
2025-09-18 22:16:50.337 [info] > git status -z -uall [41ms]
2025-09-18 22:16:55.114 [info] > git log --format=%H%n%aN%n%aE%n%at%n%ct%n%P%n%D%n%B -z -n51 --shortstat --follow -- /home/carlosjosuegarciaalvarado2006/anidados.js/Untitled-2.js [14ms]
2025-09-18 22:16:55.397 [info] > git config --get commit.template [26ms]
2025-09-18 22:16:55.417 [info] > git for-each-ref --format=%(refname)%00%(upstream:short)%00%(objectname)%00%(upstream:track)%00%(upstream:remotename)%00%(upstream:remoteref) refs/heads/main refs/remotes/main [22ms]
2025-09-18 22:16:55.491 [info] > git for-each-ref --sort -committerdate --format %(refname)%00%(objectname)%00%(*objectname) [34ms]
2025-09-18 22:16:55.504 [info] > git status -z -uall [69ms]
2025-09-18 22:16:58.148 [info] > git log --format=%H%n%aN%n%aE%n%at%n%ct%n%P%n%D%n%B -z --shortstat --diff-merges=first-parent -n50 --skip=0 --topo-order --decorate=full --stdin [334ms]
2025-09-18 22:16:58.933 [info] > git check-ignore -v -z --stdin [24ms]
2025-09-18 22:17:00.567 [info] > git config --get commit.template [6ms]
2025-09-18 22:17:00.590 [info] > git for-each-ref --format=%(refname)%00%(upstream:short)%00%(objectname)%00%(upstream:track)%00%(upstream:remotename)%00%(upstream:remoteref) refs/heads/main refs/remotes/main [8ms]
2025-09-18 22:17:00.648 [info] > git for-each-ref --sort -committerdate --format %(refname)%00%(objectname)%00%(*objectname) [11ms]
2025-09-18 22:17:00.685 [info] > git status -z -uall [81ms]
2025-09-18 22:17:00.918 [info] > git check-ignore -v -z --stdin [20ms]
2025-09-18 22:17:01.878 [info] > git check-ignore -v -z --stdin [25ms]
2025-09-18 22:17:01.883 [info] > git check-ignore -v -z --stdin [10ms]
2025-09-18 22:17:10.889 [info] > git config --get commit.template [4ms]
2025-09-18 22:17:10.908 [info] > git for-each-ref --format=%(refname)%00%(upstream:short)%00%(objectname)%00%(upstream:track)%00%(upstream:remotename)%00%(upstream:remoteref) refs/heads/main refs/remotes/main [3ms]
2025-09-18 22:17:10.933 [info] > git for-each-ref --sort -committerdate --format %(refname)%00%(objectname)%00%(*objectname) [5ms]
2025-09-18 22:17:10.957 [info] > git status -z -uall [39ms]
2025-09-18 22:17:14.552 [info] > git show --textconv :ejercicio 4.js [38ms]
2025-09-18 22:17:14.552 [info] > git ls-files --stage -- ejercicio 4.js [5ms]
2025-09-18 22:17:14.590 [info] > git cat-file -s 0f536264473909eb1173e1502f83c8fd69656653 [7ms]
2025-09-18 22:17:14.680 [info] > git blame --root --incremental 9630042e83dc3b28da9dc60d11f03b2fec160c8d -- ejercicio 4.js [8ms]
2025-09-18 22:17:16.031 [info] > git config --get commit.template [9ms]
2025-09-18 22:17:16.051 [info] > git for-each-ref --format=%(refname)%00%(upstream:short)%00%(objectname)%00%(upstream:track)%00%(upstream:remotename)%00%(upstream:remoteref) refs/heads/main refs/remotes/main [11ms]
2025-09-18 22:17:16.131 [info] > git for-each-ref --sort -committerdate --format %(refname)%00%(objectname)%00%(*objectname) [11ms]
2025-09-18 22:17:16.220 [info] > git status -z -uall [138ms]
2025-09-18 22:17:21.153 [info] > git show --textconv :ejercicio 4.js [24ms]
2025-09-18 22:17:21.160 [info] > git ls-files --stage -- ejercicio 4.js [9ms]
2025-09-18 22:17:21.179 [info] > git cat-file -s 0f536264473909eb1173e1502f83c8fd69656653 [7ms]
2025-09-18 22:17:21.274 [info] > git config --get commit.template [4ms]
2025-09-18 22:17:21.291 [info] > git for-each-ref --format=%(refname)%00%(upstream:short)%00%(objectname)%00%(upstream:track)%00%(upstream:remotename)%00%(upstream:remoteref) refs/heads/main refs/remotes/main [5ms]
2025-09-18 22:17:21.334 [info] > git for-each-ref --sort -committerdate --format %(refname)%00%(objectname)%00%(*objectname) [9ms]
2025-09-18 22:17:21.370 [info] > git status -z -uall [65ms]
2025-09-18 22:17:26.459 [info] > git config --get commit.template [26ms]
2025-09-18 22:17:26.467 [info] > git for-each-ref --format=%(refname)%00%(upstream:short)%00%(objectname)%00%(upstream:track)%00%(upstream:remotename)%00%(upstream:remoteref) refs/heads/main refs/remotes/main [10ms]
2025-09-18 22:17:26.501 [info] > git for-each-ref --sort -committerdate --format %(refname)%00%(objectname)%00%(*objectname) [5ms]
2025-09-18 22:17:26.526 [info] > git status -z -uall [45ms]
2025-09-18 22:17:29.713 [info] > git show --textconv :ejercicio 2.js [28ms]
2025-09-18 22:17:29.747 [info] > git ls-files --stage -- ejercicio 2.js [45ms]
2025-09-18 22:17:29.776 [info] > git cat-file -s f0f3c036ea37f102e904a29a4f2754c53e1f63a3 [11ms]
2025-09-18 22:17:29.834 [info] > git blame --root --incremental 9630042e83dc3b28da9dc60d11f03b2fec160c8d -- ejercicio 2.js [6ms]
2025-09-18 22:17:31.591 [info] > git config --get commit.template [14ms]
2025-09-18 22:17:31.592 [info] > git for-each-ref --format=%(refname)%00%(upstream:short)%00%(objectname)%00%(upstream:track)%00%(upstream:remotename)%00%(upstream:remoteref) refs/heads/main refs/remotes/main [2ms]
2025-09-18 22:17:31.619 [info] > git for-each-ref --sort -committerdate --format %(refname)%00%(objectname)%00%(*objectname) [5ms]
2025-09-18 22:17:31.644 [info] > git status -z -uall [41ms]
2025-09-18 22:17:32.469 [info] > git show --textconv :ejercicio 1.js [47ms]
2025-09-18 22:17:32.472 [info] > git ls-files --stage -- ejercicio 1.js [15ms]
2025-09-18 22:17:32.488 [info] > git cat-file -s 52e54303b99c61ef789354149b3c8a6f286e0ddd [2ms]
2025-09-18 22:17:34.868 [info] > git show --textconv :ejercicio 4.js [31ms]
2025-09-18 22:17:34.889 [info] > git ls-files --stage -- ejercicio 4.js [23ms]
2025-09-18 22:17:34.918 [info] > git cat-file -s 0f536264473909eb1173e1502f83c8fd69656653 [16ms]
2025-09-18 22:17:36.685 [info] > git config --get commit.template [15ms]
2025-09-18 22:17:36.686 [info] > git for-each-ref --format=%(refname)%00%(upstream:short)%00%(objectname)%00%(upstream:track)%00%(upstream:remotename)%00%(upstream:remoteref) refs/heads/main refs/remotes/main [6ms]
2025-09-18 22:17:36.720 [info] > git for-each-ref --sort -committerdate --format %(refname)%00%(objectname)%00%(*objectname) [8ms]
2025-09-18 22:17:36.748 [info] > git status -z -uall [48ms]
2025-09-18 22:17:39.038 [info] > git show --textconv :ejercicio 3.js [21ms]
2025-09-18 22:17:39.047 [info] > git ls-files --stage -- ejercicio 3.js [10ms]
2025-09-18 22:17:39.071 [info] > git cat-file -s 476cf66fd357369d92a25c4d1cbe5c95cf8ca4c4 [11ms]
2025-09-18 22:17:39.108 [info] > git blame --root --incremental 9630042e83dc3b28da9dc60d11f03b2fec160c8d -- ejercicio 3.js [8ms]
2025-09-18 22:17:55.964 [info] > git config --get commit.template [11ms]
2025-09-18 22:17:55.966 [info] > git for-each-ref --format=%(refname)%00%(upstream:short)%00%(objectname)%00%(upstream:track)%00%(upstream:remotename)%00%(upstream:remoteref) refs/heads/main refs/remotes/main [4ms]
2025-09-18 22:17:55.992 [info] > git for-each-ref --sort -committerdate --format %(refname)%00%(objectname)%00%(*objectname) [5ms]
2025-09-18 22:17:56.029 [info] > git status -z -uall [54ms]
2025-09-18 22:17:57.589 [info] > git check-ignore -v -z --stdin [8ms]
2025-09-18 22:17:58.207 [info] > git config --get commit.template [24ms]
2025-09-18 22:17:58.214 [info] > git for-each-ref --format=%(refname)%00%(upstream:short)%00%(objectname)%00%(upstream:track)%00%(upstream:remotename)%00%(upstream:remoteref) refs/heads/main refs/remotes/main [11ms]
2025-09-18 22:17:58.242 [info] > git status -z -uall [15ms]
2025-09-18 22:17:58.245 [info] > git for-each-ref --sort -committerdate --format %(refname)%00%(objectname)%00%(*objectname) [7ms]
2025-09-18 22:17:59.918 [info] > git show --textconv :ejercicio 1.js [19ms]
2025-09-18 22:17:59.926 [info] > git ls-files --stage -- ejercicio 1.js [9ms]
2025-09-18 22:17:59.955 [info] > git cat-file -s 52e54303b99c61ef789354149b3c8a6f286e0ddd [12ms]
2025-09-18 22:18:01.073 [info] > git config --get commit.template [4ms]
2025-09-18 22:18:01.101 [info] > git for-each-ref --format=%(refname)%00%(upstream:short)%00%(objectname)%00%(upstream:track)%00%(upstream:remotename)%00%(upstream:remoteref) refs/heads/main refs/remotes/main [11ms]
2025-09-18 22:18:01.152 [info] > git for-each-ref --sort -committerdate --format %(refname)%00%(objectname)%00%(*objectname) [17ms]
2025-09-18 22:18:01.192 [info] > git status -z -uall [76ms]
2025-09-18 22:18:08.352 [info] > git show --textconv :ejercicio 2.js [11ms]
2025-09-18 22:18:08.388 [info] > git ls-files --stage -- ejercicio 2.js [7ms]
2025-09-18 22:18:08.405 [info] > git cat-file -s f0f3c036ea37f102e904a29a4f2754c53e1f63a3 [6ms]
2025-09-18 22:18:12.733 [info] > git config --get commit.template [12ms]
2025-09-18 22:18:12.781 [info] > git for-each-ref --format=%(refname)%00%(upstream:short)%00%(objectname)%00%(upstream:track)%00%(upstream:remotename)%00%(upstream:remoteref) refs/heads/main refs/remotes/main [11ms]
2025-09-18 22:18:12.832 [info] > git for-each-ref --sort -committerdate --format %(refname)%00%(objectname)%00%(*objectname) [9ms]
2025-09-18 22:18:12.887 [info] > git status -z -uall [90ms]
2025-09-18 22:18:13.337 [info] > git show --textconv :ejercicio 2.js [26ms]
2025-09-18 22:18:13.354 [info] > git ls-files --stage -- ejercicio 2.js [18ms]
2025-09-18 22:18:13.377 [info] > git cat-file -s f0f3c036ea37f102e904a29a4f2754c53e1f63a3 [7ms]
2025-09-18 22:18:15.959 [info] > git ls-files --stage -- ejercicio 3.js [10ms]
2025-09-18 22:18:15.975 [info] > git show --textconv :ejercicio 3.js [39ms]
2025-09-18 22:18:15.979 [info] > git cat-file -s 476cf66fd357369d92a25c4d1cbe5c95cf8ca4c4 [9ms]
2025-09-18 22:18:18.045 [info] > git config --get commit.template [53ms]
2025-09-18 22:18:18.056 [info] > git for-each-ref --format=%(refname)%00%(upstream:short)%00%(objectname)%00%(upstream:track)%00%(upstream:remotename)%00%(upstream:remoteref) refs/heads/main refs/remotes/main [15ms]
2025-09-18 22:18:18.174 [info] > git for-each-ref --sort -committerdate --format %(refname)%00%(objectname)%00%(*objectname) [21ms]
2025-09-18 22:18:18.287 [info] > git status -z -uall [183ms]
2025-09-18 22:18:20.645 [info] > git show --textconv :Untitled-1.js [48ms]
2025-09-18 22:18:20.726 [info] > git check-ignore -v -z --stdin [7ms]
2025-09-18 22:18:20.729 [info] > git hash-object -t tree /dev/null [59ms]
2025-09-18 22:18:20.735 [warning] [GitFileSystemProvider][readFile] File not found - git:/home/carlosjosuegarciaalvarado2006/Trabajo.js/Untitled-1.js.git?%7B%22path%22%3A%22%2Fhome%2Fcarlosjosuegarciaalvarado2006%2FTrabajo.js%2FUntitled-1.js%22%2C%22ref%22%3A%22%22%7D
2025-09-18 22:18:20.745 [info] > git ls-files --stage -- Untitled-1.js [113ms]
2025-09-18 22:18:20.746 [warning] [GitFileSystemProvider][stat] File not found - git:/home/carlosjosuegarciaalvarado2006/Trabajo.js/Untitled-1.js.git?%7B%22path%22%3A%22%2Fhome%2Fcarlosjosuegarciaalvarado2006%2FTrabajo.js%2FUntitled-1.js%22%2C%22ref%22%3A%22%22%7D
2025-09-18 22:18:21.410 [info] > git config --get commit.template [7ms]
2025-09-18 22:18:21.432 [info] > git for-each-ref --format=%(refname)%00%(upstream:short)%00%(objectname)%00%(upstream:track)%00%(upstream:remotename)%00%(upstream:remoteref) refs/heads/main refs/remotes/main [8ms]
2025-09-18 22:18:21.470 [info] > git status -z -uall [22ms]
2025-09-18 22:18:21.470 [info] > git for-each-ref --sort -committerdate --format %(refname)%00%(objectname)%00%(*objectname) [8ms]
2025-09-18 22:18:23.375 [info] > git config --get commit.template [31ms]
2025-09-18 22:18:23.382 [info] > git for-each-ref --format=%(refname)%00%(upstream:short)%00%(objectname)%00%(upstream:track)%00%(upstream:remotename)%00%(upstream:remoteref) refs/heads/main refs/remotes/main [9ms]
2025-09-18 22:18:23.451 [info] > git for-each-ref --sort -committerdate --format %(refname)%00%(objectname)%00%(*objectname) [11ms]
2025-09-18 22:18:23.584 [info] > git status -z -uall [170ms]
2025-09-18 22:18:25.464 [info] > git check-ignore -v -z --stdin [22ms]
2025-09-18 22:18:25.554 [info] > git show --textconv :Untitled-2.js [33ms]
2025-09-18 22:18:25.559 [warning] [GitFileSystemProvider][readFile] File not found - git:/home/carlosjosuegarciaalvarado2006/Trabajo.js/Untitled-2.js.git?%7B%22path%22%3A%22%2Fhome%2Fcarlosjosuegarciaalvarado2006%2FTrabajo.js%2FUntitled-2.js%22%2C%22ref%22%3A%22%22%7D
2025-09-18 22:18:25.564 [info] > git ls-files --stage -- Untitled-2.js [13ms]
2025-09-18 22:18:25.565 [warning] [GitFileSystemProvider][stat] File not found - git:/home/carlosjosuegarciaalvarado2006/Trabajo.js/Untitled-2.js.git?%7B%22path%22%3A%22%2Fhome%2Fcarlosjosuegarciaalvarado2006%2FTrabajo.js%2FUntitled-2.js%22%2C%22ref%22%3A%22%22%7D
2025-09-18 22:18:26.545 [info] > git config --get commit.template [9ms]
2025-09-18 22:18:26.574 [info] > git for-each-ref --format=%(refname)%00%(upstream:short)%00%(objectname)%00%(upstream:track)%00%(upstream:remotename)%00%(upstream:remoteref) refs/heads/main refs/remotes/main [6ms]
2025-09-18 22:18:26.626 [info] > git status -z -uall [32ms]
2025-09-18 22:18:26.635 [info] > git for-each-ref --sort -committerdate --format %(refname)%00%(objectname)%00%(*objectname) [11ms]
2025-09-18 22:18:28.699 [info] > git config --get commit.template [14ms]
2025-09-18 22:18:28.732 [info] > git for-each-ref --format=%(refname)%00%(upstream:short)%00%(objectname)%00%(upstream:track)%00%(upstream:remotename)%00%(upstream:remoteref) refs/heads/main refs/remotes/main [9ms]
2025-09-18 22:18:28.798 [info] > git for-each-ref --sort -committerdate --format %(refname)%00%(objectname)%00%(*objectname) [12ms]
2025-09-18 22:18:28.892 [info] > git status -z -uall [131ms]
2025-09-18 22:18:34.006 [info] > git config --get commit.template [3ms]
2025-09-18 22:18:34.032 [info] > git for-each-ref --format=%(refname)%00%(upstream:short)%00%(objectname)%00%(upstream:track)%00%(upstream:remotename)%00%(upstream:remoteref) refs/heads/main refs/remotes/main [11ms]
2025-09-18 22:18:34.110 [info] > git for-each-ref --sort -committerdate --format %(refname)%00%(objectname)%00%(*objectname) [11ms]
2025-09-18 22:18:34.124 [info] > git status -z -uall [70ms]
2025-09-18 22:18:36.915 [info] > git show --textconv :README.md [14ms]
2025-09-18 22:18:36.920 [info] > git ls-files --stage -- README.md [6ms]
2025-09-18 22:18:36.935 [info] > git cat-file -s 1182abea8ed7335751496065db8e9b39f67c1411 [5ms]
2025-09-18 22:18:37.373 [info] > git show --textconv :ejercicio 4.js [34ms]
2025-09-18 22:18:37.385 [info] > git ls-files --stage -- ejercicio 4.js [20ms]
2025-09-18 22:18:37.442 [info] > git cat-file -s 0f536264473909eb1173e1502f83c8fd69656653 [29ms]
2025-09-18 22:18:39.173 [info] > git config --get commit.template [13ms]
2025-09-18 22:18:39.175 [info] > git for-each-ref --format=%(refname)%00%(upstream:short)%00%(objectname)%00%(upstream:track)%00%(upstream:remotename)%00%(upstream:remoteref) refs/heads/main refs/remotes/main [4ms]
2025-09-18 22:18:39.209 [info] > git for-each-ref --sort -committerdate --format %(refname)%00%(objectname)%00%(*objectname) [5ms]
2025-09-18 22:18:39.240 [info] > git status -z -uall [53ms]
2025-09-18 22:18:41.486 [info] > git show --textconv :ejercicio 3.js [22ms]
2025-09-18 22:18:41.487 [info] > git ls-files --stage -- ejercicio 3.js [9ms]
2025-09-18 22:18:41.506 [info] > git cat-file -s 476cf66fd357369d92a25c4d1cbe5c95cf8ca4c4 [9ms]
2025-09-18 22:18:44.617 [info] > git config --get commit.template [34ms]
2025-09-18 22:18:44.625 [info] > git for-each-ref --format=%(refname)%00%(upstream:short)%00%(objectname)%00%(upstream:track)%00%(upstream:remotename)%00%(upstream:remoteref) refs/heads/main refs/remotes/main [21ms]
2025-09-18 22:18:44.676 [info] > git for-each-ref --sort -committerdate --format %(refname)%00%(objectname)%00%(*objectname) [8ms]
2025-09-18 22:18:44.699 [info] > git status -z -uall [55ms]
2025-09-18 22:18:49.752 [info] > git config --get commit.template [15ms]
2025-09-18 22:18:49.781 [info] > git for-each-ref --format=%(refname)%00%(upstream:short)%00%(objectname)%00%(upstream:track)%00%(upstream:remotename)%00%(upstream:remoteref) refs/heads/main refs/remotes/main [10ms]
2025-09-18 22:18:49.875 [info] > git for-each-ref --sort -committerdate --format %(refname)%00%(objectname)%00%(*objectname) [12ms]
2025-09-18 22:18:49.907 [info] > git status -z -uall [64ms]
2025-09-18 22:18:55.385 [info] > git config --get commit.template [45ms]
2025-09-18 22:18:55.391 [info] > git for-each-ref --format=%(refname)%00%(upstream:short)%00%(objectname)%00%(upstream:track)%00%(upstream:remotename)%00%(upstream:remoteref) refs/heads/main refs/remotes/main [22ms]
2025-09-18 22:18:55.509 [info] > git for-each-ref --sort -committerdate --format %(refname)%00%(objectname)%00%(*objectname) [20ms]
2025-09-18 22:18:55.643 [info] > git status -z -uall [188ms]
2025-09-18 22:18:56.718 [info] > git config --get commit.template [4ms]
2025-09-18 22:18:56.730 [info] > git for-each-ref --format=%(refname)%00%(upstream:short)%00%(objectname)%00%(upstream:track)%00%(upstream:remotename)%00%(upstream:remoteref) refs/heads/main refs/remotes/main [3ms]
2025-09-18 22:18:56.750 [info] > git status -z -uall [11ms]
2025-09-18 22:18:56.754 [info] > git for-each-ref --sort -committerdate --format %(refname)%00%(objectname)%00%(*objectname) [5ms]
2025-09-18 22:19:00.992 [info] > git config --get commit.template [31ms]
2025-09-18 22:19:01.031 [info] > git for-each-ref --format=%(refname)%00%(upstream:short)%00%(objectname)%00%(upstream:track)%00%(upstream:remotename)%00%(upstream:remoteref) refs/heads/main refs/remotes/main [8ms]
2025-09-18 22:19:01.121 [info] > git for-each-ref --sort -committerdate --format %(refname)%00%(objectname)%00%(*objectname) [6ms]
2025-09-18 22:19:01.253 [info] > git status -z -uall [174ms]
2025-09-18 22:19:02.375 [info] > git config --get commit.template [17ms]
2025-09-18 22:19:02.377 [info] > git for-each-ref --format=%(refname)%00%(upstream:short)%00%(objectname)%00%(upstream:track)%00%(upstream:remotename)%00%(upstream:remoteref) refs/heads/main refs/remotes/main [3ms]
2025-09-18 22:19:02.397 [info] > git status -z -uall [11ms]
2025-09-18 22:19:02.400 [info] > git for-each-ref --sort -committerdate --format %(refname)%00%(objectname)%00%(*objectname) [4ms]
2025-09-18 22:19:06.370 [info] > git config --get commit.template [24ms]
2025-09-18 22:19:06.377 [info] > git for-each-ref --format=%(refname)%00%(upstream:short)%00%(objectname)%00%(upstream:track)%00%(upstream:remotename)%00%(upstream:remoteref) refs/heads/main refs/remotes/main [11ms]
2025-09-18 22:19:06.402 [info] > git for-each-ref --sort -committerdate --format %(refname)%00%(objectname)%00%(*objectname) [3ms]
2025-09-18 22:19:06.445 [info] > git status -z -uall [57ms]
2025-09-18 22:19:09.684 [info] > git config --get commit.template [15ms]
2025-09-18 22:19:09.688 [info] > git for-each-ref --format=%(refname)%00%(upstream:short)%00%(objectname)%00%(upstream:track)%00%(upstream:remotename)%00%(upstream:remoteref) refs/heads/main refs/remotes/main [8ms]
2025-09-18 22:19:09.708 [info] > git status -z -uall [11ms]
2025-09-18 22:19:09.712 [info] > git for-each-ref --sort -committerdate --format %(refname)%00%(objectname)%00%(*objectname) [5ms]
2025-09-18 22:19:12.552 [info] > git config --get commit.template [11ms]
2025-09-18 22:19:12.583 [info] > git for-each-ref --format=%(refname)%00%(upstream:short)%00%(objectname)%00%(upstream:track)%00%(upstream:remotename)%00%(upstream:remoteref) refs/heads/main refs/remotes/main [10ms]
2025-09-18 22:19:12.627 [info] > git for-each-ref --sort -committerdate --format %(refname)%00%(objectname)%00%(*objectname) [10ms]
2025-09-18 22:19:12.660 [info] > git status -z -uall [64ms]
2025-09-18 22:19:14.750 [info] > git config --get commit.template [5ms]
2025-09-18 22:19:14.776 [info] > git for-each-ref --format=%(refname)%00%(upstream:short)%00%(objectname)%00%(upstream:track)%00%(upstream:remotename)%00%(upstream:remoteref) refs/heads/main refs/remotes/main [14ms]
2025-09-18 22:19:14.812 [info] > git status -z -uall [21ms]
2025-09-18 22:19:14.823 [info] > git for-each-ref --sort -committerdate --format %(refname)%00%(objectname)%00%(*objectname) [12ms]
2025-09-18 22:19:17.706 [info] > git config --get commit.template [12ms]
2025-09-18 22:19:17.708 [info] > git for-each-ref --format=%(refname)%00%(upstream:short)%00%(objectname)%00%(upstream:track)%00%(upstream:remotename)%00%(upstream:remoteref) refs/heads/main refs/remotes/main [3ms]
2025-09-18 22:19:17.738 [info] > git for-each-ref --sort -committerdate --format %(refname)%00%(objectname)%00%(*objectname) [4ms]
2025-09-18 22:19:17.793 [info] > git status -z -uall [74ms]
2025-09-18 22:19:48.360 [info] > git config --get commit.template [22ms]
2025-09-18 22:19:48.367 [info] > git for-each-ref --format=%(refname)%00%(upstream:short)%00%(objectname)%00%(upstream:track)%00%(upstream:remotename)%00%(upstream:remoteref) refs/heads/main refs/remotes/main [9ms]
2025-09-18 22:19:48.423 [info] > git for-each-ref --sort -committerdate --format %(refname)%00%(objectname)%00%(*objectname) [12ms]
2025-09-18 22:19:48.448 [info] > git status -z -uall [57ms]
2025-09-18 22:19:53.514 [info] > git config --get commit.template [26ms]
2025-09-18 22:19:53.521 [info] > git for-each-ref --format=%(refname)%00%(upstream:short)%00%(objectname)%00%(upstream:track)%00%(upstream:remotename)%00%(upstream:remoteref) refs/heads/main refs/remotes/main [10ms]
2025-09-18 22:19:53.559 [info] > git for-each-ref --sort -committerdate --format %(refname)%00%(objectname)%00%(*objectname) [6ms]
2025-09-18 22:19:53.608 [info] > git status -z -uall [70ms]
2025-09-18 22:20:01.013 [info] > git config --get commit.template [10ms]
2025-09-18 22:20:01.015 [info] > git for-each-ref --format=%(refname)%00%(upstream:short)%00%(objectname)%00%(upstream:track)%00%(upstream:remotename)%00%(upstream:remoteref) refs/heads/main refs/remotes/main [3ms]
2025-09-18 22:20:01.047 [info] > git for-each-ref --sort -committerdate --format %(refname)%00%(objectname)%00%(*objectname) [4ms]
2025-09-18 22:20:01.077 [info] > git status -z -uall [48ms]
2025-09-18 22:20:06.233 [info] > git config --get commit.template [15ms]
2025-09-18 22:20:06.262 [info] > git for-each-ref --format=%(refname)%00%(upstream:short)%00%(objectname)%00%(upstream:track)%00%(upstream:remotename)%00%(upstream:remoteref) refs/heads/main refs/remotes/main [7ms]
2025-09-18 22:20:06.322 [info] > git status -z -uall [37ms]
2025-09-18 22:20:06.332 [info] > git for-each-ref --sort -committerdate --format %(refname)%00%(objectname)%00%(*objectname) [17ms]
2025-09-18 22:20:06.577 [info] > git config --get commit.template [9ms]
2025-09-18 22:20:06.634 [info] > git for-each-ref --format=%(refname)%00%(upstream:short)%00%(objectname)%00%(upstream:track)%00%(upstream:remotename)%00%(upstream:remoteref) refs/heads/main refs/remotes/main [15ms]
2025-09-18 22:20:06.748 [info] > git for-each-ref --sort -committerdate --format %(refname)%00%(objectname)%00%(*objectname) [18ms]
2025-09-18 22:20:06.901 [info] > git status -z -uall [217ms]
