2025-10-25 20:33:59.642 [warning] Via 'product.json#extensionEnabledApiProposals' extension 'ms-vsliveshare.vsliveshare' wants API proposal 'notebookCellExecutionState' but that proposal DOES NOT EXIST. Likely, the proposal has been finalized (check 'vscode.d.ts') or was abandoned.
2025-10-25 20:33:59.667 [warning] Via 'product.json#extensionEnabledApiProposals' extension 'ms-python.gather' wants API proposal 'notebookCellExecutionState' but that proposal DOES NOT EXIST. Likely, the proposal has been finalized (check 'vscode.d.ts') or was abandoned.
2025-10-25 20:33:59.669 [warning] Via 'product.json#extensionEnabledApiProposals' extension 'ms-python.vscode-pylance' wants API proposal 'mcpConfigurationProvider' but that proposal DOES NOT EXIST. Likely, the proposal has been finalized (check 'vscode.d.ts') or was abandoned.
2025-10-25 20:34:01.450 [info] Started local extension host with pid 461.
2025-10-25 20:34:15.457 [info] Extension host (LocalProcess pid: 461) is unresponsive.
2025-10-25 20:34:16.511 [info] Extension host (LocalProcess pid: 461) is responsive.
2025-10-25 20:34:26.604 [info] Settings Sync: Account status changed from uninitialized to unavailable
2025-10-25 20:34:28.843 [warning] Creation of workbench contribution 'workbench.contrib.configurationMigration' took 152ms.
2025-10-25 20:34:31.037 [info] [perf] Render performance baseline is 378ms
2025-10-25 20:35:20.819 [warning] [File Watcher (node.js)] Watcher shutdown because watched path got deleted
2025-10-25 21:27:05.763 [error] <semantic> TypeScript Server Error (5.9.2)
Debug Failure. File /home/carlosjosuegarciaalvarado2006/Trabajo.js/funcion/resta,js has unknown extension.
Error: Debug Failure. File /home/carlosjosuegarciaalvarado2006/Trabajo.js/funcion/resta,js has unknown extension.
    at extensionFromPath (/usr/share/code/resources/app/extensions/node_modules/typescript/lib/typescript.js:22738:39)
    at createNewFileName (/usr/share/code/resources/app/extensions/node_modules/typescript/lib/typescript.js:147701:23)
    at doChange4 (/usr/share/code/resources/app/extensions/node_modules/typescript/lib/typescript.js:148278:23)
    at /usr/share/code/resources/app/extensions/node_modules/typescript/lib/typescript.js:148271:77
    at _ChangeTracker.with (/usr/share/code/resources/app/extensions/node_modules/typescript/lib/typescript.js:179190:5)
    at Object.getRefactorEditsToMoveToNewFile [as getEditsForAction] (/usr/share/code/resources/app/extensions/node_modules/typescript/lib/typescript.js:148271:60)
    at Object.getEditsForRefactor (/usr/share/code/resources/app/extensions/node_modules/typescript/lib/typescript.js:146376:31)
    at Object.getEditsForRefactor2 [as getEditsForRefactor] (/usr/share/code/resources/app/extensions/node_modules/typescript/lib/typescript.js:153902:32)
    at IpcIOSession.getEditsForRefactor (/usr/share/code/resources/app/extensions/node_modules/typescript/lib/typescript.js:196388:49)
    at getEditsForRefactor (/usr/share/code/resources/app/extensions/node_modules/typescript/lib/typescript.js:194532:43)
    at /usr/share/code/resources/app/extensions/node_modules/typescript/lib/typescript.js:196809:15
    at IpcIOSession.executeWithRequestId (/usr/share/code/resources/app/extensions/node_modules/typescript/lib/typescript.js:196798:14)
    at IpcIOSession.executeCommand (/usr/share/code/resources/app/extensions/node_modules/typescript/lib/typescript.js:196807:29)
    at IpcIOSession.onMessage (/usr/share/code/resources/app/extensions/node_modules/typescript/lib/typescript.js:196855:68)
    at process.<anonymous> (/usr/share/code/resources/app/extensions/node_modules/typescript/lib/_tsserver.js:519:14)
    at process.emit (node:events:518:28)
    at emit (node:internal/child_process:949:14)
    at process.processTicksAndRejections (node:internal/process/task_queues:91:21): Error: <semantic> TypeScript Server Error (5.9.2)
Debug Failure. File /home/carlosjosuegarciaalvarado2006/Trabajo.js/funcion/resta,js has unknown extension.
Error: Debug Failure. File /home/carlosjosuegarciaalvarado2006/Trabajo.js/funcion/resta,js has unknown extension.
    at extensionFromPath (/usr/share/code/resources/app/extensions/node_modules/typescript/lib/typescript.js:22738:39)
    at createNewFileName (/usr/share/code/resources/app/extensions/node_modules/typescript/lib/typescript.js:147701:23)
    at doChange4 (/usr/share/code/resources/app/extensions/node_modules/typescript/lib/typescript.js:148278:23)
    at /usr/share/code/resources/app/extensions/node_modules/typescript/lib/typescript.js:148271:77
    at _ChangeTracker.with (/usr/share/code/resources/app/extensions/node_modules/typescript/lib/typescript.js:179190:5)
    at Object.getRefactorEditsToMoveToNewFile [as getEditsForAction] (/usr/share/code/resources/app/extensions/node_modules/typescript/lib/typescript.js:148271:60)
    at Object.getEditsForRefactor (/usr/share/code/resources/app/extensions/node_modules/typescript/lib/typescript.js:146376:31)
    at Object.getEditsForRefactor2 [as getEditsForRefactor] (/usr/share/code/resources/app/extensions/node_modules/typescript/lib/typescript.js:153902:32)
    at IpcIOSession.getEditsForRefactor (/usr/share/code/resources/app/extensions/node_modules/typescript/lib/typescript.js:196388:49)
    at getEditsForRefactor (/usr/share/code/resources/app/extensions/node_modules/typescript/lib/typescript.js:194532:43)
    at /usr/share/code/resources/app/extensions/node_modules/typescript/lib/typescript.js:196809:15
    at IpcIOSession.executeWithRequestId (/usr/share/code/resources/app/extensions/node_modules/typescript/lib/typescript.js:196798:14)
    at IpcIOSession.executeCommand (/usr/share/code/resources/app/extensions/node_modules/typescript/lib/typescript.js:196807:29)
    at IpcIOSession.onMessage (/usr/share/code/resources/app/extensions/node_modules/typescript/lib/typescript.js:196855:68)
    at process.<anonymous> (/usr/share/code/resources/app/extensions/node_modules/typescript/lib/_tsserver.js:519:14)
    at process.emit (node:events:518:28)
    at emit (node:internal/child_process:949:14)
    at process.processTicksAndRejections (node:internal/process/task_queues:91:21)
	at n.create (/usr/share/code/resources/app/extensions/typescript-language-features/dist/extension.js:2:355934)
	at y.dispatchResponse (/usr/share/code/resources/app/extensions/typescript-language-features/dist/extension.js:2:30501)
	at y.dispatchMessage (/usr/share/code/resources/app/extensions/typescript-language-features/dist/extension.js:2:28942)
	at ChildProcess.<anonymous> (/usr/share/code/resources/app/extensions/typescript-language-features/dist/extension.js:2:28440)
	at ChildProcess.emit (node:events:518:28)
	at emit (node:internal/child_process:949:14)
	at process.processTicksAndRejections (node:internal/process/task_queues:91:21)
2025-10-25 21:57:09.015 [warning] [File Watcher (node.js)] Watcher shutdown because watched path got deleted
