2025-09-18 21:31:29.146 [warning] Via 'product.json#extensionEnabledApiProposals' extension 'ms-vsliveshare.vsliveshare' wants API proposal 'notebookCellExecutionState' but that proposal DOES NOT EXIST. Likely, the proposal has been finalized (check 'vscode.d.ts') or was abandoned.
2025-09-18 21:31:29.226 [warning] Via 'product.json#extensionEnabledApiProposals' extension 'ms-python.gather' wants API proposal 'notebookCellExecutionState' but that proposal DOES NOT EXIST. Likely, the proposal has been finalized (check 'vscode.d.ts') or was abandoned.
2025-09-18 21:31:29.230 [warning] Via 'product.json#extensionEnabledApiProposals' extension 'ms-python.vscode-pylance' wants API proposal 'mcpConfigurationProvider' but that proposal DOES NOT EXIST. Likely, the proposal has been finalized (check 'vscode.d.ts') or was abandoned.
2025-09-18 21:31:29.743 [warning] Creation of workbench contribution 'workbench.contrib.preferencesActions' took 49ms.
2025-09-18 21:31:29.814 [warning] Creation of workbench contribution 'workbench.contrib.explorerViewletViews' took 21ms.
2025-09-18 21:31:29.880 [warning] Creation of workbench contribution 'workbench.contrib.remoteStatusIndicator' took 49ms.
2025-09-18 21:31:30.008 [warning] Creation of workbench contribution 'workbench.contrib.chatSetup' took 50ms.
2025-09-18 21:31:30.060 [warning] Creation of workbench contribution 'mcpContextKeys' took 21ms.
2025-09-18 21:31:30.110 [warning] Creation of workbench contribution 'workbench.contrib.interactiveDocument' took 21ms.
2025-09-18 21:31:30.150 [warning] Creation of workbench contribution 'workbench.contrib.userDataProfiles' took 29ms.
2025-09-18 21:31:30.207 [warning] Creation of workbench contribution 'workbench.contrib.configurationDefaultOverridesContribution' took 33ms.
2025-09-18 21:31:34.591 [info] Started local extension host with pid 569.
2025-09-18 21:32:03.143 [info] Extension host (LocalProcess pid: 569) is unresponsive.
2025-09-18 21:32:05.622 [info] Extension host (LocalProcess pid: 569) is responsive.
2025-09-18 21:32:23.758 [warning] Creation of workbench contribution 'chat.simpleBrowser.overlay' took 108ms.
2025-09-18 21:32:28.881 [info] Settings Sync: Account status changed from uninitialized to unavailable
2025-09-18 21:32:32.527 [warning] Creation of workbench contribution 'workbench.contrib.configurationMigration' took 665ms.
2025-09-18 21:32:33.239 [warning] Creation of workbench contribution 'chat.relatedFilesWorkingSet' took 103ms.
2025-09-18 21:32:34.313 [warning] Creation of workbench contribution 'workbench.contrib.dropOrPasteIntoSchema' took 167ms.
2025-09-18 21:32:34.554 [info] [perf] Render performance baseline is 545ms
2025-09-18 21:34:52.060 [error] [Extension Host] (node:569) [DEP0040] DeprecationWarning: The `punycode` module is deprecated. Please use a userland alternative instead.
(Use `exe --trace-deprecation ...` to show where the warning was created)
