0 verbose cli /usr/bin/node /usr/bin/npm
1 info using npm@9.2.0
2 info using node@v18.20.4
3 timing npm:load:whichnode Completed in 2ms
4 timing config:load:defaults Completed in 16ms
5 timing config:load:file:/usr/share/nodejs/npm/npmrc Completed in 18ms
6 timing config:load:builtin Completed in 18ms
7 timing config:load:cli Completed in 6ms
8 timing config:load:env Completed in 1ms
9 timing config:load:file:/home/carlosjosuegarciaalvarado2006/.cache/typescript/5.9/.npmrc Completed in 5ms
10 timing config:load:project Completed in 10ms
11 timing config:load:file:/home/carlosjosuegarciaalvarado2006/.npmrc Completed in 2ms
12 timing config:load:user Completed in 4ms
13 timing config:load:file:/etc/npmrc Completed in 1ms
14 timing config:load:global Completed in 1ms
15 timing config:load:setEnvs Completed in 3ms
16 timing config:load Completed in 62ms
17 timing npm:load:configload Completed in 62ms
18 timing npm:load:mkdirpcache Completed in 24ms
19 timing npm:load:mkdirplogs Completed in 1ms
20 verbose title npm install types-registry@latest
21 verbose argv "install" "--ignore-scripts" "types-registry@latest"
22 timing npm:load:setTitle Completed in 4ms
23 timing config:load:flatten Completed in 16ms
24 timing npm:load:display Completed in 20ms
25 verbose logfile logs-max:10 dir:/home/carlosjosuegarciaalvarado2006/.npm/_logs/2025-11-15T03_40_09_852Z-
26 verbose logfile /home/carlosjosuegarciaalvarado2006/.npm/_logs/2025-11-15T03_40_09_852Z-debug-0.log
27 timing npm:load:logFile Completed in 22ms
28 timing npm:load:timers Completed in 0ms
29 timing npm:load:configScope Completed in 0ms
30 timing npm:load Completed in 137ms
31 timing config:load:flatten Completed in 4ms
32 timing arborist:ctor Completed in 4ms
33 silly logfile start cleaning logs, removing 1 files
34 silly logfile done cleaning log files
35 timing idealTree:init Completed in 165ms
36 timing arborist:ctor Completed in 1ms
37 http fetch GET 200 https://registry.npmjs.org/types-registry 1524ms (cache updated)
38 timing idealTree:userRequests Completed in 1599ms
39 silly idealTree buildDeps
40 silly fetch manifest types-registry@0.1.746
41 silly placeDep ROOT types-registry@0.1.746 REPLACE for:  want: 0.1.746
42 timing idealTree:#root Completed in 58ms
43 timing idealTree:node_modules/types-registry Completed in 0ms
44 timing idealTree:buildDeps Completed in 65ms
45 timing idealTree:fixDepFlags Completed in 1ms
46 timing idealTree Completed in 1833ms
47 timing reify:loadTrees Completed in 1838ms
48 timing reify:diffTrees Completed in 8ms
49 silly reify mark retired [
49 silly reify   '/home/carlosjosuegarciaalvarado2006/.cache/typescript/5.9/node_modules/types-registry'
49 silly reify ]
50 silly reify moves {
50 silly reify   '/home/carlosjosuegarciaalvarado2006/.cache/typescript/5.9/node_modules/types-registry': '/home/carlosjosuegarciaalvarado2006/.cache/typescript/5.9/node_modules/.types-registry-yc6YOZ8M'
50 silly reify }
51 timing reify:retireShallow Completed in 15ms
52 timing reify:createSparse Completed in 1ms
53 timing reify:loadBundles Completed in 0ms
54 silly audit bulk request {
54 silly audit   '@types/node': [ '24.7.2' ],
54 silly audit   '@types/react': [ '19.2.2' ],
54 silly audit   '@types/readline-sync': [ '1.4.8' ],
54 silly audit   csstype: [ '3.1.3' ],
54 silly audit   'undici-types': [ '7.14.0' ],
54 silly audit   'types-registry': [ '0.1.746' ]
54 silly audit }
55 silly tarball no local data for types-registry@https://registry.npmjs.org/types-registry/-/types-registry-0.1.746.tgz. Extracting by manifest.
56 http fetch POST 200 https://registry.npmjs.org/-/npm/v1/security/advisories/bulk 313ms
57 timing auditReport:getReport Completed in 328ms
58 silly audit report {}
59 timing auditReport:init Completed in 0ms
60 timing reify:audit Completed in 340ms
61 http fetch GET 200 https://registry.npmjs.org/types-registry/-/types-registry-0.1.746.tgz 2931ms (cache miss)
62 timing reifyNode:node_modules/types-registry Completed in 3058ms
63 timing reify:unpack Completed in 3060ms
64 timing reify:unretire Completed in 0ms
65 timing build:queue Completed in 1ms
66 timing build:deps Completed in 2ms
67 timing build Completed in 3ms
68 timing reify:build Completed in 4ms
69 timing reify:trash Completed in 19ms
70 timing reify:save Completed in 59ms
71 timing reify Completed in 5072ms
72 silly CHANGE node_modules/types-registry
73 timing command:install Completed in 5216ms
74 verbose exit 0
75 timing npm Completed in 5462ms
76 info ok
