0 verbose cli /usr/bin/node /usr/bin/npm
1 info using npm@9.2.0
2 info using node@v18.20.4
3 timing npm:load:whichnode Completed in 1ms
4 timing config:load:defaults Completed in 14ms
5 timing config:load:file:/usr/share/nodejs/npm/npmrc Completed in 32ms
6 timing config:load:builtin Completed in 33ms
7 timing config:load:cli Completed in 12ms
8 timing config:load:env Completed in 3ms
9 timing config:load:file:/home/carlosjosuegarciaalvarado2006/.cache/typescript/5.9/.npmrc Completed in 28ms
10 timing config:load:project Completed in 43ms
11 timing config:load:file:/home/carlosjosuegarciaalvarado2006/.npmrc Completed in 7ms
12 timing config:load:user Completed in 13ms
13 timing config:load:file:/etc/npmrc Completed in 4ms
14 timing config:load:global Completed in 5ms
15 timing config:load:setEnvs Completed in 3ms
16 timing config:load Completed in 130ms
17 timing npm:load:configload Completed in 130ms
18 timing npm:load:mkdirpcache Completed in 43ms
19 timing npm:load:mkdirplogs Completed in 8ms
20 verbose title npm install types-registry@latest
21 verbose argv "install" "--ignore-scripts" "types-registry@latest"
22 timing npm:load:setTitle Completed in 47ms
23 timing config:load:flatten Completed in 83ms
24 timing npm:load:display Completed in 88ms
25 verbose logfile logs-max:10 dir:/home/carlosjosuegarciaalvarado2006/.npm/_logs/2025-11-01T21_25_04_386Z-
26 verbose logfile /home/carlosjosuegarciaalvarado2006/.npm/_logs/2025-11-01T21_25_04_386Z-debug-0.log
27 timing npm:load:logFile Completed in 62ms
28 timing npm:load:timers Completed in 0ms
29 timing npm:load:configScope Completed in 0ms
30 timing npm:load Completed in 382ms
31 silly logfile done cleaning log files
32 timing config:load:flatten Completed in 6ms
33 timing arborist:ctor Completed in 6ms
34 timing idealTree:init Completed in 381ms
35 timing arborist:ctor Completed in 0ms
36 http fetch GET 200 https://registry.npmjs.org/types-registry 2237ms (cache updated)
37 timing idealTree:userRequests Completed in 2393ms
38 silly idealTree buildDeps
39 silly fetch manifest types-registry@0.1.744
40 silly placeDep ROOT types-registry@0.1.744 REPLACE for:  want: 0.1.744
41 timing idealTree:#root Completed in 84ms
42 timing idealTree:node_modules/types-registry Completed in 0ms
43 timing idealTree:buildDeps Completed in 99ms
44 timing idealTree:fixDepFlags Completed in 5ms
45 timing idealTree Completed in 2896ms
46 timing reify:loadTrees Completed in 2906ms
47 timing reify:diffTrees Completed in 15ms
48 silly reify moves {}
49 timing reify:retireShallow Completed in 20ms
50 timing reify:createSparse Completed in 0ms
51 timing reify:loadBundles Completed in 0ms
52 silly audit bulk request {
52 silly audit   '@types/node': [ '24.7.2' ],
52 silly audit   '@types/react': [ '19.2.2' ],
52 silly audit   '@types/readline-sync': [ '1.4.8' ],
52 silly audit   csstype: [ '3.1.3' ],
52 silly audit   'undici-types': [ '7.14.0' ],
52 silly audit   'types-registry': [ '0.1.744' ]
52 silly audit }
53 timing reify:unpack Completed in 2ms
54 timing reify:unretire Completed in 0ms
55 timing build:queue Completed in 0ms
56 timing build:deps Completed in 0ms
57 timing build Completed in 2ms
58 timing reify:build Completed in 2ms
59 timing reify:trash Completed in 0ms
60 timing reify:save Completed in 31ms
61 http fetch POST 200 https://registry.npmjs.org/-/npm/v1/security/advisories/bulk 312ms
62 timing auditReport:getReport Completed in 330ms
63 silly audit report {}
64 timing auditReport:init Completed in 0ms
65 timing reify:audit Completed in 336ms
66 timing reify Completed in 3311ms
67 timing command:install Completed in 3345ms
68 verbose exit 0
69 timing npm Completed in 3863ms
70 info ok
