0 verbose cli /usr/bin/node /usr/bin/npm
1 info using npm@9.2.0
2 info using node@v18.20.4
3 timing npm:load:whichnode Completed in 1ms
4 timing config:load:defaults Completed in 5ms
5 timing config:load:file:/usr/share/nodejs/npm/npmrc Completed in 6ms
6 timing config:load:builtin Completed in 7ms
7 timing config:load:cli Completed in 8ms
8 timing config:load:env Completed in 2ms
9 timing config:load:file:/home/carlosjosuegarciaalvarado2006/.cache/typescript/5.9/.npmrc Completed in 0ms
10 timing config:load:project Completed in 5ms
11 timing config:load:file:/home/carlosjosuegarciaalvarado2006/.npmrc Completed in 0ms
12 timing config:load:user Completed in 1ms
13 timing config:load:file:/etc/npmrc Completed in 0ms
14 timing config:load:global Completed in 1ms
15 timing config:load:setEnvs Completed in 3ms
16 timing config:load Completed in 34ms
17 timing npm:load:configload Completed in 34ms
18 timing npm:load:mkdirpcache Completed in 4ms
19 timing npm:load:mkdirplogs Completed in 1ms
20 verbose title npm install types-registry@latest
21 verbose argv "install" "--ignore-scripts" "types-registry@latest"
22 timing npm:load:setTitle Completed in 4ms
23 timing config:load:flatten Completed in 11ms
24 timing npm:load:display Completed in 17ms
25 verbose logfile logs-max:10 dir:/home/carlosjosuegarciaalvarado2006/.npm/_logs/2025-10-26T02_34_33_602Z-
26 verbose logfile /home/carlosjosuegarciaalvarado2006/.npm/_logs/2025-10-26T02_34_33_602Z-debug-0.log
27 timing npm:load:logFile Completed in 22ms
28 timing npm:load:timers Completed in 0ms
29 timing npm:load:configScope Completed in 0ms
30 timing npm:load Completed in 85ms
31 silly logfile done cleaning log files
32 timing config:load:flatten Completed in 4ms
33 timing arborist:ctor Completed in 4ms
34 timing idealTree:init Completed in 57ms
35 timing arborist:ctor Completed in 1ms
36 http fetch GET 200 https://registry.npmjs.org/types-registry 1605ms (cache updated)
37 timing idealTree:userRequests Completed in 1642ms
38 silly idealTree buildDeps
39 silly fetch manifest types-registry@0.1.744
40 silly placeDep ROOT types-registry@0.1.744 REPLACE for:  want: 0.1.744
41 timing idealTree:#root Completed in 21ms
42 timing idealTree:node_modules/types-registry Completed in 0ms
43 timing idealTree:buildDeps Completed in 25ms
44 timing idealTree:fixDepFlags Completed in 1ms
45 timing idealTree Completed in 1728ms
46 timing reify:loadTrees Completed in 1731ms
47 timing reify:diffTrees Completed in 6ms
48 silly reify mark retired [
48 silly reify   '/home/carlosjosuegarciaalvarado2006/.cache/typescript/5.9/node_modules/types-registry'
48 silly reify ]
49 silly reify moves {
49 silly reify   '/home/carlosjosuegarciaalvarado2006/.cache/typescript/5.9/node_modules/types-registry': '/home/carlosjosuegarciaalvarado2006/.cache/typescript/5.9/node_modules/.types-registry-yc6YOZ8M'
49 silly reify }
50 timing reify:retireShallow Completed in 13ms
51 timing reify:createSparse Completed in 2ms
52 timing reify:loadBundles Completed in 0ms
53 silly audit bulk request {
53 silly audit   '@types/node': [ '24.7.2' ],
53 silly audit   '@types/react': [ '19.2.2' ],
53 silly audit   '@types/readline-sync': [ '1.4.8' ],
53 silly audit   csstype: [ '3.1.3' ],
53 silly audit   'undici-types': [ '7.14.0' ],
53 silly audit   'types-registry': [ '0.1.744' ]
53 silly audit }
54 silly tarball no local data for types-registry@https://registry.npmjs.org/types-registry/-/types-registry-0.1.744.tgz. Extracting by manifest.
55 http fetch POST 200 https://registry.npmjs.org/-/npm/v1/security/advisories/bulk 269ms
56 timing auditReport:getReport Completed in 273ms
57 silly audit report {}
58 timing auditReport:init Completed in 0ms
59 timing reify:audit Completed in 276ms
60 http fetch GET 200 https://registry.npmjs.org/types-registry/-/types-registry-0.1.744.tgz 1450ms (cache miss)
61 timing reifyNode:node_modules/types-registry Completed in 1477ms
62 timing reify:unpack Completed in 1478ms
63 timing reify:unretire Completed in 1ms
64 timing build:queue Completed in 1ms
65 timing build:deps Completed in 3ms
66 timing build Completed in 4ms
67 timing reify:build Completed in 5ms
68 timing reify:trash Completed in 6ms
69 timing reify:save Completed in 71ms
70 timing reify Completed in 3340ms
71 silly CHANGE node_modules/types-registry
72 timing command:install Completed in 3369ms
73 verbose exit 0
74 timing npm Completed in 3527ms
75 info ok
