0 verbose cli /usr/bin/node /usr/bin/npm
1 info using npm@9.2.0
2 info using node@v18.20.4
3 timing npm:load:whichnode Completed in 1ms
4 timing config:load:defaults Completed in 5ms
5 timing config:load:file:/usr/share/nodejs/npm/npmrc Completed in 6ms
6 timing config:load:builtin Completed in 6ms
7 timing config:load:cli Completed in 4ms
8 timing config:load:env Completed in 1ms
9 timing config:load:file:/home/carlosjosuegarciaalvarado2006/Trabajo.js/.npmrc Completed in 1ms
10 timing config:load:project Completed in 4ms
11 timing config:load:file:/home/carlosjosuegarciaalvarado2006/.npmrc Completed in 0ms
12 timing config:load:user Completed in 1ms
13 timing config:load:file:/etc/npmrc Completed in 1ms
14 timing config:load:global Completed in 1ms
15 timing config:load:setEnvs Completed in 3ms
16 timing config:load Completed in 27ms
17 timing npm:load:configload Completed in 27ms
18 timing npm:load:mkdirpcache Completed in 1ms
19 timing npm:load:mkdirplogs Completed in 0ms
20 verbose title npm install readline-sync
21 verbose argv "install" "readline-sync"
22 timing npm:load:setTitle Completed in 3ms
23 timing config:load:flatten Completed in 8ms
24 timing npm:load:display Completed in 11ms
25 verbose logfile logs-max:10 dir:/home/carlosjosuegarciaalvarado2006/.npm/_logs/2025-10-10T02_28_59_107Z-
26 verbose logfile /home/carlosjosuegarciaalvarado2006/.npm/_logs/2025-10-10T02_28_59_107Z-debug-0.log
27 timing npm:load:logFile Completed in 17ms
28 timing npm:load:timers Completed in 0ms
29 timing npm:load:configScope Completed in 0ms
30 timing npm:load Completed in 61ms
31 silly logfile done cleaning log files
32 timing config:load:flatten Completed in 2ms
33 timing arborist:ctor Completed in 3ms
34 timing idealTree:init Completed in 40ms
35 timing idealTree:userRequests Completed in 7ms
36 silly idealTree buildDeps
37 silly fetch manifest readline-sync@^1.4.10
38 timing arborist:ctor Completed in 0ms
39 http fetch GET 200 https://registry.npmjs.org/readline-sync 1140ms (cache revalidated)
40 silly placeDep ROOT readline-sync@1.4.10 REPLACE for: trabajo@1.0.0 want: ^1.4.10
41 timing idealTree:#root Completed in 1182ms
42 timing idealTree:node_modules/readline-sync Completed in 0ms
43 timing idealTree:buildDeps Completed in 1185ms
44 timing idealTree:fixDepFlags Completed in 1ms
45 timing idealTree Completed in 1241ms
46 timing reify:loadTrees Completed in 1244ms
47 timing reify:diffTrees Completed in 3ms
48 silly reify moves {}
49 timing reify:retireShallow Completed in 3ms
50 timing reify:createSparse Completed in 0ms
51 timing reify:loadBundles Completed in 0ms
52 silly audit bulk request { 'readline-sync': [ '1.4.10' ] }
53 timing reify:unpack Completed in 0ms
54 timing reify:unretire Completed in 0ms
55 timing build:queue Completed in 0ms
56 timing build:deps Completed in 1ms
57 timing build Completed in 2ms
58 timing reify:build Completed in 2ms
59 timing reify:trash Completed in 0ms
60 timing reify:save Completed in 17ms
61 http fetch POST 200 https://registry.npmjs.org/-/npm/v1/security/advisories/bulk 249ms
62 timing auditReport:getReport Completed in 254ms
63 silly audit report {}
64 timing auditReport:init Completed in 0ms
65 timing reify:audit Completed in 256ms
66 timing reify Completed in 1517ms
67 timing command:install Completed in 1551ms
68 verbose exit 0
69 timing npm Completed in 1680ms
70 info ok
