0 verbose cli /usr/bin/node /usr/bin/npm
1 info using npm@9.2.0
2 info using node@v18.20.4
3 timing npm:load:whichnode Completed in 1ms
4 timing config:load:defaults Completed in 5ms
5 timing config:load:file:/usr/share/nodejs/npm/npmrc Completed in 16ms
6 timing config:load:builtin Completed in 16ms
7 timing config:load:cli Completed in 10ms
8 timing config:load:env Completed in 1ms
9 timing config:load:file:/home/carlosjosuegarciaalvarado2006/.cache/typescript/5.9/.npmrc Completed in 0ms
10 timing config:load:project Completed in 5ms
11 timing config:load:file:/home/carlosjosuegarciaalvarado2006/.npmrc Completed in 5ms
12 timing config:load:user Completed in 5ms
13 timing config:load:file:/etc/npmrc Completed in 0ms
14 timing config:load:global Completed in 0ms
15 timing config:load:setEnvs Completed in 9ms
16 timing config:load Completed in 53ms
17 timing npm:load:configload Completed in 54ms
18 timing npm:load:mkdirpcache Completed in 2ms
19 timing npm:load:mkdirplogs Completed in 1ms
20 verbose title npm install types-registry@latest
21 verbose argv "install" "--ignore-scripts" "types-registry@latest"
22 timing npm:load:setTitle Completed in 5ms
23 timing config:load:flatten Completed in 9ms
24 timing npm:load:display Completed in 11ms
25 verbose logfile logs-max:10 dir:/home/carlosjosuegarciaalvarado2006/.npm/_logs/2025-11-28T03_34_35_928Z-
26 verbose logfile /home/carlosjosuegarciaalvarado2006/.npm/_logs/2025-11-28T03_34_35_928Z-debug-0.log
27 timing npm:load:logFile Completed in 24ms
28 timing npm:load:timers Completed in 0ms
29 timing npm:load:configScope Completed in 0ms
30 timing npm:load Completed in 102ms
31 silly logfile start cleaning logs, removing 1 files
32 timing config:load:flatten Completed in 2ms
33 timing arborist:ctor Completed in 2ms
34 silly logfile done cleaning log files
35 timing idealTree:init Completed in 82ms
36 timing arborist:ctor Completed in 1ms
37 http fetch GET 200 https://registry.npmjs.org/types-registry 1349ms (cache updated)
38 timing idealTree:userRequests Completed in 1379ms
39 silly idealTree buildDeps
40 silly fetch manifest types-registry@0.1.747
41 silly placeDep ROOT types-registry@0.1.747 REPLACE for:  want: 0.1.747
42 timing idealTree:#root Completed in 24ms
43 timing idealTree:node_modules/types-registry Completed in 1ms
44 timing idealTree:buildDeps Completed in 28ms
45 timing idealTree:fixDepFlags Completed in 1ms
46 timing idealTree Completed in 1492ms
47 timing reify:loadTrees Completed in 1501ms
48 timing reify:diffTrees Completed in 4ms
49 silly reify mark retired [
49 silly reify   '/home/carlosjosuegarciaalvarado2006/.cache/typescript/5.9/node_modules/types-registry'
49 silly reify ]
50 silly reify moves {
50 silly reify   '/home/carlosjosuegarciaalvarado2006/.cache/typescript/5.9/node_modules/types-registry': '/home/carlosjosuegarciaalvarado2006/.cache/typescript/5.9/node_modules/.types-registry-yc6YOZ8M'
50 silly reify }
51 timing reify:retireShallow Completed in 24ms
52 timing reify:createSparse Completed in 1ms
53 timing reify:loadBundles Completed in 0ms
54 silly audit bulk request {
54 silly audit   '@types/node': [ '24.7.2' ],
54 silly audit   '@types/react': [ '19.2.2' ],
54 silly audit   '@types/readline-sync': [ '1.4.8' ],
54 silly audit   csstype: [ '3.1.3' ],
54 silly audit   'undici-types': [ '7.14.0' ],
54 silly audit   'types-registry': [ '0.1.747' ]
54 silly audit }
55 silly tarball no local data for types-registry@https://registry.npmjs.org/types-registry/-/types-registry-0.1.747.tgz. Extracting by manifest.
56 http fetch POST 200 https://registry.npmjs.org/-/npm/v1/security/advisories/bulk 241ms
57 timing auditReport:getReport Completed in 246ms
58 silly audit report {}
59 timing auditReport:init Completed in 0ms
60 timing reify:audit Completed in 249ms
61 http fetch GET 200 https://registry.npmjs.org/types-registry/-/types-registry-0.1.747.tgz 1403ms (cache miss)
62 timing reifyNode:node_modules/types-registry Completed in 1442ms
63 timing reify:unpack Completed in 1442ms
64 timing reify:unretire Completed in 0ms
65 timing build:queue Completed in 1ms
66 timing build:deps Completed in 2ms
67 timing build Completed in 2ms
68 timing reify:build Completed in 4ms
69 timing reify:trash Completed in 9ms
70 timing reify:save Completed in 28ms
71 timing reify Completed in 3064ms
72 silly CHANGE node_modules/types-registry
73 timing command:install Completed in 3089ms
74 verbose exit 0
75 timing npm Completed in 3262ms
76 info ok
