0 verbose cli /usr/bin/node /usr/bin/npm
1 info using npm@9.2.0
2 info using node@v18.20.4
3 timing npm:load:whichnode Completed in 8ms
4 timing config:load:defaults Completed in 14ms
5 timing config:load:file:/usr/share/nodejs/npm/npmrc Completed in 42ms
6 timing config:load:builtin Completed in 44ms
7 timing config:load:cli Completed in 6ms
8 timing config:load:env Completed in 2ms
9 timing config:load:file:/home/carlosjosuegarciaalvarado2006/.cache/typescript/5.9/.npmrc Completed in 3ms
10 timing config:load:project Completed in 37ms
11 timing config:load:file:/home/carlosjosuegarciaalvarado2006/.npmrc Completed in 2ms
12 timing config:load:user Completed in 4ms
13 timing config:load:file:/etc/npmrc Completed in 4ms
14 timing config:load:global Completed in 6ms
15 timing config:load:setEnvs Completed in 17ms
16 timing config:load Completed in 144ms
17 timing npm:load:configload Completed in 144ms
18 timing npm:load:mkdirpcache Completed in 3ms
19 timing npm:load:mkdirplogs Completed in 14ms
20 verbose title npm install @types/readline-sync@ts5.9 @types/react@ts5.9 @types/node@ts5.9
21 verbose argv "install" "--ignore-scripts" "@types/readline-sync@ts5.9" "@types/react@ts5.9" "@types/node@ts5.9" "--save-dev" "--user-agent" "typesInstaller/5.9.2"
22 timing npm:load:setTitle Completed in 17ms
23 timing config:load:flatten Completed in 233ms
24 timing npm:load:display Completed in 258ms
25 verbose logfile logs-max:10 dir:/home/carlosjosuegarciaalvarado2006/.npm/_logs/2025-10-15T03_54_12_169Z-
26 verbose logfile /home/carlosjosuegarciaalvarado2006/.npm/_logs/2025-10-15T03_54_12_169Z-debug-0.log
27 timing npm:load:logFile Completed in 229ms
28 timing npm:load:timers Completed in 1ms
29 timing npm:load:configScope Completed in 30ms
30 timing npm:load Completed in 711ms
31 silly logfile done cleaning log files
32 timing config:load:flatten Completed in 7ms
33 timing arborist:ctor Completed in 71ms
34 timing idealTree:init Completed in 386ms
35 timing arborist:ctor Completed in 1ms
36 http fetch GET 200 https://registry.npmjs.org/@types%2freadline-sync 2317ms (cache miss)
37 http fetch GET 200 https://registry.npmjs.org/@types%2freact 3467ms (cache miss)
38 http fetch GET 200 https://registry.npmjs.org/@types%2fnode 3962ms (cache miss)
39 timing idealTree:userRequests Completed in 4153ms
40 silly idealTree buildDeps
41 silly fetch manifest @types/readline-sync@1.4.8
42 silly fetch manifest @types/react@19.2.2
43 silly fetch manifest @types/node@24.7.2
44 silly placeDep ROOT @types/node@24.7.2 OK for:  want: 24.7.2
45 silly placeDep ROOT @types/react@19.2.2 OK for:  want: 19.2.2
46 silly placeDep ROOT @types/readline-sync@1.4.8 OK for:  want: 1.4.8
47 silly fetch manifest undici-types@~7.14.0
48 silly fetch manifest csstype@^3.0.2
49 http fetch GET 200 https://registry.npmjs.org/undici-types 203ms (cache miss)
50 http fetch GET 200 https://registry.npmjs.org/csstype 278ms (cache miss)
51 timing idealTree:#root Completed in 410ms
52 silly placeDep ROOT undici-types@7.14.0 OK for: @types/node@24.7.2 want: ~7.14.0
53 timing idealTree:node_modules/@types/node Completed in 8ms
54 silly placeDep ROOT csstype@3.1.3 OK for: @types/react@19.2.2 want: ^3.0.2
55 timing idealTree:node_modules/@types/react Completed in 5ms
56 timing idealTree:node_modules/@types/readline-sync Completed in 0ms
57 timing idealTree:node_modules/csstype Completed in 0ms
58 timing idealTree:node_modules/undici-types Completed in 0ms
59 timing idealTree:buildDeps Completed in 432ms
60 timing idealTree:fixDepFlags Completed in 1ms
61 timing idealTree Completed in 4986ms
62 timing reify:loadTrees Completed in 5044ms
63 timing reify:diffTrees Completed in 6ms
64 silly reify moves {}
65 timing reify:retireShallow Completed in 6ms
66 timing reify:createSparse Completed in 53ms
67 timing reify:loadBundles Completed in 0ms
68 silly audit bulk request {
68 silly audit   'types-registry': [ '0.1.742' ],
68 silly audit   '@types/node': [ '24.7.2' ],
68 silly audit   '@types/react': [ '19.2.2' ],
68 silly audit   '@types/readline-sync': [ '1.4.8' ],
68 silly audit   'undici-types': [ '7.14.0' ],
68 silly audit   csstype: [ '3.1.3' ]
68 silly audit }
69 silly tarball no local data for csstype@https://registry.npmjs.org/csstype/-/csstype-3.1.3.tgz. Extracting by manifest.
70 silly tarball no local data for undici-types@https://registry.npmjs.org/undici-types/-/undici-types-7.14.0.tgz. Extracting by manifest.
71 silly tarball no local data for @types/readline-sync@https://registry.npmjs.org/@types/readline-sync/-/readline-sync-1.4.8.tgz. Extracting by manifest.
72 silly tarball no local data for @types/react@https://registry.npmjs.org/@types/react/-/react-19.2.2.tgz. Extracting by manifest.
73 silly tarball no local data for @types/node@https://registry.npmjs.org/@types/node/-/node-24.7.2.tgz. Extracting by manifest.
74 http fetch POST 200 https://registry.npmjs.org/-/npm/v1/security/advisories/bulk 429ms
75 timing auditReport:getReport Completed in 437ms
76 silly audit report {}
77 timing auditReport:init Completed in 1ms
78 timing reify:audit Completed in 440ms
79 http fetch GET 200 https://registry.npmjs.org/@types/readline-sync/-/readline-sync-1.4.8.tgz 1457ms (cache miss)
80 timing reifyNode:node_modules/@types/readline-sync Completed in 1692ms
81 http fetch GET 200 https://registry.npmjs.org/undici-types/-/undici-types-7.14.0.tgz 2699ms (cache miss)
82 timing reifyNode:node_modules/undici-types Completed in 2910ms
83 http fetch GET 200 https://registry.npmjs.org/csstype/-/csstype-3.1.3.tgz 2872ms (cache miss)
84 timing reifyNode:node_modules/csstype Completed in 3065ms
85 http fetch GET 200 https://registry.npmjs.org/@types/react/-/react-19.2.2.tgz 2839ms (cache miss)
86 timing reifyNode:node_modules/@types/react Completed in 3105ms
87 http fetch GET 200 https://registry.npmjs.org/@types/node/-/node-24.7.2.tgz 3427ms (cache miss)
88 timing reifyNode:node_modules/@types/node Completed in 3726ms
89 timing reify:unpack Completed in 3729ms
90 timing reify:unretire Completed in 1ms
91 timing build:queue Completed in 8ms
92 timing build:deps Completed in 19ms
93 timing build Completed in 19ms
94 timing reify:build Completed in 49ms
95 timing reify:trash Completed in 0ms
96 timing reify:save Completed in 191ms
97 timing reify Completed in 9216ms
98 silly ADD node_modules/csstype
99 silly ADD node_modules/undici-types
100 silly ADD node_modules/@types/readline-sync
101 silly ADD node_modules/@types/react
102 silly ADD node_modules/@types/node
103 timing command:install Completed in 9398ms
104 verbose exit 0
105 timing npm Completed in 10760ms
106 info ok
