0 verbose cli /usr/bin/node /usr/bin/npm
1 info using npm@9.2.0
2 info using node@v18.20.4
3 timing npm:load:whichnode Completed in 1ms
4 timing config:load:defaults Completed in 7ms
5 timing config:load:file:/usr/share/nodejs/npm/npmrc Completed in 7ms
6 timing config:load:builtin Completed in 8ms
7 timing config:load:cli Completed in 7ms
8 timing config:load:env Completed in 1ms
9 timing config:load:file:/home/carlosjosuegarciaalvarado2006/.cache/typescript/5.9/.npmrc Completed in 1ms
10 timing config:load:project Completed in 4ms
11 timing config:load:file:/home/carlosjosuegarciaalvarado2006/.npmrc Completed in 1ms
12 timing config:load:user Completed in 2ms
13 timing config:load:file:/etc/npmrc Completed in 0ms
14 timing config:load:global Completed in 1ms
15 timing config:load:setEnvs Completed in 5ms
16 timing config:load Completed in 37ms
17 timing npm:load:configload Completed in 38ms
18 timing npm:load:mkdirpcache Completed in 4ms
19 timing npm:load:mkdirplogs Completed in 1ms
20 verbose title npm install types-registry@latest
21 verbose argv "install" "--ignore-scripts" "types-registry@latest"
22 timing npm:load:setTitle Completed in 4ms
23 timing config:load:flatten Completed in 10ms
24 timing npm:load:display Completed in 14ms
25 verbose logfile logs-max:10 dir:/home/carlosjosuegarciaalvarado2006/.npm/_logs/2025-10-15T03_54_01_686Z-
26 verbose logfile /home/carlosjosuegarciaalvarado2006/.npm/_logs/2025-10-15T03_54_01_686Z-debug-0.log
27 timing npm:load:logFile Completed in 20ms
28 timing npm:load:timers Completed in 1ms
29 timing npm:load:configScope Completed in 0ms
30 timing npm:load Completed in 85ms
31 silly logfile done cleaning log files
32 timing config:load:flatten Completed in 8ms
33 timing arborist:ctor Completed in 36ms
34 timing arborist:ctor Completed in 1ms
35 timing idealTree:init Completed in 242ms
36 http fetch GET 200 https://registry.npmjs.org/types-registry 1630ms (cache miss)
37 timing idealTree:userRequests Completed in 1812ms
38 silly idealTree buildDeps
39 silly fetch manifest types-registry@0.1.742
40 silly placeDep ROOT types-registry@0.1.742 OK for:  want: 0.1.742
41 timing idealTree:#root Completed in 111ms
42 timing idealTree:node_modules/types-registry Completed in 5ms
43 timing idealTree:buildDeps Completed in 119ms
44 timing idealTree:fixDepFlags Completed in 5ms
45 timing idealTree Completed in 2207ms
46 timing reify:loadTrees Completed in 2211ms
47 timing reify:diffTrees Completed in 17ms
48 silly reify moves {}
49 timing reify:retireShallow Completed in 27ms
50 timing reify:createSparse Completed in 13ms
51 timing reify:loadBundles Completed in 0ms
52 silly audit bulk request { 'types-registry': [ '0.1.742' ] }
53 silly tarball no local data for types-registry@https://registry.npmjs.org/types-registry/-/types-registry-0.1.742.tgz. Extracting by manifest.
54 http fetch POST 200 https://registry.npmjs.org/-/npm/v1/security/advisories/bulk 337ms
55 timing auditReport:getReport Completed in 365ms
56 silly audit report {}
57 timing auditReport:init Completed in 0ms
58 timing reify:audit Completed in 379ms
59 http fetch GET 200 https://registry.npmjs.org/types-registry/-/types-registry-0.1.742.tgz 1720ms (cache miss)
60 timing reifyNode:node_modules/types-registry Completed in 1828ms
61 timing reify:unpack Completed in 1830ms
62 timing reify:unretire Completed in 0ms
63 timing build:queue Completed in 3ms
64 timing build:deps Completed in 4ms
65 timing build Completed in 5ms
66 timing reify:build Completed in 5ms
67 timing reify:trash Completed in 0ms
68 timing reify:save Completed in 23ms
69 timing reify Completed in 4261ms
70 silly ADD node_modules/types-registry
71 timing command:install Completed in 4333ms
72 verbose exit 0
73 timing npm Completed in 4953ms
74 info ok
