2025-11-01 16:09:50.928 [info] [main] Log level: Info
2025-11-01 16:09:50.929 [info] [main] Validating found git in: "git"
2025-11-01 16:09:50.929 [info] [main] Using git "2.39.5" from "git"
2025-11-01 16:09:50.929 [info] [Model][doInitialScan] Initial repository scan started
2025-11-01 16:09:50.929 [info] > git rev-parse --show-toplevel [421ms]
2025-11-01 16:09:50.929 [info] > git rev-parse --git-dir --git-common-dir --show-superproject-working-tree [266ms]
2025-11-01 16:09:50.929 [info] [Model][openRepository] Opened repository (path): /home/carlosjosuegarciaalvarado2006/Trabajo.js
2025-11-01 16:09:50.929 [info] [Model][openRepository] Opened repository (real path): /home/carlosjosuegarciaalvarado2006/Trabajo.js
2025-11-01 16:09:50.929 [info] [Model][openRepository] Opened repository (kind): repository
2025-11-01 16:09:50.929 [info] > git rev-parse --show-toplevel [802ms]
2025-11-01 16:09:50.929 [info] > git config --get commit.template [876ms]
2025-11-01 16:09:50.948 [info] > git rev-parse --show-toplevel [1401ms]
2025-11-01 16:09:51.068 [info] [Model][doInitialScan] Initial repository scan completed - repositories (1), closed repositories (0), parent repositories (0), unsafe repositories (0)
2025-11-01 16:09:52.005 [info] > git check-ignore -v -z --stdin [876ms]
2025-11-01 16:09:52.081 [info] > git for-each-ref --format=%(refname)%00%(upstream:short)%00%(objectname)%00%(upstream:track)%00%(upstream:remotename)%00%(upstream:remoteref) refs/heads/main refs/remotes/main [1178ms]
2025-11-01 16:09:52.889 [info] > git status -z -uall [222ms]
2025-11-01 16:09:52.896 [info] > git for-each-ref --sort -committerdate --format %(refname)%00%(objectname)%00%(*objectname) [191ms]
2025-11-01 16:09:53.587 [info] > git show --textconv :parcial 1/ejercicio2.js [131ms]
2025-11-01 16:09:53.644 [info] > git for-each-ref --format=%(refname)%00%(upstream:short)%00%(objectname)%00%(upstream:track)%00%(upstream:remotename)%00%(upstream:remoteref) refs/heads/main refs/remotes/main [508ms]
2025-11-01 16:09:53.811 [info] > git config --get --local branch.main.vscode-merge-base [100ms]
2025-11-01 16:09:53.812 [warning] [Git][config] git config failed: Failed to execute git
2025-11-01 16:09:53.858 [info] > git hash-object -t tree /dev/null [214ms]
2025-11-01 16:09:53.858 [warning] [GitFileSystemProvider][readFile] File not found - git:/home/carlosjosuegarciaalvarado2006/Trabajo.js/parcial%201/ejercicio2.js.git?%7B%22path%22%3A%22%2Fhome%2Fcarlosjosuegarciaalvarado2006%2FTrabajo.js%2Fparcial%201%2Fejercicio2.js%22%2C%22ref%22%3A%22%22%7D
2025-11-01 16:09:53.862 [info] > git config --get commit.template [310ms]
2025-11-01 16:09:53.863 [info] > git ls-files --stage -- parcial 1/ejercicio2.js [336ms]
2025-11-01 16:09:53.872 [warning] [GitFileSystemProvider][stat] File not found - git:/home/carlosjosuegarciaalvarado2006/Trabajo.js/parcial%201/ejercicio2.js.git?%7B%22path%22%3A%22%2Fhome%2Fcarlosjosuegarciaalvarado2006%2FTrabajo.js%2Fparcial%201%2Fejercicio2.js%22%2C%22ref%22%3A%22%22%7D
2025-11-01 16:09:55.183 [info] > git reflog main --grep-reflog=branch: Created from *. [1326ms]
2025-11-01 16:09:55.339 [info] > git symbolic-ref --short refs/remotes/origin/HEAD [124ms]
2025-11-01 16:09:55.339 [info] fatal: ref refs/remotes/origin/HEAD is not a symbolic ref
2025-11-01 16:09:55.339 [warning] [Repository][getDefaultBranch] Failed to get default branch details: Failed to execute git.
2025-11-01 16:09:55.438 [info] > git for-each-ref --format=%(refname)%00%(upstream:short)%00%(objectname)%00%(upstream:track)%00%(upstream:remotename)%00%(upstream:remoteref) refs/heads/main refs/remotes/main [108ms]
2025-11-01 16:09:55.476 [info] > git merge-base refs/heads/main refs/remotes/origin/main [69ms]
2025-11-01 16:09:55.915 [info] > git diff --name-status -z --diff-filter=ADMR 35e0ef24eb8e020c46a4294c85e440ae4038688f...refs/remotes/origin/main [395ms]
2025-11-01 16:09:55.976 [info] > git status -z -uall [34ms]
2025-11-01 16:09:55.983 [info] > git blame --root --incremental 35e0ef24eb8e020c46a4294c85e440ae4038688f -- parcial 1/ejercicio2.js [75ms]
2025-11-01 16:09:55.983 [info] fatal: no such path parcial 1/ejercicio2.js in 35e0ef24eb8e020c46a4294c85e440ae4038688f
2025-11-01 16:09:56.009 [info] > git for-each-ref --sort -committerdate --format %(refname)%00%(objectname)%00%(*objectname) [45ms]
2025-11-01 16:15:39.768 [info] > git show --textconv :package.json [45ms]
2025-11-01 16:15:39.774 [info] > git ls-files --stage -- package.json [25ms]
2025-11-01 16:15:39.803 [info] > git cat-file -s 3b1c022675c2a7ae891675d4e3ce9785ac9e413e [10ms]
2025-11-01 16:15:39.855 [info] > git blame --root --incremental 35e0ef24eb8e020c46a4294c85e440ae4038688f -- package.json [8ms]
2025-11-01 16:20:27.714 [info] > git check-ignore -v -z --stdin [32ms]
2025-11-01 16:20:28.249 [info] > git show --textconv :parcial 1.js/ejercicio2.js [37ms]
2025-11-01 16:20:28.252 [warning] [GitFileSystemProvider][readFile] File not found - git:/home/carlosjosuegarciaalvarado2006/Trabajo.js/parcial%201.js/ejercicio2.js.git?%7B%22path%22%3A%22%2Fhome%2Fcarlosjosuegarciaalvarado2006%2FTrabajo.js%2Fparcial%201.js%2Fejercicio2.js%22%2C%22ref%22%3A%22%22%7D
2025-11-01 16:20:28.256 [info] > git ls-files --stage -- parcial 1.js/ejercicio2.js [11ms]
2025-11-01 16:20:28.258 [warning] [GitFileSystemProvider][stat] File not found - git:/home/carlosjosuegarciaalvarado2006/Trabajo.js/parcial%201.js/ejercicio2.js.git?%7B%22path%22%3A%22%2Fhome%2Fcarlosjosuegarciaalvarado2006%2FTrabajo.js%2Fparcial%201.js%2Fejercicio2.js%22%2C%22ref%22%3A%22%22%7D
2025-11-01 16:20:28.552 [info] > git blame --root --incremental 35e0ef24eb8e020c46a4294c85e440ae4038688f -- parcial 1.js/ejercicio2.js [38ms]
2025-11-01 16:20:28.552 [info] fatal: no such path parcial 1.js/ejercicio2.js in 35e0ef24eb8e020c46a4294c85e440ae4038688f
2025-11-01 16:20:28.806 [info] > git config --get commit.template [21ms]
2025-11-01 16:20:28.858 [info] > git for-each-ref --format=%(refname)%00%(upstream:short)%00%(objectname)%00%(upstream:track)%00%(upstream:remotename)%00%(upstream:remoteref) refs/heads/main refs/remotes/main [9ms]
2025-11-01 16:20:28.952 [info] > git status -z -uall [59ms]
2025-11-01 16:20:28.960 [info] > git for-each-ref --sort -committerdate --format %(refname)%00%(objectname)%00%(*objectname) [16ms]
2025-11-01 16:25:10.232 [info] [Git][getRemotes] No remotes found in the git config file
2025-11-01 16:25:10.234 [info] > git config --get commit.template [25ms]
2025-11-01 16:25:10.238 [info] > git for-each-ref --format=%(refname)%00%(upstream:short)%00%(objectname)%00%(upstream:track)%00%(upstream:remotename)%00%(upstream:remoteref) refs/heads/master refs/remotes/master [8ms]
2025-11-01 16:25:10.239 [warning] [Git][getBranch] No such branch: master
2025-11-01 16:25:10.277 [info] > git status -z -uall [16ms]
2025-11-01 16:25:10.279 [info] > git for-each-ref --sort -committerdate --format %(refname)%00%(objectname)%00%(*objectname) [5ms]
2025-11-01 16:25:10.323 [info] > git for-each-ref --format=%(refname)%00%(upstream:short)%00%(objectname)%00%(upstream:track)%00%(upstream:remotename)%00%(upstream:remoteref) refs/heads/master refs/remotes/master [16ms]
2025-11-01 16:25:10.323 [warning] [Git][getBranch] No such branch: master
2025-11-01 16:25:10.325 [error] [GitHistoryProvider][resolveHEADMergeBase] Failed to resolve merge base for master: Error: No such branch: master.
2025-11-01 16:25:22.628 [info] > git config --get commit.template [14ms]
2025-11-01 16:25:22.646 [info] > git for-each-ref --format=%(refname)%00%(upstream:short)%00%(objectname)%00%(upstream:track)%00%(upstream:remotename)%00%(upstream:remoteref) refs/heads/master refs/remotes/master [5ms]
2025-11-01 16:25:22.646 [warning] [Git][getBranch] No such branch: master
2025-11-01 16:25:22.679 [info] > git status -z -uall [22ms]
2025-11-01 16:25:22.682 [info] > git for-each-ref --sort -committerdate --format %(refname)%00%(objectname)%00%(*objectname) [8ms]
2025-11-01 16:25:50.939 [info] > git config --get commit.template [25ms]
2025-11-01 16:25:50.945 [info] > git for-each-ref --format=%(refname)%00%(upstream:short)%00%(objectname)%00%(upstream:track)%00%(upstream:remotename)%00%(upstream:remoteref) refs/heads/master refs/remotes/master [8ms]
2025-11-01 16:25:50.945 [warning] [Git][getBranch] No such branch: master
2025-11-01 16:25:50.982 [info] > git status -z -uall [22ms]
2025-11-01 16:25:50.982 [info] > git for-each-ref --sort -committerdate --format %(refname)%00%(objectname)%00%(*objectname) [4ms]
2025-11-01 16:25:51.353 [info] > git show --textconv :parcial 1.js/ejercicio2.js [37ms]
2025-11-01 16:25:51.353 [info] > git show --textconv HEAD:parcial 1.js/ejercicio2.js [27ms]
2025-11-01 16:25:51.354 [info] > git ls-files --stage -- parcial 1.js/ejercicio2.js [15ms]
2025-11-01 16:25:51.364 [warning] [GitFileSystemProvider][readFile] File not found - git:/home/carlosjosuegarciaalvarado2006/Trabajo.js/parcial%201.js/ejercicio2.js.git?%7B%22path%22%3A%22%2Fhome%2Fcarlosjosuegarciaalvarado2006%2FTrabajo.js%2Fparcial%201.js%2Fejercicio2.js%22%2C%22ref%22%3A%22HEAD%22%7D
2025-11-01 16:25:51.373 [info] > git cat-file -s 13daf02f927734c76f6e1b3c136fe909c6173b81 [11ms]
2025-11-01 16:25:51.378 [info] > git ls-tree -l HEAD -- parcial 1.js/ejercicio2.js [27ms]
2025-11-01 16:25:51.378 [info] fatal: Not a valid object name HEAD
2025-11-01 16:25:51.379 [warning] [GitFileSystemProvider][stat] File not found - git:/home/carlosjosuegarciaalvarado2006/Trabajo.js/parcial%201.js/ejercicio2.js.git?%7B%22path%22%3A%22%2Fhome%2Fcarlosjosuegarciaalvarado2006%2FTrabajo.js%2Fparcial%201.js%2Fejercicio2.js%22%2C%22ref%22%3A%22HEAD%22%7D
2025-11-01 16:25:52.107 [info] > git ls-files --stage -- parcial 1.js/ejercicio2.js [8ms]
2025-11-01 16:25:52.122 [info] > git cat-file -s 13daf02f927734c76f6e1b3c136fe909c6173b81 [4ms]
2025-11-01 16:25:52.147 [info] > git show --textconv :parcial 1.js/ejercicio2.js [6ms]
2025-11-01 16:26:00.923 [info] > git config --get commit.template [4ms]
2025-11-01 16:26:00.949 [info] > git for-each-ref --format=%(refname)%00%(upstream:short)%00%(objectname)%00%(upstream:track)%00%(upstream:remotename)%00%(upstream:remoteref) refs/heads/master refs/remotes/master [8ms]
2025-11-01 16:26:00.996 [info] > git status -z -uall [25ms]
2025-11-01 16:26:01.006 [info] > git for-each-ref --sort -committerdate --format %(refname)%00%(objectname)%00%(*objectname) [11ms]
2025-11-01 16:26:01.046 [info] > git blame --root --incremental 80c850bc004be727e881dcc968afe46cf6b45c5f -- parcial 1.js/ejercicio2.js [13ms]
2025-11-01 16:26:01.916 [info] > git config --get commit.template [13ms]
2025-11-01 16:26:01.918 [info] > git for-each-ref --format=%(refname)%00%(upstream:short)%00%(objectname)%00%(upstream:track)%00%(upstream:remotename)%00%(upstream:remoteref) refs/heads/master refs/remotes/master [3ms]
2025-11-01 16:26:01.946 [info] > git status -z -uall [15ms]
2025-11-01 16:26:01.949 [info] > git for-each-ref --sort -committerdate --format %(refname)%00%(objectname)%00%(*objectname) [4ms]
2025-11-01 16:26:02.006 [info] > git ls-files --stage -- parcial 1.js/ejercicio2.js [3ms]
2025-11-01 16:26:02.018 [info] > git cat-file -s 13daf02f927734c76f6e1b3c136fe909c6173b81 [4ms]
2025-11-01 16:26:02.035 [info] > git show --textconv :parcial 1.js/ejercicio2.js [4ms]
2025-11-01 16:26:37.734 [info] > git config --get commit.template [1ms]
2025-11-01 16:26:37.759 [info] > git for-each-ref --format=%(refname)%00%(upstream:short)%00%(objectname)%00%(upstream:track)%00%(upstream:remotename)%00%(upstream:remoteref) refs/heads/master refs/remotes/master [8ms]
2025-11-01 16:26:37.800 [info] > git status -z -uall [28ms]
2025-11-01 16:26:37.809 [info] > git for-each-ref --sort -committerdate --format %(refname)%00%(objectname)%00%(*objectname) [21ms]
2025-11-01 16:29:34.437 [info] > git config --get commit.template [18ms]
2025-11-01 16:29:34.457 [info] [Git][getRemotes] No remotes found in the git config file
2025-11-01 16:29:34.458 [info] > git for-each-ref --format=%(refname)%00%(upstream:short)%00%(objectname)%00%(upstream:track)%00%(upstream:remotename)%00%(upstream:remoteref) refs/heads/master refs/remotes/master [9ms]
2025-11-01 16:29:34.458 [warning] [Git][getBranch] No such branch: master
2025-11-01 16:29:34.495 [info] > git status -z -uall [26ms]
2025-11-01 16:29:34.526 [info] > git for-each-ref --sort -committerdate --format %(refname)%00%(objectname)%00%(*objectname) [35ms]
2025-11-01 16:29:34.561 [info] > git ls-files --stage -- parcial 1.js/ejercicio2.js [40ms]
2025-11-01 16:29:34.564 [warning] [GitFileSystemProvider][stat] File not found - git:/home/carlosjosuegarciaalvarado2006/Trabajo.js/parcial%201.js/ejercicio2.js.git?%7B%22path%22%3A%22%2Fhome%2Fcarlosjosuegarciaalvarado2006%2FTrabajo.js%2Fparcial%201.js%2Fejercicio2.js%22%2C%22ref%22%3A%22%22%7D
2025-11-01 16:30:10.025 [info] > git show -s --decorate=full --shortstat --format=%H%n%aN%n%aE%n%at%n%ct%n%P%n%D%n%B -z 80c850bc004be727e881dcc968afe46cf6b45c5f -- [12ms]
2025-11-01 16:30:10.025 [info] fatal: bad object 80c850bc004be727e881dcc968afe46cf6b45c5f
2025-11-01 16:30:12.867 [info] > git config --get commit.template [13ms]
2025-11-01 16:30:12.868 [info] > git for-each-ref --format=%(refname)%00%(upstream:short)%00%(objectname)%00%(upstream:track)%00%(upstream:remotename)%00%(upstream:remoteref) refs/heads/master refs/remotes/master [3ms]
2025-11-01 16:30:12.868 [warning] [Git][getBranch] No such branch: master
2025-11-01 16:30:12.897 [info] > git status -z -uall [17ms]
2025-11-01 16:30:12.897 [info] > git for-each-ref --sort -committerdate --format %(refname)%00%(objectname)%00%(*objectname) [4ms]
2025-11-01 16:30:12.953 [info] > git ls-files --stage -- parcial 1.js/ejercicio2.js [4ms]
2025-11-01 16:30:12.954 [warning] [GitFileSystemProvider][stat] File not found - git:/home/carlosjosuegarciaalvarado2006/Trabajo.js/parcial%201.js/ejercicio2.js.git?%7B%22path%22%3A%22%2Fhome%2Fcarlosjosuegarciaalvarado2006%2FTrabajo.js%2Fparcial%201.js%2Fejercicio2.js%22%2C%22ref%22%3A%22%22%7D
2025-11-01 16:30:20.370 [info] > git show -s --decorate=full --shortstat --format=%H%n%aN%n%aE%n%at%n%ct%n%P%n%D%n%B -z 80c850bc004be727e881dcc968afe46cf6b45c5f -- [4ms]
2025-11-01 16:30:20.370 [info] fatal: bad object 80c850bc004be727e881dcc968afe46cf6b45c5f
2025-11-01 16:30:21.660 [info] > git config --get commit.template [10ms]
2025-11-01 16:30:21.692 [info] > git for-each-ref --format=%(refname)%00%(upstream:short)%00%(objectname)%00%(upstream:track)%00%(upstream:remotename)%00%(upstream:remoteref) refs/heads/master refs/remotes/master [4ms]
2025-11-01 16:30:21.692 [warning] [Git][getBranch] No such branch: master
2025-11-01 16:30:21.739 [info] > git status -z -uall [31ms]
2025-11-01 16:30:21.739 [info] > git for-each-ref --sort -committerdate --format %(refname)%00%(objectname)%00%(*objectname) [11ms]
2025-11-01 16:30:22.101 [info] > git show --textconv HEAD:parcial 1.js/ejercicio2.js [25ms]
2025-11-01 16:30:22.104 [warning] [GitFileSystemProvider][readFile] File not found - git:/home/carlosjosuegarciaalvarado2006/Trabajo.js/parcial%201.js/ejercicio2.js.git?%7B%22path%22%3A%22%2Fhome%2Fcarlosjosuegarciaalvarado2006%2FTrabajo.js%2Fparcial%201.js%2Fejercicio2.js%22%2C%22ref%22%3A%22HEAD%22%7D
2025-11-01 16:30:22.106 [info] > git ls-tree -l HEAD -- parcial 1.js/ejercicio2.js [8ms]
2025-11-01 16:30:22.106 [info] fatal: Not a valid object name HEAD
2025-11-01 16:30:22.108 [warning] [GitFileSystemProvider][stat] File not found - git:/home/carlosjosuegarciaalvarado2006/Trabajo.js/parcial%201.js/ejercicio2.js.git?%7B%22path%22%3A%22%2Fhome%2Fcarlosjosuegarciaalvarado2006%2FTrabajo.js%2Fparcial%201.js%2Fejercicio2.js%22%2C%22ref%22%3A%22HEAD%22%7D
2025-11-01 16:30:22.853 [info] > git ls-files --stage -- parcial 1.js/ejercicio2.js [3ms]
2025-11-01 16:30:22.864 [info] > git cat-file -s 13daf02f927734c76f6e1b3c136fe909c6173b81 [3ms]
2025-11-01 16:30:22.880 [info] > git show --textconv :parcial 1.js/ejercicio2.js [4ms]
2025-11-01 16:30:53.573 [info] > git config --get commit.template [6ms]
2025-11-01 16:30:53.594 [info] > git for-each-ref --format=%(refname)%00%(upstream:short)%00%(objectname)%00%(upstream:track)%00%(upstream:remotename)%00%(upstream:remoteref) refs/heads/master refs/remotes/master [5ms]
2025-11-01 16:30:53.645 [info] > git status -z -uall [29ms]
2025-11-01 16:30:53.648 [info] > git for-each-ref --sort -committerdate --format %(refname)%00%(objectname)%00%(*objectname) [8ms]
2025-11-01 16:30:53.692 [info] > git blame --root --incremental ba1b7b5916f0c497d7acf75efb670351e77be478 -- parcial 1.js/ejercicio2.js [16ms]
2025-11-01 16:31:03.225 [info] > git config --get commit.template [40ms]
2025-11-01 16:31:03.240 [info] > git ls-files --stage -- parcial 1.js/ejercicio2.js [29ms]
2025-11-01 16:31:03.278 [info] > git for-each-ref --format=%(refname)%00%(upstream:short)%00%(objectname)%00%(upstream:track)%00%(upstream:remotename)%00%(upstream:remoteref) refs/heads/master refs/remotes/master [39ms]
2025-11-01 16:31:03.335 [info] > git status -z -uall [33ms]
2025-11-01 16:31:03.344 [info] > git cat-file -s 13daf02f927734c76f6e1b3c136fe909c6173b81 [80ms]
2025-11-01 16:31:03.346 [info] > git for-each-ref --sort -committerdate --format %(refname)%00%(objectname)%00%(*objectname) [14ms]
2025-11-01 16:31:03.572 [info] > git show --textconv :parcial 1.js/ejercicio2.js [15ms]
2025-11-01 16:31:34.812 [info] > git config --get commit.template [6ms]
2025-11-01 16:31:34.828 [info] > git for-each-ref --format=%(refname)%00%(upstream:short)%00%(objectname)%00%(upstream:track)%00%(upstream:remotename)%00%(upstream:remoteref) refs/heads/master refs/remotes/master [4ms]
2025-11-01 16:31:34.875 [info] > git status -z -uall [29ms]
2025-11-01 16:31:34.878 [info] > git for-each-ref --sort -committerdate --format %(refname)%00%(objectname)%00%(*objectname) [12ms]
