2025-10-25 20:34:12.397 [info] Reading sessions from keychain...
2025-10-25 20:34:12.398 [info] Getting sessions for all scopes...
2025-10-25 20:34:18.392 [info] Got stored sessions!
2025-10-25 20:34:18.393 [info] Got 1 verified sessions.
2025-10-25 20:34:18.393 [info] Got 1 sessions for ...
2025-10-25 20:34:18.401 [info] Getting sessions for all scopes...
2025-10-25 20:34:18.401 [info] Got 1 sessions for ...
2025-10-25 20:34:18.402 [info] Getting sessions for all scopes...
2025-10-25 20:34:18.402 [info] Got 1 sessions for ...
2025-10-25 20:34:18.402 [info] Getting sessions for all scopes...
2025-10-25 20:34:18.402 [info] Got 1 sessions for ...
2025-10-25 20:34:18.402 [info] Getting sessions for all scopes...
2025-10-25 20:34:18.402 [info] Got 1 sessions for ...
2025-10-25 20:34:18.402 [info] Getting sessions for all scopes...
2025-10-25 20:34:18.402 [info] Got 1 sessions for ...
2025-10-25 20:34:18.402 [info] Getting sessions for all scopes...
2025-10-25 20:34:18.402 [info] Got 1 sessions for ...
2025-10-25 20:34:18.705 [info] Getting sessions for all scopes...
2025-10-25 20:34:18.705 [info] Got 1 sessions for ...
2025-10-25 20:34:18.706 [info] Getting sessions for all scopes...
2025-10-25 20:34:18.713 [info] Got 1 sessions for ...
2025-10-25 20:34:18.714 [info] Getting sessions for all scopes...
2025-10-25 20:34:18.714 [info] Got 1 sessions for ...
2025-10-25 20:34:18.716 [info] Getting sessions for all scopes...
2025-10-25 20:34:18.716 [info] Got 1 sessions for ...
2025-10-25 20:34:18.718 [info] Getting sessions for all scopes...
2025-10-25 20:34:18.719 [info] Got 1 sessions for ...
2025-10-25 20:34:18.719 [info] Getting sessions for all scopes...
2025-10-25 20:34:18.719 [info] Got 1 sessions for ...
2025-10-25 20:34:23.755 [info] Getting sessions for all scopes...
2025-10-25 20:34:23.755 [info] Got 1 sessions for ...
2025-10-25 20:34:24.762 [info] Getting sessions for read:user,repo,user:email,workflow...
2025-10-25 20:34:24.762 [info] Got 1 sessions for read:user,repo,user:email,workflow...
2025-10-25 20:34:27.852 [info] Getting sessions for all scopes...
2025-10-25 20:34:27.852 [info] Got 1 sessions for ...
2025-10-25 20:34:30.867 [info] Getting sessions for all scopes...
2025-10-25 20:34:30.867 [info] Got 1 sessions for ...
2025-10-25 20:34:30.869 [info] Getting sessions for all scopes...
2025-10-25 20:34:30.869 [info] Got 1 sessions for ...
2025-10-25 20:34:30.888 [info] Getting sessions for all scopes...
2025-10-25 20:34:30.888 [info] Got 1 sessions for ...
2025-10-25 21:54:55.710 [info] Getting sessions for read:user,repo,user:email,workflow...
2025-10-25 21:54:55.712 [info] Got 1 sessions for read:user,repo,user:email,workflow...
2025-10-25 21:58:12.651 [info] Getting sessions for read:user,repo,user:email,workflow...
2025-10-25 21:58:12.651 [info] Got 1 sessions for read:user,repo,user:email,workflow...
2025-10-25 22:11:06.210 [info] Getting sessions for read:user,repo,user:email,workflow...
2025-10-25 22:11:06.210 [info] Got 1 sessions for read:user,repo,user:email,workflow...
