2025-10-25 20:34:23.320 [info] [main] Log level: Info
2025-10-25 20:34:23.320 [info] [main] Validating found git in: "git"
2025-10-25 20:34:23.320 [info] [main] Using git "2.39.5" from "git"
2025-10-25 20:34:23.320 [info] [Model][doInitialScan] Initial repository scan started
2025-10-25 20:34:23.320 [info] > git rev-parse --show-toplevel [259ms]
2025-10-25 20:34:23.320 [info] > git rev-parse --git-dir --git-common-dir --show-superproject-working-tree [1045ms]
2025-10-25 20:34:23.320 [info] [Model][openRepository] Opened repository (path): /home/carlosjosuegarciaalvarado2006/Trabajo.js
2025-10-25 20:34:23.320 [info] [Model][openRepository] Opened repository (real path): /home/carlosjosuegarciaalvarado2006/Trabajo.js
2025-10-25 20:34:23.320 [info] [Model][openRepository] Opened repository (kind): repository
2025-10-25 20:34:23.373 [info] > git rev-parse --show-toplevel [187ms]
2025-10-25 20:34:23.375 [info] > git config --get commit.template [206ms]
2025-10-25 20:34:23.671 [info] > git rev-parse --show-toplevel [238ms]
2025-10-25 20:34:23.699 [info] [Model][doInitialScan] Initial repository scan completed - repositories (1), closed repositories (0), parent repositories (0), unsafe repositories (0)
2025-10-25 20:34:23.738 [info] > git for-each-ref --format=%(refname)%00%(upstream:short)%00%(objectname)%00%(upstream:track)%00%(upstream:remotename)%00%(upstream:remoteref) refs/heads/main refs/remotes/main [242ms]
2025-10-25 20:34:24.011 [info] > git status -z -uall [128ms]
2025-10-25 20:34:24.016 [info] > git check-ignore -v -z --stdin [34ms]
2025-10-25 20:34:24.026 [info] > git for-each-ref --sort -committerdate --format %(refname)%00%(objectname)%00%(*objectname) [95ms]
2025-10-25 20:34:24.417 [info] > git for-each-ref --format=%(refname)%00%(upstream:short)%00%(objectname)%00%(upstream:track)%00%(upstream:remotename)%00%(upstream:remoteref) refs/heads/main refs/remotes/main [127ms]
2025-10-25 20:34:24.456 [info] > git config --get commit.template [119ms]
2025-10-25 20:34:24.510 [info] > git config --get --local branch.main.vscode-merge-base [62ms]
2025-10-25 20:34:24.510 [warning] [Git][config] git config failed: Failed to execute git
2025-10-25 20:34:24.694 [info] > git reflog main --grep-reflog=branch: Created from *. [105ms]
2025-10-25 20:34:24.805 [info] > git for-each-ref --format=%(refname)%00%(upstream:short)%00%(objectname)%00%(upstream:track)%00%(upstream:remotename)%00%(upstream:remoteref) refs/heads/main refs/remotes/main [113ms]
2025-10-25 20:34:24.892 [info] > git show --textconv :EjerciciosFuncionesFlecha.js/ejercicio3.js [40ms]
2025-10-25 20:34:24.895 [info] > git symbolic-ref --short refs/remotes/origin/HEAD [140ms]
2025-10-25 20:34:24.895 [info] fatal: ref refs/remotes/origin/HEAD is not a symbolic ref
2025-10-25 20:34:24.895 [warning] [Repository][getDefaultBranch] Failed to get default branch details: Failed to execute git.
2025-10-25 20:34:24.972 [info] > git merge-base refs/heads/main refs/remotes/origin/main [29ms]
2025-10-25 20:34:25.021 [info] > git ls-files --stage -- EjerciciosFuncionesFlecha.js/ejercicio3.js [136ms]
2025-10-25 20:34:25.065 [info] > git diff --name-status -z --diff-filter=ADMR 95d6fd9cde4ec328c2cd4c1605a33ebbbf9bc85b...refs/remotes/origin/main [57ms]
2025-10-25 20:34:25.198 [info] > git cat-file -s a9643de8f5509ac4066013818edb7abe8fe822d2 [156ms]
2025-10-25 20:34:25.211 [info] > git status -z -uall [112ms]
2025-10-25 20:34:25.211 [info] > git for-each-ref --sort -committerdate --format %(refname)%00%(objectname)%00%(*objectname) [80ms]
2025-10-25 20:34:25.633 [info] > git blame --root --incremental 95d6fd9cde4ec328c2cd4c1605a33ebbbf9bc85b -- EjerciciosFuncionesFlecha.js/ejercicio3.js [5ms]
2025-10-25 20:34:49.504 [info] > git config --get commit.template [8ms]
2025-10-25 20:34:49.561 [info] > git for-each-ref --format=%(refname)%00%(upstream:short)%00%(objectname)%00%(upstream:track)%00%(upstream:remotename)%00%(upstream:remoteref) refs/heads/main refs/remotes/main [43ms]
2025-10-25 20:34:49.621 [info] > git status -z -uall [27ms]
2025-10-25 20:34:49.629 [info] > git for-each-ref --sort -committerdate --format %(refname)%00%(objectname)%00%(*objectname) [10ms]
2025-10-25 20:35:21.860 [info] > git config --get commit.template [16ms]
2025-10-25 20:35:21.865 [info] > git for-each-ref --format=%(refname)%00%(upstream:short)%00%(objectname)%00%(upstream:track)%00%(upstream:remotename)%00%(upstream:remoteref) refs/heads/main refs/remotes/main [7ms]
2025-10-25 20:35:21.912 [info] > git status -z -uall [31ms]
2025-10-25 20:35:21.918 [info] > git for-each-ref --sort -committerdate --format %(refname)%00%(objectname)%00%(*objectname) [9ms]
2025-10-25 20:51:56.095 [info] > git check-ignore -v -z --stdin [9ms]
2025-10-25 20:51:56.656 [info] > git config --get commit.template [16ms]
2025-10-25 20:51:56.678 [info] > git for-each-ref --format=%(refname)%00%(upstream:short)%00%(objectname)%00%(upstream:track)%00%(upstream:remotename)%00%(upstream:remoteref) refs/heads/main refs/remotes/main [26ms]
2025-10-25 20:51:56.707 [info] > git status -z -uall [18ms]
2025-10-25 20:51:56.712 [info] > git for-each-ref --sort -committerdate --format %(refname)%00%(objectname)%00%(*objectname) [7ms]
2025-10-25 20:52:15.723 [info] > git check-ignore -v -z --stdin [4ms]
2025-10-25 20:52:16.308 [info] > git config --get commit.template [17ms]
2025-10-25 20:52:16.312 [info] > git for-each-ref --format=%(refname)%00%(upstream:short)%00%(objectname)%00%(upstream:track)%00%(upstream:remotename)%00%(upstream:remoteref) refs/heads/main refs/remotes/main [9ms]
2025-10-25 20:52:16.342 [info] > git status -z -uall [17ms]
2025-10-25 20:52:16.347 [info] > git for-each-ref --sort -committerdate --format %(refname)%00%(objectname)%00%(*objectname) [8ms]
2025-10-25 20:52:25.508 [info] > git check-ignore -v -z --stdin [3ms]
2025-10-25 20:52:26.053 [info] > git config --get commit.template [5ms]
2025-10-25 20:52:26.067 [info] > git for-each-ref --format=%(refname)%00%(upstream:short)%00%(objectname)%00%(upstream:track)%00%(upstream:remotename)%00%(upstream:remoteref) refs/heads/main refs/remotes/main [4ms]
2025-10-25 20:52:26.095 [info] > git status -z -uall [17ms]
2025-10-25 20:52:26.100 [info] > git for-each-ref --sort -committerdate --format %(refname)%00%(objectname)%00%(*objectname) [9ms]
2025-10-25 20:52:47.609 [info] > git check-ignore -v -z --stdin [2ms]
2025-10-25 20:52:48.166 [info] > git config --get commit.template [10ms]
2025-10-25 20:52:48.183 [info] > git for-each-ref --format=%(refname)%00%(upstream:short)%00%(objectname)%00%(upstream:track)%00%(upstream:remotename)%00%(upstream:remoteref) refs/heads/main refs/remotes/main [8ms]
2025-10-25 20:52:48.212 [info] > git status -z -uall [17ms]
2025-10-25 20:52:48.219 [info] > git for-each-ref --sort -committerdate --format %(refname)%00%(objectname)%00%(*objectname) [9ms]
2025-10-25 20:52:55.731 [info] > git config --get commit.template [22ms]
2025-10-25 20:52:55.737 [info] > git for-each-ref --format=%(refname)%00%(upstream:short)%00%(objectname)%00%(upstream:track)%00%(upstream:remotename)%00%(upstream:remoteref) refs/heads/main refs/remotes/main [8ms]
2025-10-25 20:52:55.768 [info] > git status -z -uall [21ms]
2025-10-25 20:52:55.768 [info] > git for-each-ref --sort -committerdate --format %(refname)%00%(objectname)%00%(*objectname) [7ms]
2025-10-25 20:53:04.030 [info] > git config --get commit.template [3ms]
2025-10-25 20:53:04.046 [info] > git for-each-ref --format=%(refname)%00%(upstream:short)%00%(objectname)%00%(upstream:track)%00%(upstream:remotename)%00%(upstream:remoteref) refs/heads/main refs/remotes/main [7ms]
2025-10-25 20:53:04.075 [info] > git status -z -uall [16ms]
2025-10-25 20:53:04.079 [info] > git for-each-ref --sort -committerdate --format %(refname)%00%(objectname)%00%(*objectname) [6ms]
2025-10-25 20:53:14.729 [info] > git show --textconv :resta.js/resta,js [15ms]
2025-10-25 20:53:14.750 [info] > git hash-object -t tree /dev/null [5ms]
2025-10-25 20:53:14.751 [warning] [GitFileSystemProvider][readFile] File not found - git:/home/carlosjosuegarciaalvarado2006/Trabajo.js/resta.js/resta%2Cjs.git?%7B%22path%22%3A%22%2Fhome%2Fcarlosjosuegarciaalvarado2006%2FTrabajo.js%2Fresta.js%2Fresta%2Cjs%22%2C%22ref%22%3A%22%22%7D
2025-10-25 20:53:14.752 [info] > git ls-files --stage -- resta.js/resta,js [25ms]
2025-10-25 20:53:14.754 [warning] [GitFileSystemProvider][stat] File not found - git:/home/carlosjosuegarciaalvarado2006/Trabajo.js/resta.js/resta%2Cjs.git?%7B%22path%22%3A%22%2Fhome%2Fcarlosjosuegarciaalvarado2006%2FTrabajo.js%2Fresta.js%2Fresta%2Cjs%22%2C%22ref%22%3A%22%22%7D
2025-10-25 20:53:14.933 [info] > git check-ignore -v -z --stdin [3ms]
2025-10-25 20:53:15.461 [info] > git config --get commit.template [14ms]
2025-10-25 20:53:15.464 [info] > git for-each-ref --format=%(refname)%00%(upstream:short)%00%(objectname)%00%(upstream:track)%00%(upstream:remotename)%00%(upstream:remoteref) refs/heads/main refs/remotes/main [6ms]
2025-10-25 20:53:15.489 [info] > git status -z -uall [14ms]
2025-10-25 20:53:15.493 [info] > git for-each-ref --sort -committerdate --format %(refname)%00%(objectname)%00%(*objectname) [6ms]
2025-10-25 20:53:24.416 [info] > git show --textconv :funcion/resta,js [15ms]
2025-10-25 20:53:24.419 [warning] [GitFileSystemProvider][readFile] File not found - git:/home/carlosjosuegarciaalvarado2006/Trabajo.js/funcion/resta%2Cjs.git?%7B%22path%22%3A%22%2Fhome%2Fcarlosjosuegarciaalvarado2006%2FTrabajo.js%2Ffuncion%2Fresta%2Cjs%22%2C%22ref%22%3A%22%22%7D
2025-10-25 20:53:24.423 [info] > git ls-files --stage -- funcion/resta,js [8ms]
2025-10-25 20:53:24.424 [warning] [GitFileSystemProvider][stat] File not found - git:/home/carlosjosuegarciaalvarado2006/Trabajo.js/funcion/resta%2Cjs.git?%7B%22path%22%3A%22%2Fhome%2Fcarlosjosuegarciaalvarado2006%2FTrabajo.js%2Ffuncion%2Fresta%2Cjs%22%2C%22ref%22%3A%22%22%7D
2025-10-25 20:53:24.647 [info] > git check-ignore -v -z --stdin [4ms]
2025-10-25 20:53:25.161 [info] > git config --get commit.template [11ms]
2025-10-25 20:53:25.167 [info] > git for-each-ref --format=%(refname)%00%(upstream:short)%00%(objectname)%00%(upstream:track)%00%(upstream:remotename)%00%(upstream:remoteref) refs/heads/main refs/remotes/main [7ms]
2025-10-25 20:53:25.193 [info] > git status -z -uall [18ms]
2025-10-25 20:53:25.202 [info] > git for-each-ref --sort -committerdate --format %(refname)%00%(objectname)%00%(*objectname) [13ms]
2025-10-25 20:55:37.683 [info] > git config --get commit.template [12ms]
2025-10-25 20:55:37.686 [info] > git for-each-ref --format=%(refname)%00%(upstream:short)%00%(objectname)%00%(upstream:track)%00%(upstream:remotename)%00%(upstream:remoteref) refs/heads/main refs/remotes/main [5ms]
2025-10-25 20:55:37.725 [info] > git status -z -uall [29ms]
2025-10-25 20:55:37.726 [info] > git check-ignore -v -z --stdin [2ms]
2025-10-25 20:55:37.727 [info] > git for-each-ref --sort -committerdate --format %(refname)%00%(objectname)%00%(*objectname) [19ms]
2025-10-25 21:34:25.075 [info] > git check-ignore -v -z --stdin [16ms]
2025-10-25 21:34:25.599 [info] > git config --get commit.template [18ms]
2025-10-25 21:34:25.606 [info] > git for-each-ref --format=%(refname)%00%(upstream:short)%00%(objectname)%00%(upstream:track)%00%(upstream:remotename)%00%(upstream:remoteref) refs/heads/main refs/remotes/main [9ms]
2025-10-25 21:34:25.647 [info] > git status -z -uall [24ms]
2025-10-25 21:34:25.647 [info] > git for-each-ref --sort -committerdate --format %(refname)%00%(objectname)%00%(*objectname) [5ms]
2025-10-25 21:34:32.783 [info] > git config --get commit.template [9ms]
2025-10-25 21:34:32.800 [info] > git for-each-ref --format=%(refname)%00%(upstream:short)%00%(objectname)%00%(upstream:track)%00%(upstream:remotename)%00%(upstream:remoteref) refs/heads/main refs/remotes/main [7ms]
2025-10-25 21:34:32.832 [info] > git status -z -uall [19ms]
2025-10-25 21:34:32.839 [info] > git for-each-ref --sort -committerdate --format %(refname)%00%(objectname)%00%(*objectname) [11ms]
2025-10-25 21:34:48.879 [info] > git config --get commit.template [25ms]
2025-10-25 21:34:48.883 [info] > git for-each-ref --format=%(refname)%00%(upstream:short)%00%(objectname)%00%(upstream:track)%00%(upstream:remotename)%00%(upstream:remoteref) refs/heads/main refs/remotes/main [6ms]
2025-10-25 21:34:48.907 [info] > git status -z -uall [15ms]
2025-10-25 21:34:48.909 [info] > git for-each-ref --sort -committerdate --format %(refname)%00%(objectname)%00%(*objectname) [5ms]
2025-10-25 21:34:59.370 [info] > git config --get commit.template [12ms]
2025-10-25 21:34:59.373 [info] > git for-each-ref --format=%(refname)%00%(upstream:short)%00%(objectname)%00%(upstream:track)%00%(upstream:remotename)%00%(upstream:remoteref) refs/heads/main refs/remotes/main [5ms]
2025-10-25 21:34:59.397 [info] > git status -z -uall [13ms]
2025-10-25 21:34:59.400 [info] > git for-each-ref --sort -committerdate --format %(refname)%00%(objectname)%00%(*objectname) [4ms]
2025-10-25 21:35:12.470 [info] > git config --get commit.template [60ms]
2025-10-25 21:35:12.517 [info] > git for-each-ref --format=%(refname)%00%(upstream:short)%00%(objectname)%00%(upstream:track)%00%(upstream:remotename)%00%(upstream:remoteref) refs/heads/main refs/remotes/main [49ms]
2025-10-25 21:35:12.685 [info] > git status -z -uall [108ms]
2025-10-25 21:35:12.685 [info] > git show --textconv :funcion/cArea.js [36ms]
2025-10-25 21:35:12.690 [warning] [GitFileSystemProvider][readFile] File not found - git:/home/carlosjosuegarciaalvarado2006/Trabajo.js/funcion/cArea.js.git?%7B%22path%22%3A%22%2Fhome%2Fcarlosjosuegarciaalvarado2006%2FTrabajo.js%2Ffuncion%2FcArea.js%22%2C%22ref%22%3A%22%22%7D
2025-10-25 21:35:12.691 [info] > git for-each-ref --sort -committerdate --format %(refname)%00%(objectname)%00%(*objectname) [83ms]
2025-10-25 21:35:12.704 [info] > git ls-files --stage -- funcion/cArea.js [27ms]
2025-10-25 21:35:12.706 [warning] [GitFileSystemProvider][stat] File not found - git:/home/carlosjosuegarciaalvarado2006/Trabajo.js/funcion/cArea.js.git?%7B%22path%22%3A%22%2Fhome%2Fcarlosjosuegarciaalvarado2006%2FTrabajo.js%2Ffuncion%2FcArea.js%22%2C%22ref%22%3A%22%22%7D
2025-10-25 21:42:16.107 [info] > git check-ignore -v -z --stdin [23ms]
2025-10-25 21:42:16.486 [info] > git show --textconv :funcion/descuento.js [33ms]
2025-10-25 21:42:16.496 [warning] [GitFileSystemProvider][readFile] File not found - git:/home/carlosjosuegarciaalvarado2006/Trabajo.js/funcion/descuento.js.git?%7B%22path%22%3A%22%2Fhome%2Fcarlosjosuegarciaalvarado2006%2FTrabajo.js%2Ffuncion%2Fdescuento.js%22%2C%22ref%22%3A%22%22%7D
2025-10-25 21:42:16.498 [info] > git ls-files --stage -- funcion/descuento.js [16ms]
2025-10-25 21:42:16.500 [warning] [GitFileSystemProvider][stat] File not found - git:/home/carlosjosuegarciaalvarado2006/Trabajo.js/funcion/descuento.js.git?%7B%22path%22%3A%22%2Fhome%2Fcarlosjosuegarciaalvarado2006%2FTrabajo.js%2Ffuncion%2Fdescuento.js%22%2C%22ref%22%3A%22%22%7D
2025-10-25 21:42:16.578 [info] > git config --get commit.template [19ms]
2025-10-25 21:42:16.582 [info] > git for-each-ref --format=%(refname)%00%(upstream:short)%00%(objectname)%00%(upstream:track)%00%(upstream:remotename)%00%(upstream:remoteref) refs/heads/main refs/remotes/main [6ms]
2025-10-25 21:42:16.615 [info] > git status -z -uall [20ms]
2025-10-25 21:42:16.617 [info] > git for-each-ref --sort -committerdate --format %(refname)%00%(objectname)%00%(*objectname) [4ms]
2025-10-25 21:44:46.175 [info] > git show --textconv :funcion/resta.js [53ms]
2025-10-25 21:44:46.180 [warning] [GitFileSystemProvider][readFile] File not found - git:/home/carlosjosuegarciaalvarado2006/Trabajo.js/funcion/resta.js.git?%7B%22path%22%3A%22%2Fhome%2Fcarlosjosuegarciaalvarado2006%2FTrabajo.js%2Ffuncion%2Fresta.js%22%2C%22ref%22%3A%22%22%7D
2025-10-25 21:44:46.195 [info] > git ls-files --stage -- funcion/resta.js [33ms]
2025-10-25 21:44:46.196 [warning] [GitFileSystemProvider][stat] File not found - git:/home/carlosjosuegarciaalvarado2006/Trabajo.js/funcion/resta.js.git?%7B%22path%22%3A%22%2Fhome%2Fcarlosjosuegarciaalvarado2006%2FTrabajo.js%2Ffuncion%2Fresta.js%22%2C%22ref%22%3A%22%22%7D
2025-10-25 21:44:46.447 [info] > git blame --root --incremental 95d6fd9cde4ec328c2cd4c1605a33ebbbf9bc85b -- funcion/resta.js [25ms]
2025-10-25 21:44:46.447 [info] fatal: no such path funcion/resta.js in 95d6fd9cde4ec328c2cd4c1605a33ebbbf9bc85b
2025-10-25 21:44:46.791 [info] > git config --get commit.template [51ms]
2025-10-25 21:44:46.804 [info] > git for-each-ref --format=%(refname)%00%(upstream:short)%00%(objectname)%00%(upstream:track)%00%(upstream:remotename)%00%(upstream:remoteref) refs/heads/main refs/remotes/main [17ms]
2025-10-25 21:44:46.934 [info] > git status -z -uall [66ms]
2025-10-25 21:44:46.938 [info] > git for-each-ref --sort -committerdate --format %(refname)%00%(objectname)%00%(*objectname) [25ms]
2025-10-25 21:54:31.659 [info] > git config --get commit.template [4ms]
2025-10-25 21:54:31.661 [info] [Git][getRemotes] No remotes found in the git config file
2025-10-25 21:54:31.686 [info] > git for-each-ref --format=%(refname)%00%(upstream:short)%00%(objectname)%00%(upstream:track)%00%(upstream:remotename)%00%(upstream:remoteref) refs/heads/main refs/remotes/main [16ms]
2025-10-25 21:54:31.712 [info] > git status -z -uall [17ms]
2025-10-25 21:54:31.716 [info] > git for-each-ref --sort -committerdate --format %(refname)%00%(objectname)%00%(*objectname) [5ms]
2025-10-25 21:54:39.739 [info] > git config --get commit.template [15ms]
2025-10-25 21:54:39.743 [info] > git for-each-ref --format=%(refname)%00%(upstream:short)%00%(objectname)%00%(upstream:track)%00%(upstream:remotename)%00%(upstream:remoteref) refs/heads/main refs/remotes/main [6ms]
2025-10-25 21:54:39.774 [info] > git status -z -uall [17ms]
2025-10-25 21:54:39.775 [info] > git for-each-ref --sort -committerdate --format %(refname)%00%(objectname)%00%(*objectname) [5ms]
2025-10-25 21:54:47.098 [info] > git config --get commit.template [17ms]
2025-10-25 21:54:47.110 [info] > git for-each-ref --format=%(refname)%00%(upstream:short)%00%(objectname)%00%(upstream:track)%00%(upstream:remotename)%00%(upstream:remoteref) refs/heads/main refs/remotes/main [13ms]
2025-10-25 21:54:47.151 [info] > git status -z -uall [25ms]
2025-10-25 21:54:47.152 [info] > git for-each-ref --sort -committerdate --format %(refname)%00%(objectname)%00%(*objectname) [3ms]
2025-10-25 21:54:48.075 [info] > git for-each-ref --format=%(refname)%00%(upstream:short)%00%(objectname)%00%(upstream:track)%00%(upstream:remotename)%00%(upstream:remoteref) refs/heads/main refs/remotes/main [6ms]
2025-10-25 21:54:48.075 [info] > git config --get commit.template [19ms]
2025-10-25 21:54:48.117 [info] > git status -z -uall [24ms]
2025-10-25 21:54:48.121 [info] > git for-each-ref --sort -committerdate --format %(refname)%00%(objectname)%00%(*objectname) [8ms]
2025-10-25 21:54:56.718 [info] > git config --get commit.template [28ms]
2025-10-25 21:54:56.724 [info] > git for-each-ref --format=%(refname)%00%(upstream:short)%00%(objectname)%00%(upstream:track)%00%(upstream:remotename)%00%(upstream:remoteref) refs/heads/main refs/remotes/main [13ms]
2025-10-25 21:54:56.774 [info] > git status -z -uall [23ms]
2025-10-25 21:54:56.790 [info] > git for-each-ref --sort -committerdate --format %(refname)%00%(objectname)%00%(*objectname) [23ms]
2025-10-25 21:54:56.849 [info] > git merge-base refs/heads/main refs/remotes/origin/main [7ms]
2025-10-25 21:54:56.871 [info] > git diff --name-status -z --diff-filter=ADMR 95d6fd9cde4ec328c2cd4c1605a33ebbbf9bc85b...refs/remotes/origin/main [10ms]
2025-10-25 21:57:22.315 [info] > git config --get commit.template [16ms]
2025-10-25 21:57:22.339 [info] [Git][getRemotes] No remotes found in the git config file
2025-10-25 21:57:22.443 [info] > git for-each-ref --format=%(refname)%00%(upstream:short)%00%(objectname)%00%(upstream:track)%00%(upstream:remotename)%00%(upstream:remoteref) refs/heads/master refs/remotes/master [48ms]
2025-10-25 21:57:22.466 [warning] [Git][getBranch] No such branch: master
2025-10-25 21:57:22.599 [info] > git status -z -uall [86ms]
2025-10-25 21:57:22.622 [info] > git for-each-ref --sort -committerdate --format %(refname)%00%(objectname)%00%(*objectname) [31ms]
2025-10-25 21:57:22.689 [info] > git for-each-ref --format=%(refname)%00%(upstream:short)%00%(objectname)%00%(upstream:track)%00%(upstream:remotename)%00%(upstream:remoteref) refs/heads/master refs/remotes/master [31ms]
2025-10-25 21:57:22.689 [warning] [Git][getBranch] No such branch: master
2025-10-25 21:57:22.710 [error] [GitHistoryProvider][resolveHEADMergeBase] Failed to resolve merge base for master: Error: No such branch: master.
2025-10-25 21:57:29.482 [info] > git config --get commit.template [13ms]
2025-10-25 21:57:29.484 [info] > git for-each-ref --format=%(refname)%00%(upstream:short)%00%(objectname)%00%(upstream:track)%00%(upstream:remotename)%00%(upstream:remoteref) refs/heads/master refs/remotes/master [6ms]
2025-10-25 21:57:29.484 [warning] [Git][getBranch] No such branch: master
2025-10-25 21:57:29.515 [info] > git status -z -uall [19ms]
2025-10-25 21:57:29.517 [info] > git for-each-ref --sort -committerdate --format %(refname)%00%(objectname)%00%(*objectname) [6ms]
2025-10-25 21:57:44.096 [info] > git config --get commit.template [6ms]
2025-10-25 21:57:44.126 [info] > git for-each-ref --format=%(refname)%00%(upstream:short)%00%(objectname)%00%(upstream:track)%00%(upstream:remotename)%00%(upstream:remoteref) refs/heads/master refs/remotes/master [4ms]
2025-10-25 21:57:44.126 [warning] [Git][getBranch] No such branch: master
2025-10-25 21:57:44.165 [info] > git status -z -uall [17ms]
2025-10-25 21:57:44.169 [info] > git for-each-ref --sort -committerdate --format %(refname)%00%(objectname)%00%(*objectname) [5ms]
2025-10-25 21:57:44.558 [info] > git show --textconv :funcion/cArea.js [44ms]
2025-10-25 21:57:44.558 [info] > git show --textconv HEAD:funcion/cArea.js [27ms]
2025-10-25 21:57:44.558 [info] > git ls-files --stage -- funcion/cArea.js [13ms]
2025-10-25 21:57:44.576 [warning] [GitFileSystemProvider][readFile] File not found - git:/home/carlosjosuegarciaalvarado2006/Trabajo.js/funcion/cArea.js.git?%7B%22path%22%3A%22%2Fhome%2Fcarlosjosuegarciaalvarado2006%2FTrabajo.js%2Ffuncion%2FcArea.js%22%2C%22ref%22%3A%22HEAD%22%7D
2025-10-25 21:57:44.583 [info] > git cat-file -s e69de29bb2d1d6434b8b29ae775ad8c2e48c5391 [12ms]
2025-10-25 21:57:44.585 [info] > git ls-tree -l HEAD -- funcion/cArea.js [30ms]
2025-10-25 21:57:44.585 [info] fatal: Not a valid object name HEAD
2025-10-25 21:57:44.586 [warning] [GitFileSystemProvider][stat] File not found - git:/home/carlosjosuegarciaalvarado2006/Trabajo.js/funcion/cArea.js.git?%7B%22path%22%3A%22%2Fhome%2Fcarlosjosuegarciaalvarado2006%2FTrabajo.js%2Ffuncion%2FcArea.js%22%2C%22ref%22%3A%22HEAD%22%7D
2025-10-25 21:57:45.206 [info] > git config --get commit.template [3ms]
2025-10-25 21:57:45.222 [info] > git for-each-ref --format=%(refname)%00%(upstream:short)%00%(objectname)%00%(upstream:track)%00%(upstream:remotename)%00%(upstream:remoteref) refs/heads/master refs/remotes/master [4ms]
2025-10-25 21:57:45.222 [warning] [Git][getBranch] No such branch: master
2025-10-25 21:57:45.255 [info] > git status -z -uall [21ms]
2025-10-25 21:57:45.258 [info] > git for-each-ref --sort -committerdate --format %(refname)%00%(objectname)%00%(*objectname) [5ms]
2025-10-25 21:57:45.317 [info] > git ls-files --stage -- funcion/cArea.js [5ms]
2025-10-25 21:57:45.332 [info] > git cat-file -s e69de29bb2d1d6434b8b29ae775ad8c2e48c5391 [4ms]
2025-10-25 21:57:45.356 [info] > git show --textconv :funcion/cArea.js [4ms]
2025-10-25 21:57:52.035 [info] > git config --get commit.template [3ms]
2025-10-25 21:57:52.065 [info] > git for-each-ref --format=%(refname)%00%(upstream:short)%00%(objectname)%00%(upstream:track)%00%(upstream:remotename)%00%(upstream:remoteref) refs/heads/master refs/remotes/master [12ms]
2025-10-25 21:57:52.128 [info] > git status -z -uall [43ms]
2025-10-25 21:57:52.134 [info] > git for-each-ref --sort -committerdate --format %(refname)%00%(objectname)%00%(*objectname) [9ms]
2025-10-25 21:57:52.177 [info] > git blame --root --incremental 1d84b2877e13b14bf2642ad647809047de6b0701 -- funcion/cArea.js [15ms]
2025-10-25 21:57:53.018 [info] > git config --get commit.template [5ms]
2025-10-25 21:57:53.063 [info] > git for-each-ref --format=%(refname)%00%(upstream:short)%00%(objectname)%00%(upstream:track)%00%(upstream:remotename)%00%(upstream:remoteref) refs/heads/master refs/remotes/master [18ms]
2025-10-25 21:57:53.114 [info] > git status -z -uall [39ms]
2025-10-25 21:57:53.118 [info] > git for-each-ref --sort -committerdate --format %(refname)%00%(objectname)%00%(*objectname) [16ms]
2025-10-25 21:57:53.165 [info] > git ls-files --stage -- funcion/cArea.js [11ms]
2025-10-25 21:57:53.205 [info] > git cat-file -s e69de29bb2d1d6434b8b29ae775ad8c2e48c5391 [22ms]
2025-10-25 21:57:53.417 [info] > git show --textconv :funcion/cArea.js [9ms]
2025-10-25 21:58:04.510 [info] > git config --get commit.template [4ms]
2025-10-25 21:58:04.530 [info] > git for-each-ref --format=%(refname)%00%(upstream:short)%00%(objectname)%00%(upstream:track)%00%(upstream:remotename)%00%(upstream:remoteref) refs/heads/main refs/remotes/main [3ms]
2025-10-25 21:58:04.571 [info] > git status -z -uall [22ms]
2025-10-25 21:58:04.579 [info] > git for-each-ref --sort -committerdate --format %(refname)%00%(objectname)%00%(*objectname) [9ms]
2025-10-25 21:58:04.617 [info] > git for-each-ref --format=%(refname)%00%(upstream:short)%00%(objectname)%00%(upstream:track)%00%(upstream:remotename)%00%(upstream:remoteref) refs/heads/main refs/remotes/main [16ms]
2025-10-25 21:58:04.639 [info] > git config --get --local branch.main.vscode-merge-base [7ms]
2025-10-25 21:58:04.640 [warning] [Git][config] git config failed: Failed to execute git
2025-10-25 21:58:04.655 [info] > git reflog main --grep-reflog=branch: Created from *. [5ms]
2025-10-25 21:58:04.668 [info] > git symbolic-ref --short refs/remotes/origin/HEAD [4ms]
2025-10-25 21:58:04.668 [info] fatal: ref refs/remotes/origin/HEAD is not a symbolic ref
2025-10-25 21:58:04.668 [warning] [Repository][getDefaultBranch] Failed to get default branch details: Failed to execute git.
2025-10-25 21:58:05.652 [info] > git config --get commit.template [23ms]
2025-10-25 21:58:05.656 [info] > git for-each-ref --format=%(refname)%00%(upstream:short)%00%(objectname)%00%(upstream:track)%00%(upstream:remotename)%00%(upstream:remoteref) refs/heads/main refs/remotes/main [6ms]
2025-10-25 21:58:05.693 [info] > git status -z -uall [26ms]
2025-10-25 21:58:05.698 [info] > git for-each-ref --sort -committerdate --format %(refname)%00%(objectname)%00%(*objectname) [11ms]
2025-10-25 21:58:05.737 [info] > git ls-files --stage -- funcion/cArea.js [5ms]
2025-10-25 21:58:05.754 [info] > git cat-file -s e69de29bb2d1d6434b8b29ae775ad8c2e48c5391 [3ms]
2025-10-25 21:58:05.779 [info] > git show --textconv :funcion/cArea.js [9ms]
2025-10-25 21:58:13.762 [info] > git config --get commit.template [31ms]
2025-10-25 21:58:13.766 [info] > git for-each-ref --format=%(refname)%00%(upstream:short)%00%(objectname)%00%(upstream:track)%00%(upstream:remotename)%00%(upstream:remoteref) refs/heads/main refs/remotes/main [11ms]
2025-10-25 21:58:13.806 [info] > git status -z -uall [20ms]
2025-10-25 21:58:13.821 [info] > git for-each-ref --sort -committerdate --format %(refname)%00%(objectname)%00%(*objectname) [16ms]
2025-10-25 21:58:13.870 [info] > git merge-base refs/heads/main refs/remotes/origin/main [9ms]
2025-10-25 21:58:13.898 [info] > git diff --name-status -z --diff-filter=ADMR 1d84b2877e13b14bf2642ad647809047de6b0701...refs/remotes/origin/main [10ms]
2025-10-25 22:00:07.007 [info] > git ls-files --stage -- funcion/cArea.js [16ms]
2025-10-25 22:00:07.069 [info] > git cat-file -s e69de29bb2d1d6434b8b29ae775ad8c2e48c5391 [24ms]
2025-10-25 22:00:07.160 [info] > git show --textconv :funcion/cArea.js [41ms]
2025-10-25 22:00:08.994 [info] > git config --get commit.template [5ms]
2025-10-25 22:00:09.037 [info] > git for-each-ref --format=%(refname)%00%(upstream:short)%00%(objectname)%00%(upstream:track)%00%(upstream:remotename)%00%(upstream:remoteref) refs/heads/main refs/remotes/main [16ms]
2025-10-25 22:00:09.073 [info] > git status -z -uall [25ms]
2025-10-25 22:00:09.082 [info] > git for-each-ref --sort -committerdate --format %(refname)%00%(objectname)%00%(*objectname) [10ms]
2025-10-25 22:01:08.935 [info] > git ls-files --stage -- funcion/cArea.js [21ms]
2025-10-25 22:01:08.960 [info] > git config --get commit.template [33ms]
2025-10-25 22:01:08.990 [info] > git cat-file -s e69de29bb2d1d6434b8b29ae775ad8c2e48c5391 [34ms]
2025-10-25 22:01:08.996 [info] > git for-each-ref --format=%(refname)%00%(upstream:short)%00%(objectname)%00%(upstream:track)%00%(upstream:remotename)%00%(upstream:remoteref) refs/heads/main refs/remotes/main [8ms]
2025-10-25 22:01:09.068 [info] > git status -z -uall [44ms]
2025-10-25 22:01:09.068 [info] > git for-each-ref --sort -committerdate --format %(refname)%00%(objectname)%00%(*objectname) [16ms]
2025-10-25 22:01:09.138 [info] > git show --textconv :funcion/cArea.js [18ms]
2025-10-25 22:03:47.619 [info] > git show --textconv :funcion/resta.js [44ms]
2025-10-25 22:03:47.627 [info] > git ls-files --stage -- funcion/resta.js [11ms]
2025-10-25 22:03:47.681 [info] > git cat-file -s e69de29bb2d1d6434b8b29ae775ad8c2e48c5391 [9ms]
2025-10-25 22:03:47.822 [info] > git blame --root --incremental 1d84b2877e13b14bf2642ad647809047de6b0701 -- funcion/resta.js [35ms]
2025-10-25 22:04:05.238 [info] > git show --textconv :funcion/descuento.js [40ms]
2025-10-25 22:04:05.245 [info] > git ls-files --stage -- funcion/descuento.js [10ms]
2025-10-25 22:04:05.277 [info] > git cat-file -s e69de29bb2d1d6434b8b29ae775ad8c2e48c5391 [9ms]
2025-10-25 22:04:05.337 [info] > git blame --root --incremental 1d84b2877e13b14bf2642ad647809047de6b0701 -- funcion/descuento.js [9ms]
2025-10-25 22:07:59.556 [info] > git config --get commit.template [22ms]
2025-10-25 22:07:59.558 [info] > git for-each-ref --format=%(refname)%00%(upstream:short)%00%(objectname)%00%(upstream:track)%00%(upstream:remotename)%00%(upstream:remoteref) refs/heads/main refs/remotes/main [5ms]
2025-10-25 22:07:59.593 [info] > git status -z -uall [22ms]
2025-10-25 22:07:59.596 [info] > git for-each-ref --sort -committerdate --format %(refname)%00%(objectname)%00%(*objectname) [8ms]
2025-10-25 22:08:01.399 [info] > git show --textconv :funcion/resta.js [54ms]
2025-10-25 22:08:01.414 [info] > git ls-files --stage -- funcion/resta.js [16ms]
2025-10-25 22:08:01.464 [info] > git cat-file -s e69de29bb2d1d6434b8b29ae775ad8c2e48c5391 [13ms]
2025-10-25 22:08:04.641 [info] > git config --get commit.template [15ms]
2025-10-25 22:08:04.644 [info] > git for-each-ref --format=%(refname)%00%(upstream:short)%00%(objectname)%00%(upstream:track)%00%(upstream:remotename)%00%(upstream:remoteref) refs/heads/main refs/remotes/main [5ms]
2025-10-25 22:08:04.671 [info] > git status -z -uall [17ms]
2025-10-25 22:08:04.675 [info] > git for-each-ref --sort -committerdate --format %(refname)%00%(objectname)%00%(*objectname) [9ms]
2025-10-25 22:08:06.004 [info] > git show --textconv :funcion/cArea.js [54ms]
2025-10-25 22:08:06.004 [info] > git ls-files --stage -- funcion/cArea.js [12ms]
2025-10-25 22:08:06.043 [info] > git cat-file -s e69de29bb2d1d6434b8b29ae775ad8c2e48c5391 [15ms]
2025-10-25 22:08:09.723 [info] > git config --get commit.template [22ms]
2025-10-25 22:08:09.726 [info] > git for-each-ref --format=%(refname)%00%(upstream:short)%00%(objectname)%00%(upstream:track)%00%(upstream:remotename)%00%(upstream:remoteref) refs/heads/main refs/remotes/main [8ms]
2025-10-25 22:08:09.768 [info] > git status -z -uall [30ms]
2025-10-25 22:08:09.768 [info] > git for-each-ref --sort -committerdate --format %(refname)%00%(objectname)%00%(*objectname) [5ms]
2025-10-25 22:10:47.225 [info] > git config --get commit.template [34ms]
2025-10-25 22:10:47.257 [info] > git for-each-ref --format=%(refname)%00%(upstream:short)%00%(objectname)%00%(upstream:track)%00%(upstream:remotename)%00%(upstream:remoteref) refs/heads/main refs/remotes/main [10ms]
2025-10-25 22:10:47.285 [info] > git status -z -uall [14ms]
2025-10-25 22:10:47.291 [info] > git for-each-ref --sort -committerdate --format %(refname)%00%(objectname)%00%(*objectname) [7ms]
2025-10-25 22:10:47.794 [info] > git show --textconv HEAD:funcion/cArea.js [104ms]
2025-10-25 22:10:47.801 [info] > git ls-tree -l HEAD -- funcion/cArea.js [14ms]
2025-10-25 22:10:48.493 [info] > git ls-tree -l HEAD -- funcion/cArea.js [2ms]
2025-10-25 22:10:48.497 [info] > git ls-files --stage -- funcion/cArea.js [63ms]
2025-10-25 22:10:48.616 [info] > git cat-file -s 54c2daa781d2979f68ee4b2344f1d17fdd88bd14 [51ms]
2025-10-25 22:10:48.935 [info] > git show --textconv HEAD:funcion/cArea.js [35ms]
2025-10-25 22:10:48.938 [info] > git show --textconv :funcion/cArea.js [11ms]
2025-10-25 22:10:53.925 [info] > git config --get commit.template [7ms]
2025-10-25 22:10:53.977 [info] > git for-each-ref --format=%(refname)%00%(upstream:short)%00%(objectname)%00%(upstream:track)%00%(upstream:remotename)%00%(upstream:remoteref) refs/heads/main refs/remotes/main [12ms]
2025-10-25 22:10:54.056 [info] > git status -z -uall [43ms]
2025-10-25 22:10:54.064 [info] > git for-each-ref --sort -committerdate --format %(refname)%00%(objectname)%00%(*objectname) [10ms]
2025-10-25 22:10:54.116 [info] > git merge-base refs/heads/main refs/remotes/origin/main [10ms]
2025-10-25 22:10:54.130 [info] > git blame --root --incremental 35e0ef24eb8e020c46a4294c85e440ae4038688f -- funcion/cArea.js [44ms]
2025-10-25 22:10:54.139 [info] > git diff --name-status -z --diff-filter=ADMR 1d84b2877e13b14bf2642ad647809047de6b0701...refs/remotes/origin/main [11ms]
2025-10-25 22:10:55.040 [info] > git ls-files --stage -- funcion/cArea.js [4ms]
2025-10-25 22:10:55.054 [info] > git cat-file -s 54c2daa781d2979f68ee4b2344f1d17fdd88bd14 [5ms]
2025-10-25 22:10:55.083 [info] > git show --textconv :funcion/cArea.js [4ms]
2025-10-25 22:11:07.413 [info] > git config --get commit.template [48ms]
2025-10-25 22:11:07.484 [info] > git for-each-ref --format=%(refname)%00%(upstream:short)%00%(objectname)%00%(upstream:track)%00%(upstream:remotename)%00%(upstream:remoteref) refs/heads/main refs/remotes/main [73ms]
2025-10-25 22:11:07.583 [info] > git status -z -uall [37ms]
2025-10-25 22:11:07.597 [info] > git for-each-ref --sort -committerdate --format %(refname)%00%(objectname)%00%(*objectname) [16ms]
2025-10-25 22:11:07.648 [info] > git merge-base refs/heads/main refs/remotes/origin/main [13ms]
2025-10-25 22:11:07.694 [info] > git diff --name-status -z --diff-filter=ADMR 35e0ef24eb8e020c46a4294c85e440ae4038688f...refs/remotes/origin/main [28ms]
