2025-11-01 15:24:41.084 [info] [main] Log level: Info
2025-11-01 15:24:41.084 [info] [main] Validating found git in: "git"
2025-11-01 15:24:41.084 [info] [main] Using git "2.39.5" from "git"
2025-11-01 15:24:41.084 [info] [Model][doInitialScan] Initial repository scan started
2025-11-01 15:24:41.084 [info] > git rev-parse --show-toplevel [1554ms]
2025-11-01 15:24:41.084 [info] > git rev-parse --git-dir --git-common-dir --show-superproject-working-tree [146ms]
2025-11-01 15:24:41.084 [info] [Model][openRepository] Opened repository (path): /home/carlosjosuegarciaalvarado2006/Trabajo.js
2025-11-01 15:24:41.084 [info] [Model][openRepository] Opened repository (real path): /home/carlosjosuegarciaalvarado2006/Trabajo.js
2025-11-01 15:24:41.084 [info] [Model][openRepository] Opened repository (kind): repository
2025-11-01 15:24:41.739 [info] > git rev-parse --show-toplevel [402ms]
2025-11-01 15:24:41.751 [info] > git config --get commit.template [593ms]
2025-11-01 15:24:43.115 [info] > git check-ignore -v -z --stdin [158ms]
2025-11-01 15:24:43.126 [info] > git rev-parse --show-toplevel [204ms]
2025-11-01 15:24:43.135 [info] [Model][doInitialScan] Initial repository scan completed - repositories (1), closed repositories (0), parent repositories (0), unsafe repositories (0)
2025-11-01 15:24:43.565 [info] > git for-each-ref --format=%(refname)%00%(upstream:short)%00%(objectname)%00%(upstream:track)%00%(upstream:remotename)%00%(upstream:remoteref) refs/heads/main refs/remotes/main [477ms]
2025-11-01 15:24:44.127 [info] > git check-ignore -v -z --stdin [474ms]
2025-11-01 15:24:44.515 [info] > git status -z -uall [288ms]
2025-11-01 15:24:44.516 [info] > git for-each-ref --sort -committerdate --format %(refname)%00%(objectname)%00%(*objectname) [170ms]
2025-11-01 15:24:45.204 [info] > git for-each-ref --format=%(refname)%00%(upstream:short)%00%(objectname)%00%(upstream:track)%00%(upstream:remotename)%00%(upstream:remoteref) refs/heads/main refs/remotes/main [217ms]
2025-11-01 15:24:45.943 [info] > git config --get --local branch.main.vscode-merge-base [600ms]
2025-11-01 15:24:45.946 [warning] [Git][config] git config failed: Failed to execute git
2025-11-01 15:24:45.987 [info] > git config --get commit.template [821ms]
2025-11-01 15:24:46.304 [info] > git show --textconv :funcion/cArea.js [227ms]
2025-11-01 15:24:46.322 [info] > git reflog main --grep-reflog=branch: Created from *. [335ms]
2025-11-01 15:24:46.390 [info] > git symbolic-ref --short refs/remotes/origin/HEAD [43ms]
2025-11-01 15:24:46.391 [info] fatal: ref refs/remotes/origin/HEAD is not a symbolic ref
2025-11-01 15:24:46.397 [warning] [Repository][getDefaultBranch] Failed to get default branch details: Failed to execute git.
2025-11-01 15:24:46.456 [info] > git for-each-ref --format=%(refname)%00%(upstream:short)%00%(objectname)%00%(upstream:track)%00%(upstream:remotename)%00%(upstream:remoteref) refs/heads/main refs/remotes/main [164ms]
2025-11-01 15:24:46.459 [info] > git ls-files --stage -- funcion/cArea.js [268ms]
2025-11-01 15:24:46.518 [info] > git merge-base refs/heads/main refs/remotes/origin/main [72ms]
2025-11-01 15:24:46.567 [info] > git cat-file -s 54c2daa781d2979f68ee4b2344f1d17fdd88bd14 [76ms]
2025-11-01 15:24:46.593 [info] > git diff --name-status -z --diff-filter=ADMR 35e0ef24eb8e020c46a4294c85e440ae4038688f...refs/remotes/origin/main [37ms]
2025-11-01 15:24:46.977 [info] > git status -z -uall [293ms]
2025-11-01 15:24:46.977 [info] > git for-each-ref --sort -committerdate --format %(refname)%00%(objectname)%00%(*objectname) [173ms]
2025-11-01 15:24:50.460 [info] > git blame --root --incremental 35e0ef24eb8e020c46a4294c85e440ae4038688f -- funcion/cArea.js [76ms]
2025-11-01 15:26:52.444 [info] > git show --textconv :funcion/cArea.js [66ms]
2025-11-01 15:26:52.455 [info] > git ls-files --stage -- funcion/cArea.js [21ms]
2025-11-01 15:26:52.474 [info] > git cat-file -s 54c2daa781d2979f68ee4b2344f1d17fdd88bd14 [8ms]
2025-11-01 15:26:55.296 [info] > git show --textconv :package.json [36ms]
2025-11-01 15:26:55.301 [info] > git ls-files --stage -- package.json [11ms]
2025-11-01 15:26:55.427 [info] > git cat-file -s 3b1c022675c2a7ae891675d4e3ce9785ac9e413e [85ms]
2025-11-01 15:27:06.053 [info] > git show --textconv :funcion/cArea.js [88ms]
2025-11-01 15:27:06.098 [info] > git ls-files --stage -- funcion/cArea.js [54ms]
2025-11-01 15:27:06.112 [info] > git cat-file -s 54c2daa781d2979f68ee4b2344f1d17fdd88bd14 [5ms]
2025-11-01 15:27:08.194 [info] > git show --textconv :funcion/descuento.js [63ms]
2025-11-01 15:27:08.227 [info] > git ls-files --stage -- funcion/descuento.js [35ms]
2025-11-01 15:27:08.288 [info] > git cat-file -s b10b06ed9f4ab3da67ec62db24cbc7b0312341c0 [29ms]
2025-11-01 15:27:08.431 [info] > git blame --root --incremental 35e0ef24eb8e020c46a4294c85e440ae4038688f -- funcion/descuento.js [27ms]
2025-11-01 15:27:13.519 [info] > git config --get commit.template [2ms]
2025-11-01 15:27:13.547 [info] > git for-each-ref --format=%(refname)%00%(upstream:short)%00%(objectname)%00%(upstream:track)%00%(upstream:remotename)%00%(upstream:remoteref) refs/heads/main refs/remotes/main [10ms]
2025-11-01 15:27:13.627 [info] > git status -z -uall [60ms]
2025-11-01 15:27:13.627 [info] > git for-each-ref --sort -committerdate --format %(refname)%00%(objectname)%00%(*objectname) [23ms]
2025-11-01 15:27:18.765 [info] > git config --get commit.template [4ms]
2025-11-01 15:27:18.780 [info] > git for-each-ref --format=%(refname)%00%(upstream:short)%00%(objectname)%00%(upstream:track)%00%(upstream:remotename)%00%(upstream:remoteref) refs/heads/main refs/remotes/main [4ms]
2025-11-01 15:27:18.822 [info] > git status -z -uall [34ms]
2025-11-01 15:27:18.823 [info] > git for-each-ref --sort -committerdate --format %(refname)%00%(objectname)%00%(*objectname) [9ms]
2025-11-01 15:27:35.998 [info] > git config --get commit.template [15ms]
2025-11-01 15:27:36.057 [info] > git for-each-ref --format=%(refname)%00%(upstream:short)%00%(objectname)%00%(upstream:track)%00%(upstream:remotename)%00%(upstream:remoteref) refs/heads/main refs/remotes/main [16ms]
2025-11-01 15:27:36.190 [info] > git status -z -uall [71ms]
2025-11-01 15:27:36.200 [info] > git for-each-ref --sort -committerdate --format %(refname)%00%(objectname)%00%(*objectname) [26ms]
2025-11-01 15:27:41.352 [info] > git config --get commit.template [59ms]
2025-11-01 15:27:41.373 [info] > git for-each-ref --format=%(refname)%00%(upstream:short)%00%(objectname)%00%(upstream:track)%00%(upstream:remotename)%00%(upstream:remoteref) refs/heads/main refs/remotes/main [39ms]
2025-11-01 15:27:41.442 [info] > git status -z -uall [44ms]
2025-11-01 15:27:41.453 [info] > git for-each-ref --sort -committerdate --format %(refname)%00%(objectname)%00%(*objectname) [28ms]
2025-11-01 15:27:51.341 [info] > git check-ignore -v -z --stdin [3ms]
2025-11-01 15:27:52.001 [info] > git config --get commit.template [35ms]
2025-11-01 15:27:52.004 [info] > git for-each-ref --format=%(refname)%00%(upstream:short)%00%(objectname)%00%(upstream:track)%00%(upstream:remotename)%00%(upstream:remoteref) refs/heads/main refs/remotes/main [4ms]
2025-11-01 15:27:52.030 [info] > git status -z -uall [15ms]
2025-11-01 15:27:52.035 [info] > git for-each-ref --sort -committerdate --format %(refname)%00%(objectname)%00%(*objectname) [7ms]
2025-11-01 15:27:53.509 [info] > git show --textconv :package.json [52ms]
2025-11-01 15:27:53.530 [info] > git ls-files --stage -- package.json [22ms]
2025-11-01 15:27:53.580 [info] > git cat-file -s 3b1c022675c2a7ae891675d4e3ce9785ac9e413e [17ms]
2025-11-01 15:28:38.822 [info] > git check-ignore -v -z --stdin [7ms]
2025-11-01 15:28:39.303 [info] > git config --get commit.template [6ms]
2025-11-01 15:28:39.324 [info] > git for-each-ref --format=%(refname)%00%(upstream:short)%00%(objectname)%00%(upstream:track)%00%(upstream:remotename)%00%(upstream:remoteref) refs/heads/main refs/remotes/main [8ms]
2025-11-01 15:28:39.350 [info] > git status -z -uall [15ms]
2025-11-01 15:28:39.373 [info] > git for-each-ref --sort -committerdate --format %(refname)%00%(objectname)%00%(*objectname) [25ms]
2025-11-01 15:28:44.567 [info] > git config --get commit.template [62ms]
2025-11-01 15:28:44.576 [info] > git for-each-ref --format=%(refname)%00%(upstream:short)%00%(objectname)%00%(upstream:track)%00%(upstream:remotename)%00%(upstream:remoteref) refs/heads/main refs/remotes/main [26ms]
2025-11-01 15:28:44.692 [info] > git status -z -uall [91ms]
2025-11-01 15:28:44.693 [info] > git for-each-ref --sort -committerdate --format %(refname)%00%(objectname)%00%(*objectname) [14ms]
2025-11-01 15:28:52.853 [info] > git config --get commit.template [17ms]
2025-11-01 15:28:52.858 [info] > git for-each-ref --format=%(refname)%00%(upstream:short)%00%(objectname)%00%(upstream:track)%00%(upstream:remotename)%00%(upstream:remoteref) refs/heads/main refs/remotes/main [6ms]
2025-11-01 15:28:52.899 [info] > git status -z -uall [18ms]
2025-11-01 15:28:52.911 [info] > git for-each-ref --sort -committerdate --format %(refname)%00%(objectname)%00%(*objectname) [13ms]
2025-11-01 15:29:03.902 [info] > git config --get commit.template [17ms]
2025-11-01 15:29:03.904 [info] > git for-each-ref --format=%(refname)%00%(upstream:short)%00%(objectname)%00%(upstream:track)%00%(upstream:remotename)%00%(upstream:remoteref) refs/heads/main refs/remotes/main [8ms]
2025-11-01 15:29:03.951 [info] > git status -z -uall [28ms]
2025-11-01 15:29:03.951 [info] > git for-each-ref --sort -committerdate --format %(refname)%00%(objectname)%00%(*objectname) [4ms]
2025-11-01 15:29:25.544 [info] > git check-ignore -v -z --stdin [14ms]
2025-11-01 15:29:26.087 [info] > git config --get commit.template [21ms]
2025-11-01 15:29:26.097 [info] > git for-each-ref --format=%(refname)%00%(upstream:short)%00%(objectname)%00%(upstream:track)%00%(upstream:remotename)%00%(upstream:remoteref) refs/heads/main refs/remotes/main [12ms]
2025-11-01 15:29:26.129 [info] > git status -z -uall [20ms]
2025-11-01 15:29:26.129 [info] > git for-each-ref --sort -committerdate --format %(refname)%00%(objectname)%00%(*objectname) [2ms]
2025-11-01 15:29:34.568 [info] > git config --get commit.template [2ms]
2025-11-01 15:29:34.588 [info] > git for-each-ref --format=%(refname)%00%(upstream:short)%00%(objectname)%00%(upstream:track)%00%(upstream:remotename)%00%(upstream:remoteref) refs/heads/main refs/remotes/main [8ms]
2025-11-01 15:29:34.643 [info] > git status -z -uall [32ms]
2025-11-01 15:29:34.648 [info] > git for-each-ref --sort -committerdate --format %(refname)%00%(objectname)%00%(*objectname) [6ms]
2025-11-01 15:29:44.739 [info] > git show --textconv :parcial 1/parcial.js [40ms]
2025-11-01 15:29:44.807 [info] > git hash-object -t tree /dev/null [31ms]
2025-11-01 15:29:44.807 [warning] [GitFileSystemProvider][readFile] File not found - git:/home/carlosjosuegarciaalvarado2006/Trabajo.js/parcial%201/parcial.js.git?%7B%22path%22%3A%22%2Fhome%2Fcarlosjosuegarciaalvarado2006%2FTrabajo.js%2Fparcial%201%2Fparcial.js%22%2C%22ref%22%3A%22%22%7D
2025-11-01 15:29:44.811 [info] > git ls-files --stage -- parcial 1/parcial.js [78ms]
2025-11-01 15:29:44.817 [warning] [GitFileSystemProvider][stat] File not found - git:/home/carlosjosuegarciaalvarado2006/Trabajo.js/parcial%201/parcial.js.git?%7B%22path%22%3A%22%2Fhome%2Fcarlosjosuegarciaalvarado2006%2FTrabajo.js%2Fparcial%201%2Fparcial.js%22%2C%22ref%22%3A%22%22%7D
2025-11-01 15:29:44.897 [info] > git config --get commit.template [7ms]
2025-11-01 15:29:44.960 [info] > git for-each-ref --format=%(refname)%00%(upstream:short)%00%(objectname)%00%(upstream:track)%00%(upstream:remotename)%00%(upstream:remoteref) refs/heads/main refs/remotes/main [18ms]
2025-11-01 15:29:45.056 [info] > git status -z -uall [33ms]
2025-11-01 15:29:45.072 [info] > git for-each-ref --sort -committerdate --format %(refname)%00%(objectname)%00%(*objectname) [18ms]
2025-11-01 15:44:11.556 [info] > git config --get commit.template [22ms]
2025-11-01 15:44:11.561 [info] > git for-each-ref --format=%(refname)%00%(upstream:short)%00%(objectname)%00%(upstream:track)%00%(upstream:remotename)%00%(upstream:remoteref) refs/heads/main refs/remotes/main [11ms]
2025-11-01 15:44:11.610 [info] > git status -z -uall [33ms]
2025-11-01 15:44:11.610 [info] > git for-each-ref --sort -committerdate --format %(refname)%00%(objectname)%00%(*objectname) [9ms]
2025-11-01 15:44:30.551 [info] > git config --get commit.template [22ms]
2025-11-01 15:44:30.553 [info] > git for-each-ref --format=%(refname)%00%(upstream:short)%00%(objectname)%00%(upstream:track)%00%(upstream:remotename)%00%(upstream:remoteref) refs/heads/main refs/remotes/main [6ms]
2025-11-01 15:44:30.595 [info] > git status -z -uall [26ms]
2025-11-01 15:44:30.600 [info] > git for-each-ref --sort -committerdate --format %(refname)%00%(objectname)%00%(*objectname) [8ms]
2025-11-01 15:52:34.628 [info] > git config --get commit.template [12ms]
2025-11-01 15:52:34.630 [info] > git for-each-ref --format=%(refname)%00%(upstream:short)%00%(objectname)%00%(upstream:track)%00%(upstream:remotename)%00%(upstream:remoteref) refs/heads/main refs/remotes/main [3ms]
2025-11-01 15:52:34.653 [info] > git status -z -uall [13ms]
2025-11-01 15:52:34.656 [info] > git for-each-ref --sort -committerdate --format %(refname)%00%(objectname)%00%(*objectname) [5ms]
2025-11-01 15:53:21.151 [info] > git config --get commit.template [30ms]
2025-11-01 15:53:21.153 [info] > git for-each-ref --format=%(refname)%00%(upstream:short)%00%(objectname)%00%(upstream:track)%00%(upstream:remotename)%00%(upstream:remoteref) refs/heads/main refs/remotes/main [11ms]
2025-11-01 15:53:21.195 [info] > git status -z -uall [19ms]
2025-11-01 15:53:21.201 [info] > git for-each-ref --sort -committerdate --format %(refname)%00%(objectname)%00%(*objectname) [10ms]
2025-11-01 15:53:39.492 [info] > git config --get commit.template [28ms]
2025-11-01 15:53:39.498 [info] > git for-each-ref --format=%(refname)%00%(upstream:short)%00%(objectname)%00%(upstream:track)%00%(upstream:remotename)%00%(upstream:remoteref) refs/heads/main refs/remotes/main [10ms]
2025-11-01 15:53:39.552 [info] > git status -z -uall [29ms]
2025-11-01 15:53:39.552 [info] > git for-each-ref --sort -committerdate --format %(refname)%00%(objectname)%00%(*objectname) [10ms]
2025-11-01 15:55:29.603 [info] > git check-ignore -v -z --stdin [34ms]
2025-11-01 15:55:29.717 [info] > git show --textconv :parcial 1/ejercicio2.js [55ms]
2025-11-01 15:55:29.720 [info] > git ls-files --stage -- parcial 1/ejercicio2.js [12ms]
2025-11-01 15:55:29.724 [warning] [GitFileSystemProvider][stat] File not found - git:/home/carlosjosuegarciaalvarado2006/Trabajo.js/parcial%201/ejercicio2.js.git?%7B%22path%22%3A%22%2Fhome%2Fcarlosjosuegarciaalvarado2006%2FTrabajo.js%2Fparcial%201%2Fejercicio2.js%22%2C%22ref%22%3A%22%22%7D
2025-11-01 15:55:29.731 [warning] [GitFileSystemProvider][readFile] File not found - git:/home/carlosjosuegarciaalvarado2006/Trabajo.js/parcial%201/ejercicio2.js.git?%7B%22path%22%3A%22%2Fhome%2Fcarlosjosuegarciaalvarado2006%2FTrabajo.js%2Fparcial%201%2Fejercicio2.js%22%2C%22ref%22%3A%22%22%7D
2025-11-01 15:55:32.834 [info] > git show --textconv :package.json [33ms]
2025-11-01 15:55:32.845 [info] > git ls-files --stage -- package.json [15ms]
2025-11-01 15:55:32.881 [info] > git cat-file -s 3b1c022675c2a7ae891675d4e3ce9785ac9e413e [17ms]
2025-11-01 15:55:35.203 [info] > git blame --root --incremental 35e0ef24eb8e020c46a4294c85e440ae4038688f -- package.json [6ms]
2025-11-01 15:55:41.143 [info] > git show --textconv :parcial 1/ejercicio2.js [18ms]
2025-11-01 15:55:41.144 [info] > git ls-files --stage -- parcial 1/ejercicio2.js [2ms]
2025-11-01 15:55:41.145 [warning] [GitFileSystemProvider][stat] File not found - git:/home/carlosjosuegarciaalvarado2006/Trabajo.js/parcial%201/ejercicio2.js.git?%7B%22path%22%3A%22%2Fhome%2Fcarlosjosuegarciaalvarado2006%2FTrabajo.js%2Fparcial%201%2Fejercicio2.js%22%2C%22ref%22%3A%22%22%7D
2025-11-01 15:55:41.149 [warning] [GitFileSystemProvider][readFile] File not found - git:/home/carlosjosuegarciaalvarado2006/Trabajo.js/parcial%201/ejercicio2.js.git?%7B%22path%22%3A%22%2Fhome%2Fcarlosjosuegarciaalvarado2006%2FTrabajo.js%2Fparcial%201%2Fejercicio2.js%22%2C%22ref%22%3A%22%22%7D
2025-11-01 15:55:46.597 [info] > git config --get commit.template [9ms]
2025-11-01 15:55:46.667 [info] > git for-each-ref --format=%(refname)%00%(upstream:short)%00%(objectname)%00%(upstream:track)%00%(upstream:remotename)%00%(upstream:remoteref) refs/heads/main refs/remotes/main [34ms]
2025-11-01 15:55:46.766 [info] > git status -z -uall [59ms]
2025-11-01 15:55:46.796 [info] > git for-each-ref --sort -committerdate --format %(refname)%00%(objectname)%00%(*objectname) [36ms]
2025-11-01 15:55:52.307 [info] > git config --get commit.template [31ms]
2025-11-01 15:55:52.317 [info] > git for-each-ref --format=%(refname)%00%(upstream:short)%00%(objectname)%00%(upstream:track)%00%(upstream:remotename)%00%(upstream:remoteref) refs/heads/main refs/remotes/main [17ms]
2025-11-01 15:55:52.357 [info] > git status -z -uall [27ms]
2025-11-01 15:55:52.364 [info] > git for-each-ref --sort -committerdate --format %(refname)%00%(objectname)%00%(*objectname) [12ms]
2025-11-01 16:05:14.620 [info] > git config --get commit.template [8ms]
2025-11-01 16:05:14.670 [info] > git for-each-ref --format=%(refname)%00%(upstream:short)%00%(objectname)%00%(upstream:track)%00%(upstream:remotename)%00%(upstream:remoteref) refs/heads/main refs/remotes/main [15ms]
2025-11-01 16:05:14.711 [info] > git status -z -uall [22ms]
2025-11-01 16:05:14.716 [info] > git for-each-ref --sort -committerdate --format %(refname)%00%(objectname)%00%(*objectname) [7ms]
2025-11-01 16:08:19.167 [info] > git config --get commit.template [25ms]
2025-11-01 16:08:19.176 [info] > git for-each-ref --format=%(refname)%00%(upstream:short)%00%(objectname)%00%(upstream:track)%00%(upstream:remotename)%00%(upstream:remoteref) refs/heads/main refs/remotes/main [15ms]
2025-11-01 16:08:19.205 [info] > git status -z -uall [18ms]
2025-11-01 16:08:19.211 [info] > git for-each-ref --sort -committerdate --format %(refname)%00%(objectname)%00%(*objectname) [10ms]
