2025-11-01 15:24:25.992 [info] Reading sessions from keychain...
2025-11-01 15:24:25.992 [info] Getting sessions for all scopes...
2025-11-01 15:24:35.793 [info] Got stored sessions!
2025-11-01 15:24:35.810 [info] Got 1 verified sessions.
2025-11-01 15:24:35.845 [info] Got 1 sessions for ...
2025-11-01 15:24:35.845 [info] Getting sessions for all scopes...
2025-11-01 15:24:35.845 [info] Got 1 sessions for ...
2025-11-01 15:24:35.846 [info] Getting sessions for all scopes...
2025-11-01 15:24:35.846 [info] Got 1 sessions for ...
2025-11-01 15:24:35.846 [info] Getting sessions for all scopes...
2025-11-01 15:24:35.846 [info] Got 1 sessions for ...
2025-11-01 15:24:35.846 [info] Getting sessions for all scopes...
2025-11-01 15:24:35.846 [info] Got 1 sessions for ...
2025-11-01 15:24:35.846 [info] Getting sessions for all scopes...
2025-11-01 15:24:35.846 [info] Got 1 sessions for ...
2025-11-01 15:24:35.875 [info] Getting sessions for all scopes...
2025-11-01 15:24:35.875 [info] Got 1 sessions for ...
2025-11-01 15:24:37.330 [info] Getting sessions for all scopes...
2025-11-01 15:24:37.330 [info] Got 1 sessions for ...
2025-11-01 15:24:37.354 [info] Getting sessions for all scopes...
2025-11-01 15:24:37.354 [info] Got 1 sessions for ...
2025-11-01 15:24:37.354 [info] Getting sessions for all scopes...
2025-11-01 15:24:37.354 [info] Got 1 sessions for ...
2025-11-01 15:24:37.355 [info] Getting sessions for all scopes...
2025-11-01 15:24:37.355 [info] Got 1 sessions for ...
2025-11-01 15:24:38.251 [info] Getting sessions for all scopes...
2025-11-01 15:24:38.251 [info] Got 1 sessions for ...
2025-11-01 15:24:38.252 [info] Getting sessions for all scopes...
2025-11-01 15:24:38.252 [info] Got 1 sessions for ...
2025-11-01 15:24:46.955 [info] Getting sessions for read:user,repo,user:email,workflow...
2025-11-01 15:24:46.956 [info] Got 1 sessions for read:user,repo,user:email,workflow...
2025-11-01 15:24:50.442 [info] Getting sessions for all scopes...
2025-11-01 15:24:50.442 [info] Got 1 sessions for ...
2025-11-01 15:24:58.338 [info] Getting sessions for all scopes...
2025-11-01 15:24:58.338 [info] Got 1 sessions for ...
2025-11-01 15:25:00.442 [info] Getting sessions for all scopes...
2025-11-01 15:25:00.443 [info] Got 1 sessions for ...
2025-11-01 15:25:00.452 [info] Getting sessions for all scopes...
2025-11-01 15:25:00.452 [info] Got 1 sessions for ...
2025-11-01 15:25:00.601 [info] Getting sessions for all scopes...
2025-11-01 15:25:00.601 [info] Got 1 sessions for ...
2025-11-01 16:07:19.216 [info] Getting sessions for read:user,repo,user:email,workflow...
2025-11-01 16:07:19.227 [info] Got 1 sessions for read:user,repo,user:email,workflow...
