2025-11-14 21:39:34.465 [info] [main] Log level: Info
2025-11-14 21:39:34.465 [info] [main] Validating found git in: "git"
2025-11-14 21:39:34.465 [info] [main] Using git "2.39.5" from "git"
2025-11-14 21:39:34.465 [info] [Model][doInitialScan] Initial repository scan started
2025-11-14 21:39:34.465 [info] > git rev-parse --show-toplevel [462ms]
2025-11-14 21:39:34.466 [info] > git rev-parse --git-dir --git-common-dir --show-superproject-working-tree [326ms]
2025-11-14 21:39:34.466 [info] [Model][openRepository] Opened repository (path): /home/carlosjosuegarciaalvarado2006/Trabajo.js
2025-11-14 21:39:34.466 [info] [Model][openRepository] Opened repository (real path): /home/carlosjosuegarciaalvarado2006/Trabajo.js
2025-11-14 21:39:34.466 [info] [Model][openRepository] Opened repository (kind): repository
2025-11-14 21:39:34.466 [info] > git rev-parse --show-toplevel [622ms]
2025-11-14 21:39:34.466 [info] > git config --get commit.template [736ms]
2025-11-14 21:39:34.483 [info] > git rev-parse --show-toplevel [107ms]
2025-11-14 21:39:34.524 [info] [Model][doInitialScan] Initial repository scan completed - repositories (1), closed repositories (0), parent repositories (0), unsafe repositories (0)
2025-11-14 21:39:34.685 [info] > git for-each-ref --format=%(refname)%00%(upstream:short)%00%(objectname)%00%(upstream:track)%00%(upstream:remotename)%00%(upstream:remoteref) refs/heads/master refs/remotes/master [231ms]
2025-11-14 21:39:36.050 [info] > git status -z -uall [1314ms]
2025-11-14 21:39:36.050 [info] > git check-ignore -v -z --stdin [949ms]
2025-11-14 21:39:36.255 [info] > git for-each-ref --sort -committerdate --format %(refname)%00%(objectname)%00%(*objectname) [1349ms]
2025-11-14 21:39:37.779 [info] > git for-each-ref --format=%(refname)%00%(upstream:short)%00%(objectname)%00%(upstream:track)%00%(upstream:remotename)%00%(upstream:remoteref) refs/heads/master refs/remotes/master [646ms]
2025-11-14 21:39:38.207 [info] > git config --get --local branch.master.vscode-merge-base [381ms]
2025-11-14 21:39:38.207 [warning] [Git][config] git config failed: Failed to execute git
2025-11-14 21:39:38.482 [info] > git config --get commit.template [752ms]
2025-11-14 21:39:38.573 [info] > git reflog master --grep-reflog=branch: Created from *. [91ms]
2025-11-14 21:39:38.902 [info] > git check-ignore -v -z --stdin [237ms]
2025-11-14 21:39:38.906 [info] > git symbolic-ref --short refs/remotes/origin/HEAD [291ms]
2025-11-14 21:39:38.906 [info] fatal: ref refs/remotes/origin/HEAD is not a symbolic ref
2025-11-14 21:39:38.919 [warning] [Repository][getDefaultBranch] Failed to get default branch details: Failed to execute git.
2025-11-14 21:39:39.170 [info] > git for-each-ref --format=%(refname)%00%(upstream:short)%00%(objectname)%00%(upstream:track)%00%(upstream:remotename)%00%(upstream:remoteref) refs/heads/master refs/remotes/master [357ms]
2025-11-14 21:39:39.315 [info] > git status -z -uall [134ms]
2025-11-14 21:39:39.315 [info] > git for-each-ref --sort -committerdate --format %(refname)%00%(objectname)%00%(*objectname) [50ms]
2025-11-14 21:39:39.994 [info] > git show --textconv :parcial 1.js/ejercicio2.js [172ms]
2025-11-14 21:39:39.995 [info] > git ls-files --stage -- parcial 1.js/ejercicio2.js [22ms]
2025-11-14 21:39:40.095 [info] > git cat-file -s 13daf02f927734c76f6e1b3c136fe909c6173b81 [62ms]
2025-11-14 21:39:47.162 [info] > git blame --root --incremental ba1b7b5916f0c497d7acf75efb670351e77be478 -- parcial 1.js/ejercicio2.js [65ms]
2025-11-14 21:56:15.151 [info] > git config --get commit.template [135ms]
2025-11-14 21:56:15.157 [info] > git for-each-ref --format=%(refname)%00%(upstream:short)%00%(objectname)%00%(upstream:track)%00%(upstream:remotename)%00%(upstream:remoteref) refs/heads/master refs/remotes/master [57ms]
2025-11-14 21:56:15.389 [info] > git status -z -uall [166ms]
2025-11-14 21:56:15.390 [info] > git for-each-ref --sort -committerdate --format %(refname)%00%(objectname)%00%(*objectname) [36ms]
