2025-11-01 16:09:40.717 [info] Reading sessions from keychain...
2025-11-01 16:09:40.717 [info] Getting sessions for all scopes...
2025-11-01 16:09:44.794 [info] Got stored sessions!
2025-11-01 16:09:44.794 [info] Got 1 verified sessions.
2025-11-01 16:09:44.794 [info] Got 1 sessions for ...
2025-11-01 16:09:44.794 [info] Getting sessions for all scopes...
2025-11-01 16:09:44.795 [info] Got 1 sessions for ...
2025-11-01 16:09:44.844 [info] Getting sessions for all scopes...
2025-11-01 16:09:44.844 [info] Got 1 sessions for ...
2025-11-01 16:09:44.845 [info] Getting sessions for all scopes...
2025-11-01 16:09:44.845 [info] Got 1 sessions for ...
2025-11-01 16:09:44.845 [info] Getting sessions for all scopes...
2025-11-01 16:09:44.845 [info] Got 1 sessions for ...
2025-11-01 16:09:44.845 [info] Getting sessions for all scopes...
2025-11-01 16:09:44.845 [info] Got 1 sessions for ...
2025-11-01 16:09:44.845 [info] Getting sessions for all scopes...
2025-11-01 16:09:44.845 [info] Got 1 sessions for ...
2025-11-01 16:09:45.867 [info] Getting sessions for all scopes...
2025-11-01 16:09:45.867 [info] Got 1 sessions for ...
2025-11-01 16:09:46.671 [info] Getting sessions for all scopes...
2025-11-01 16:09:46.671 [info] Got 1 sessions for ...
2025-11-01 16:09:47.068 [info] Getting sessions for all scopes...
2025-11-01 16:09:47.068 [info] Got 1 sessions for ...
2025-11-01 16:09:47.069 [info] Getting sessions for all scopes...
2025-11-01 16:09:47.069 [info] Got 1 sessions for ...
2025-11-01 16:09:47.069 [info] Getting sessions for all scopes...
2025-11-01 16:09:47.069 [info] Got 1 sessions for ...
2025-11-01 16:09:47.069 [info] Getting sessions for all scopes...
2025-11-01 16:09:47.070 [info] Got 1 sessions for ...
2025-11-01 16:09:53.758 [info] Getting sessions for all scopes...
2025-11-01 16:09:53.759 [info] Got 1 sessions for ...
2025-11-01 16:09:56.371 [info] Getting sessions for read:user,repo,user:email,workflow...
2025-11-01 16:09:56.371 [info] Got 1 sessions for read:user,repo,user:email,workflow...
2025-11-01 16:09:59.632 [info] Getting sessions for all scopes...
2025-11-01 16:09:59.632 [info] Got 1 sessions for ...
2025-11-01 16:10:03.941 [info] Getting sessions for all scopes...
2025-11-01 16:10:03.941 [info] Got 1 sessions for ...
2025-11-01 16:10:03.946 [info] Getting sessions for all scopes...
2025-11-01 16:10:03.946 [info] Got 1 sessions for ...
2025-11-01 16:10:04.008 [info] Getting sessions for all scopes...
2025-11-01 16:10:04.008 [info] Got 1 sessions for ...
2025-11-01 16:26:36.887 [info] Getting sessions for read:user,repo,user:email,workflow...
2025-11-01 16:26:36.887 [info] Got 1 sessions for read:user,repo,user:email,workflow...
2025-11-01 16:31:33.927 [info] Getting sessions for read:user,repo,user:email,workflow...
2025-11-01 16:31:33.927 [info] Got 1 sessions for read:user,repo,user:email,workflow...
