2025-11-27 21:34:05.190 [info] Reading sessions from keychain...
2025-11-27 21:34:05.190 [info] Getting sessions for all scopes...
2025-11-27 21:34:10.686 [info] Got stored sessions!
2025-11-27 21:34:10.686 [info] Got 1 verified sessions.
2025-11-27 21:34:10.686 [info] Got 1 sessions for ...
2025-11-27 21:34:10.689 [info] Getting sessions for all scopes...
2025-11-27 21:34:10.689 [info] Got 1 sessions for ...
2025-11-27 21:34:10.689 [info] Getting sessions for all scopes...
2025-11-27 21:34:10.689 [info] Got 1 sessions for ...
2025-11-27 21:34:10.690 [info] Getting sessions for all scopes...
2025-11-27 21:34:10.690 [info] Got 1 sessions for ...
2025-11-27 21:34:10.690 [info] Getting sessions for all scopes...
2025-11-27 21:34:10.690 [info] Got 1 sessions for ...
2025-11-27 21:34:10.690 [info] Getting sessions for all scopes...
2025-11-27 21:34:10.690 [info] Got 1 sessions for ...
2025-11-27 21:34:10.690 [info] Getting sessions for all scopes...
2025-11-27 21:34:10.690 [info] Got 1 sessions for ...
2025-11-27 21:34:11.871 [info] Getting sessions for all scopes...
2025-11-27 21:34:11.871 [info] Got 1 sessions for ...
2025-11-27 21:34:11.872 [info] Getting sessions for all scopes...
2025-11-27 21:34:11.872 [info] Got 1 sessions for ...
2025-11-27 21:34:11.872 [info] Getting sessions for all scopes...
2025-11-27 21:34:11.898 [info] Got 1 sessions for ...
2025-11-27 21:34:11.899 [info] Getting sessions for all scopes...
2025-11-27 21:34:11.899 [info] Got 1 sessions for ...
2025-11-27 21:34:11.915 [info] Getting sessions for all scopes...
2025-11-27 21:34:11.915 [info] Got 1 sessions for ...
2025-11-27 21:34:11.916 [info] Getting sessions for all scopes...
2025-11-27 21:34:11.916 [info] Got 1 sessions for ...
2025-11-27 21:34:22.868 [info] Getting sessions for read:user,repo,user:email,workflow...
2025-11-27 21:34:22.886 [info] Got 1 sessions for read:user,repo,user:email,workflow...
2025-11-27 21:34:26.849 [info] Getting sessions for all scopes...
2025-11-27 21:34:26.849 [info] Got 1 sessions for ...
2025-11-27 21:34:30.751 [info] Getting sessions for all scopes...
2025-11-27 21:34:30.751 [info] Got 1 sessions for ...
2025-11-27 21:34:32.137 [info] Getting sessions for all scopes...
2025-11-27 21:34:32.137 [info] Got 1 sessions for ...
2025-11-27 21:34:32.138 [info] Getting sessions for all scopes...
2025-11-27 21:34:32.138 [info] Got 1 sessions for ...
2025-11-27 21:34:32.170 [info] Getting sessions for all scopes...
2025-11-27 21:34:32.170 [info] Got 1 sessions for ...
2025-11-27 21:49:31.358 [info] Getting sessions for read:user,repo,user:email,workflow...
2025-11-27 21:49:31.360 [info] Got 1 sessions for read:user,repo,user:email,workflow...
