2025-11-14 21:57:53.669 [info] [main] Log level: Info
2025-11-14 21:57:53.669 [info] [main] Validating found git in: "git"
2025-11-14 21:57:53.669 [info] [main] Using git "2.39.5" from "git"
2025-11-14 21:57:53.669 [info] [Model][doInitialScan] Initial repository scan started
2025-11-14 21:57:53.669 [info] > git rev-parse --show-toplevel [368ms]
2025-11-14 21:57:53.669 [info] > git rev-parse --git-dir --git-common-dir --show-superproject-working-tree [1903ms]
2025-11-14 21:57:53.669 [info] [Model][openRepository] Opened repository (path): /home/carlosjosuegarciaalvarado2006/Trabajo.js
2025-11-14 21:57:53.669 [info] [Model][openRepository] Opened repository (real path): /home/carlosjosuegarciaalvarado2006/Trabajo.js
2025-11-14 21:57:53.669 [info] [Model][openRepository] Opened repository (kind): repository
2025-11-14 21:57:53.732 [info] > git rev-parse --show-toplevel [97ms]
2025-11-14 21:57:53.763 [info] > git config --get commit.template [145ms]
2025-11-14 21:57:54.330 [info] > git rev-parse --show-toplevel [415ms]
2025-11-14 21:57:54.357 [info] [Model][doInitialScan] Initial repository scan completed - repositories (1), closed repositories (0), parent repositories (0), unsafe repositories (0)
2025-11-14 21:57:54.440 [info] > git for-each-ref --format=%(refname)%00%(upstream:short)%00%(objectname)%00%(upstream:track)%00%(upstream:remotename)%00%(upstream:remoteref) refs/heads/master refs/remotes/master [146ms]
2025-11-14 21:57:57.227 [info] > git status -z -uall [2536ms]
2025-11-14 21:57:57.227 [info] > git check-ignore -v -z --stdin [1900ms]
2025-11-14 21:57:57.243 [info] > git for-each-ref --sort -committerdate --format %(refname)%00%(objectname)%00%(*objectname) [2409ms]
2025-11-14 21:57:58.042 [info] > git for-each-ref --format=%(refname)%00%(upstream:short)%00%(objectname)%00%(upstream:track)%00%(upstream:remotename)%00%(upstream:remoteref) refs/heads/master refs/remotes/master [385ms]
2025-11-14 21:57:58.448 [info] > git config --get --local branch.master.vscode-merge-base [312ms]
2025-11-14 21:57:58.449 [warning] [Git][config] git config failed: Failed to execute git
2025-11-14 21:57:58.532 [info] > git config --get commit.template [505ms]
2025-11-14 21:57:59.161 [info] > git show --textconv :parcial 1.js/ejercicio2.js [203ms]
2025-11-14 21:57:59.181 [info] > git reflog master --grep-reflog=branch: Created from *. [675ms]
2025-11-14 21:57:59.852 [info] > git symbolic-ref --short refs/remotes/origin/HEAD [601ms]
2025-11-14 21:57:59.854 [info] fatal: ref refs/remotes/origin/HEAD is not a symbolic ref
2025-11-14 21:57:59.854 [warning] [Repository][getDefaultBranch] Failed to get default branch details: Failed to execute git.
2025-11-14 21:57:59.905 [info] > git ls-files --stage -- parcial 1.js/ejercicio2.js [794ms]
2025-11-14 21:58:00.315 [info] > git cat-file -s 13daf02f927734c76f6e1b3c136fe909c6173b81 [363ms]
2025-11-14 21:58:00.321 [info] > git for-each-ref --format=%(refname)%00%(upstream:short)%00%(objectname)%00%(upstream:track)%00%(upstream:remotename)%00%(upstream:remoteref) refs/heads/master refs/remotes/master [656ms]
2025-11-14 21:58:00.424 [info] > git status -z -uall [67ms]
2025-11-14 21:58:00.442 [info] > git for-each-ref --sort -committerdate --format %(refname)%00%(objectname)%00%(*objectname) [48ms]
2025-11-14 21:58:01.246 [info] > git blame --root --incremental ba1b7b5916f0c497d7acf75efb670351e77be478 -- parcial 1.js/ejercicio2.js [89ms]
2025-11-14 22:00:26.347 [info] > git show --textconv :package.json [106ms]
2025-11-14 22:00:26.355 [info] > git ls-files --stage -- package.json [46ms]
2025-11-14 22:00:26.394 [info] > git cat-file -s 3b1c022675c2a7ae891675d4e3ce9785ac9e413e [20ms]
2025-11-14 22:00:26.610 [info] > git blame --root --incremental ba1b7b5916f0c497d7acf75efb670351e77be478 -- package.json [22ms]
2025-11-14 22:00:26.926 [info] > git config --get commit.template [11ms]
2025-11-14 22:00:26.988 [info] > git for-each-ref --format=%(refname)%00%(upstream:short)%00%(objectname)%00%(upstream:track)%00%(upstream:remotename)%00%(upstream:remoteref) refs/heads/master refs/remotes/master [26ms]
2025-11-14 22:00:27.086 [info] > git status -z -uall [47ms]
2025-11-14 22:00:27.092 [info] > git for-each-ref --sort -committerdate --format %(refname)%00%(objectname)%00%(*objectname) [20ms]
2025-11-14 22:00:32.168 [info] > git config --get commit.template [5ms]
2025-11-14 22:00:32.195 [info] > git for-each-ref --format=%(refname)%00%(upstream:short)%00%(objectname)%00%(upstream:track)%00%(upstream:remotename)%00%(upstream:remoteref) refs/heads/master refs/remotes/master [9ms]
2025-11-14 22:00:32.224 [info] > git status -z -uall [16ms]
2025-11-14 22:00:32.227 [info] > git for-each-ref --sort -committerdate --format %(refname)%00%(objectname)%00%(*objectname) [3ms]
2025-11-14 22:00:32.385 [info] > git log --format=%H%n%aN%n%aE%n%at%n%ct%n%P%n%D%n%B -z --shortstat --diff-merges=first-parent -n50 --skip=0 --topo-order --decorate=full --stdin [30ms]
2025-11-14 22:05:31.356 [info] > git check-ignore -v -z --stdin [11ms]
2025-11-14 22:05:31.875 [info] > git config --get commit.template [4ms]
2025-11-14 22:05:31.890 [info] > git for-each-ref --format=%(refname)%00%(upstream:short)%00%(objectname)%00%(upstream:track)%00%(upstream:remotename)%00%(upstream:remoteref) refs/heads/master refs/remotes/master [5ms]
2025-11-14 22:05:31.919 [info] > git status -z -uall [19ms]
2025-11-14 22:05:31.924 [info] > git for-each-ref --sort -committerdate --format %(refname)%00%(objectname)%00%(*objectname) [7ms]
2025-11-14 22:05:42.029 [info] > git check-ignore -v -z --stdin [2ms]
2025-11-14 22:05:42.626 [info] > git config --get commit.template [26ms]
2025-11-14 22:05:42.629 [info] > git for-each-ref --format=%(refname)%00%(upstream:short)%00%(objectname)%00%(upstream:track)%00%(upstream:remotename)%00%(upstream:remoteref) refs/heads/master refs/remotes/master [9ms]
2025-11-14 22:05:42.660 [info] > git status -z -uall [17ms]
2025-11-14 22:05:42.660 [info] > git for-each-ref --sort -committerdate --format %(refname)%00%(objectname)%00%(*objectname) [6ms]
2025-11-14 22:05:50.627 [info] > git config --get commit.template [13ms]
2025-11-14 22:05:50.642 [info] > git for-each-ref --format=%(refname)%00%(upstream:short)%00%(objectname)%00%(upstream:track)%00%(upstream:remotename)%00%(upstream:remoteref) refs/heads/master refs/remotes/master [4ms]
2025-11-14 22:05:50.666 [info] > git status -z -uall [14ms]
2025-11-14 22:05:50.668 [info] > git for-each-ref --sort -committerdate --format %(refname)%00%(objectname)%00%(*objectname) [4ms]
2025-11-14 22:06:04.381 [info] > git config --get commit.template [40ms]
2025-11-14 22:06:04.388 [info] > git for-each-ref --format=%(refname)%00%(upstream:short)%00%(objectname)%00%(upstream:track)%00%(upstream:remotename)%00%(upstream:remoteref) refs/heads/master refs/remotes/master [8ms]
2025-11-14 22:06:04.432 [info] > git status -z -uall [25ms]
2025-11-14 22:06:04.439 [info] > git for-each-ref --sort -committerdate --format %(refname)%00%(objectname)%00%(*objectname) [9ms]
2025-11-14 22:06:35.630 [info] > git config --get commit.template [22ms]
2025-11-14 22:06:35.691 [info] > git for-each-ref --format=%(refname)%00%(upstream:short)%00%(objectname)%00%(upstream:track)%00%(upstream:remotename)%00%(upstream:remoteref) refs/heads/master refs/remotes/master [26ms]
2025-11-14 22:06:35.757 [info] > git status -z -uall [36ms]
2025-11-14 22:06:35.762 [info] > git for-each-ref --sort -committerdate --format %(refname)%00%(objectname)%00%(*objectname) [24ms]
2025-11-14 22:06:35.863 [info] > git show --textconv :contraseña.js [69ms]
2025-11-14 22:06:35.933 [info] > git ls-files --stage -- contraseña.js [72ms]
2025-11-14 22:06:35.967 [info] > git hash-object -t tree /dev/null [54ms]
2025-11-14 22:06:35.977 [warning] [GitFileSystemProvider][readFile] File not found - git:/home/carlosjosuegarciaalvarado2006/Trabajo.js/contrase%C3%B1a.js.git?%7B%22path%22%3A%22%2Fhome%2Fcarlosjosuegarciaalvarado2006%2FTrabajo.js%2Fcontrase%C3%B1a.js%22%2C%22ref%22%3A%22%22%7D
2025-11-14 22:06:35.979 [info] > git hash-object -t tree /dev/null [20ms]
2025-11-14 22:06:35.979 [warning] [GitFileSystemProvider][stat] File not found - git:/home/carlosjosuegarciaalvarado2006/Trabajo.js/contrase%C3%B1a.js.git?%7B%22path%22%3A%22%2Fhome%2Fcarlosjosuegarciaalvarado2006%2FTrabajo.js%2Fcontrase%C3%B1a.js%22%2C%22ref%22%3A%22%22%7D
2025-11-14 22:06:51.234 [info] > git check-ignore -v -z --stdin [10ms]
2025-11-14 22:06:51.784 [info] > git config --get commit.template [11ms]
2025-11-14 22:06:51.786 [info] > git for-each-ref --format=%(refname)%00%(upstream:short)%00%(objectname)%00%(upstream:track)%00%(upstream:remotename)%00%(upstream:remoteref) refs/heads/master refs/remotes/master [4ms]
2025-11-14 22:06:51.806 [info] > git status -z -uall [12ms]
2025-11-14 22:06:51.808 [info] > git for-each-ref --sort -committerdate --format %(refname)%00%(objectname)%00%(*objectname) [4ms]
2025-11-14 22:07:08.108 [info] > git config --get commit.template [7ms]
2025-11-14 22:07:08.140 [info] > git for-each-ref --format=%(refname)%00%(upstream:short)%00%(objectname)%00%(upstream:track)%00%(upstream:remotename)%00%(upstream:remoteref) refs/heads/master refs/remotes/master [8ms]
2025-11-14 22:07:08.170 [info] > git status -z -uall [22ms]
2025-11-14 22:07:08.177 [info] > git for-each-ref --sort -committerdate --format %(refname)%00%(objectname)%00%(*objectname) [8ms]
2025-11-14 22:07:19.828 [info] > git show --textconv :numero.js [19ms]
2025-11-14 22:07:19.830 [warning] [GitFileSystemProvider][readFile] File not found - git:/home/carlosjosuegarciaalvarado2006/Trabajo.js/numero.js.git?%7B%22path%22%3A%22%2Fhome%2Fcarlosjosuegarciaalvarado2006%2FTrabajo.js%2Fnumero.js%22%2C%22ref%22%3A%22%22%7D
2025-11-14 22:07:19.834 [info] > git ls-files --stage -- numero.js [8ms]
2025-11-14 22:07:19.837 [warning] [GitFileSystemProvider][stat] File not found - git:/home/carlosjosuegarciaalvarado2006/Trabajo.js/numero.js.git?%7B%22path%22%3A%22%2Fhome%2Fcarlosjosuegarciaalvarado2006%2FTrabajo.js%2Fnumero.js%22%2C%22ref%22%3A%22%22%7D
2025-11-14 22:07:20.535 [info] > git config --get commit.template [7ms]
2025-11-14 22:07:20.589 [info] > git for-each-ref --format=%(refname)%00%(upstream:short)%00%(objectname)%00%(upstream:track)%00%(upstream:remotename)%00%(upstream:remoteref) refs/heads/master refs/remotes/master [14ms]
2025-11-14 22:07:20.620 [info] > git status -z -uall [18ms]
2025-11-14 22:07:20.625 [info] > git for-each-ref --sort -committerdate --format %(refname)%00%(objectname)%00%(*objectname) [6ms]
2025-11-14 22:07:27.993 [info] > git show --textconv :descuento.js [110ms]
2025-11-14 22:07:27.994 [info] > git ls-files --stage -- descuento.js [42ms]
2025-11-14 22:07:27.995 [warning] [GitFileSystemProvider][stat] File not found - git:/home/carlosjosuegarciaalvarado2006/Trabajo.js/descuento.js.git?%7B%22path%22%3A%22%2Fhome%2Fcarlosjosuegarciaalvarado2006%2FTrabajo.js%2Fdescuento.js%22%2C%22ref%22%3A%22%22%7D
2025-11-14 22:07:28.003 [warning] [GitFileSystemProvider][readFile] File not found - git:/home/carlosjosuegarciaalvarado2006/Trabajo.js/descuento.js.git?%7B%22path%22%3A%22%2Fhome%2Fcarlosjosuegarciaalvarado2006%2FTrabajo.js%2Fdescuento.js%22%2C%22ref%22%3A%22%22%7D
2025-11-14 22:07:28.089 [info] > git check-ignore -v -z --stdin [30ms]
2025-11-14 22:07:28.493 [info] > git config --get commit.template [9ms]
2025-11-14 22:07:28.523 [info] > git for-each-ref --format=%(refname)%00%(upstream:short)%00%(objectname)%00%(upstream:track)%00%(upstream:remotename)%00%(upstream:remoteref) refs/heads/master refs/remotes/master [4ms]
2025-11-14 22:07:28.567 [info] > git status -z -uall [29ms]
2025-11-14 22:07:28.578 [info] > git for-each-ref --sort -committerdate --format %(refname)%00%(objectname)%00%(*objectname) [13ms]
2025-11-14 22:07:43.910 [info] > git show --textconv :nombre.js [24ms]
2025-11-14 22:07:43.911 [warning] [GitFileSystemProvider][readFile] File not found - git:/home/carlosjosuegarciaalvarado2006/Trabajo.js/nombre.js.git?%7B%22path%22%3A%22%2Fhome%2Fcarlosjosuegarciaalvarado2006%2FTrabajo.js%2Fnombre.js%22%2C%22ref%22%3A%22%22%7D
2025-11-14 22:07:43.912 [info] > git ls-files --stage -- nombre.js [6ms]
2025-11-14 22:07:43.913 [warning] [GitFileSystemProvider][stat] File not found - git:/home/carlosjosuegarciaalvarado2006/Trabajo.js/nombre.js.git?%7B%22path%22%3A%22%2Fhome%2Fcarlosjosuegarciaalvarado2006%2FTrabajo.js%2Fnombre.js%22%2C%22ref%22%3A%22%22%7D
2025-11-14 22:07:44.080 [info] > git check-ignore -v -z --stdin [3ms]
2025-11-14 22:07:44.705 [info] > git config --get commit.template [73ms]
2025-11-14 22:07:44.716 [info] > git for-each-ref --format=%(refname)%00%(upstream:short)%00%(objectname)%00%(upstream:track)%00%(upstream:remotename)%00%(upstream:remoteref) refs/heads/master refs/remotes/master [23ms]
2025-11-14 22:07:44.803 [info] > git status -z -uall [55ms]
2025-11-14 22:07:44.803 [info] > git for-each-ref --sort -committerdate --format %(refname)%00%(objectname)%00%(*objectname) [6ms]
2025-11-14 22:07:56.095 [info] > git show --textconv :edad.js [69ms]
2025-11-14 22:07:56.131 [warning] [GitFileSystemProvider][readFile] File not found - git:/home/carlosjosuegarciaalvarado2006/Trabajo.js/edad.js.git?%7B%22path%22%3A%22%2Fhome%2Fcarlosjosuegarciaalvarado2006%2FTrabajo.js%2Fedad.js%22%2C%22ref%22%3A%22%22%7D
2025-11-14 22:07:56.155 [info] > git ls-files --stage -- edad.js [62ms]
2025-11-14 22:07:56.162 [warning] [GitFileSystemProvider][stat] File not found - git:/home/carlosjosuegarciaalvarado2006/Trabajo.js/edad.js.git?%7B%22path%22%3A%22%2Fhome%2Fcarlosjosuegarciaalvarado2006%2FTrabajo.js%2Fedad.js%22%2C%22ref%22%3A%22%22%7D
2025-11-14 22:07:56.261 [info] > git check-ignore -v -z --stdin [41ms]
2025-11-14 22:07:56.716 [info] > git config --get commit.template [20ms]
2025-11-14 22:07:56.725 [info] > git for-each-ref --format=%(refname)%00%(upstream:short)%00%(objectname)%00%(upstream:track)%00%(upstream:remotename)%00%(upstream:remoteref) refs/heads/master refs/remotes/master [10ms]
2025-11-14 22:07:56.803 [info] > git status -z -uall [40ms]
2025-11-14 22:07:56.803 [info] > git for-each-ref --sort -committerdate --format %(refname)%00%(objectname)%00%(*objectname) [22ms]
2025-11-14 22:10:19.281 [info] > git config --get commit.template [14ms]
2025-11-14 22:10:19.283 [info] > git for-each-ref --format=%(refname)%00%(upstream:short)%00%(objectname)%00%(upstream:track)%00%(upstream:remotename)%00%(upstream:remoteref) refs/heads/master refs/remotes/master [4ms]
2025-11-14 22:10:19.305 [info] > git status -z -uall [12ms]
2025-11-14 22:10:19.306 [info] > git for-each-ref --sort -committerdate --format %(refname)%00%(objectname)%00%(*objectname) [3ms]
2025-11-14 22:10:24.733 [info] > git config --get commit.template [30ms]
2025-11-14 22:10:24.734 [info] > git for-each-ref --format=%(refname)%00%(upstream:short)%00%(objectname)%00%(upstream:track)%00%(upstream:remotename)%00%(upstream:remoteref) refs/heads/master refs/remotes/master [9ms]
2025-11-14 22:10:24.771 [info] > git status -z -uall [18ms]
2025-11-14 22:10:24.775 [info] > git for-each-ref --sort -committerdate --format %(refname)%00%(objectname)%00%(*objectname) [5ms]
2025-11-14 22:10:29.839 [info] > git config --get commit.template [29ms]
2025-11-14 22:10:29.844 [info] > git for-each-ref --format=%(refname)%00%(upstream:short)%00%(objectname)%00%(upstream:track)%00%(upstream:remotename)%00%(upstream:remoteref) refs/heads/master refs/remotes/master [9ms]
2025-11-14 22:10:29.873 [info] > git status -z -uall [13ms]
2025-11-14 22:10:29.875 [info] > git for-each-ref --sort -committerdate --format %(refname)%00%(objectname)%00%(*objectname) [3ms]
2025-11-14 22:10:52.893 [info] > git config --get commit.template [30ms]
2025-11-14 22:10:52.899 [info] > git for-each-ref --format=%(refname)%00%(upstream:short)%00%(objectname)%00%(upstream:track)%00%(upstream:remotename)%00%(upstream:remoteref) refs/heads/master refs/remotes/master [12ms]
2025-11-14 22:10:52.946 [info] > git status -z -uall [28ms]
2025-11-14 22:10:52.953 [info] > git for-each-ref --sort -committerdate --format %(refname)%00%(objectname)%00%(*objectname) [8ms]
2025-11-14 22:11:00.174 [info] > git config --get commit.template [35ms]
2025-11-14 22:11:00.189 [info] > git for-each-ref --format=%(refname)%00%(upstream:short)%00%(objectname)%00%(upstream:track)%00%(upstream:remotename)%00%(upstream:remoteref) refs/heads/master refs/remotes/master [17ms]
2025-11-14 22:11:00.335 [info] > git status -z -uall [103ms]
2025-11-14 22:11:00.345 [info] > git for-each-ref --sort -committerdate --format %(refname)%00%(objectname)%00%(*objectname) [31ms]
2025-11-14 22:11:10.081 [info] > git config --get commit.template [40ms]
2025-11-14 22:11:10.084 [info] > git for-each-ref --format=%(refname)%00%(upstream:short)%00%(objectname)%00%(upstream:track)%00%(upstream:remotename)%00%(upstream:remoteref) refs/heads/master refs/remotes/master [7ms]
2025-11-14 22:11:10.132 [info] > git status -z -uall [35ms]
2025-11-14 22:11:10.135 [info] > git for-each-ref --sort -committerdate --format %(refname)%00%(objectname)%00%(*objectname) [16ms]
2025-11-14 22:11:31.099 [info] > git config --get commit.template [2ms]
2025-11-14 22:11:31.122 [info] > git for-each-ref --format=%(refname)%00%(upstream:short)%00%(objectname)%00%(upstream:track)%00%(upstream:remotename)%00%(upstream:remoteref) refs/heads/master refs/remotes/master [5ms]
2025-11-14 22:11:31.207 [info] > git status -z -uall [46ms]
2025-11-14 22:11:31.222 [info] > git for-each-ref --sort -committerdate --format %(refname)%00%(objectname)%00%(*objectname) [21ms]
2025-11-14 22:15:50.364 [info] > git config --get commit.template [3ms]
2025-11-14 22:15:50.374 [info] [Git][getRemotes] No remotes found in the git config file
2025-11-14 22:15:50.377 [info] > git for-each-ref --format=%(refname)%00%(upstream:short)%00%(objectname)%00%(upstream:track)%00%(upstream:remotename)%00%(upstream:remoteref) refs/heads/master refs/remotes/master [4ms]
2025-11-14 22:15:50.402 [info] > git status -z -uall [17ms]
2025-11-14 22:15:50.402 [info] > git for-each-ref --sort -committerdate --format %(refname)%00%(objectname)%00%(*objectname) [6ms]
2025-11-14 22:15:59.899 [info] > git config --get commit.template [26ms]
2025-11-14 22:15:59.905 [info] > git for-each-ref --format=%(refname)%00%(upstream:short)%00%(objectname)%00%(upstream:track)%00%(upstream:remotename)%00%(upstream:remoteref) refs/heads/master refs/remotes/master [10ms]
2025-11-14 22:15:59.929 [info] > git status -z -uall [13ms]
2025-11-14 22:15:59.937 [info] > git for-each-ref --sort -committerdate --format %(refname)%00%(objectname)%00%(*objectname) [11ms]
2025-11-14 22:16:10.204 [info] > git config --get commit.template [7ms]
2025-11-14 22:16:10.230 [info] > git for-each-ref --format=%(refname)%00%(upstream:short)%00%(objectname)%00%(upstream:track)%00%(upstream:remotename)%00%(upstream:remoteref) refs/heads/master refs/remotes/master [9ms]
2025-11-14 22:16:10.276 [info] > git status -z -uall [27ms]
2025-11-14 22:16:10.287 [info] > git for-each-ref --sort -committerdate --format %(refname)%00%(objectname)%00%(*objectname) [12ms]
2025-11-14 22:16:10.683 [info] > git show --textconv :contraseña.js [52ms]
2025-11-14 22:16:10.683 [info] > git show --textconv HEAD:contraseña.js [36ms]
2025-11-14 22:16:10.684 [info] > git ls-files --stage -- contraseña.js [25ms]
2025-11-14 22:16:10.706 [warning] [GitFileSystemProvider][readFile] File not found - git:/home/carlosjosuegarciaalvarado2006/Trabajo.js/contrase%C3%B1a.js.git?%7B%22path%22%3A%22%2Fhome%2Fcarlosjosuegarciaalvarado2006%2FTrabajo.js%2Fcontrase%C3%B1a.js%22%2C%22ref%22%3A%22HEAD%22%7D
2025-11-14 22:16:10.723 [info] > git cat-file -s 684f01bb46826711a10507c3fabd4f7f3b0c2a3c [19ms]
2025-11-14 22:16:10.725 [info] > git ls-tree -l HEAD -- contraseña.js [46ms]
2025-11-14 22:16:10.728 [warning] [GitFileSystemProvider][stat] File not found - git:/home/carlosjosuegarciaalvarado2006/Trabajo.js/contrase%C3%B1a.js.git?%7B%22path%22%3A%22%2Fhome%2Fcarlosjosuegarciaalvarado2006%2FTrabajo.js%2Fcontrase%C3%B1a.js%22%2C%22ref%22%3A%22HEAD%22%7D
2025-11-14 22:16:10.800 [info] > git blame --root --incremental ba1b7b5916f0c497d7acf75efb670351e77be478 -- contraseña.js [9ms]
2025-11-14 22:16:10.800 [info] fatal: no such path contraseña.js in ba1b7b5916f0c497d7acf75efb670351e77be478
2025-11-14 22:16:11.407 [info] > git ls-files --stage -- contraseña.js [1ms]
2025-11-14 22:16:11.425 [info] > git cat-file -s 684f01bb46826711a10507c3fabd4f7f3b0c2a3c [4ms]
2025-11-14 22:16:11.456 [info] > git show --textconv :contraseña.js [4ms]
2025-11-14 22:16:17.761 [info] > git config --get commit.template [9ms]
2025-11-14 22:16:17.783 [info] > git for-each-ref --format=%(refname)%00%(upstream:short)%00%(objectname)%00%(upstream:track)%00%(upstream:remotename)%00%(upstream:remoteref) refs/heads/master refs/remotes/master [5ms]
2025-11-14 22:16:17.810 [info] > git status -z -uall [13ms]
2025-11-14 22:16:17.819 [info] > git for-each-ref --sort -committerdate --format %(refname)%00%(objectname)%00%(*objectname) [10ms]
2025-11-14 22:16:17.879 [info] > git blame --root --incremental 7d882b7c551ed43b6aa2a49f44376d03c8320b77 -- contraseña.js [16ms]
2025-11-14 22:16:18.889 [info] > git ls-files --stage -- contraseña.js [4ms]
2025-11-14 22:16:18.907 [info] > git cat-file -s 684f01bb46826711a10507c3fabd4f7f3b0c2a3c [6ms]
2025-11-14 22:16:18.950 [info] > git show --textconv :contraseña.js [11ms]
2025-11-14 22:16:56.361 [info] > git config --get commit.template [6ms]
2025-11-14 22:16:56.381 [info] > git for-each-ref --format=%(refname)%00%(upstream:short)%00%(objectname)%00%(upstream:track)%00%(upstream:remotename)%00%(upstream:remoteref) refs/heads/master refs/remotes/master [8ms]
2025-11-14 22:16:56.433 [info] > git status -z -uall [33ms]
2025-11-14 22:16:56.438 [info] > git for-each-ref --sort -committerdate --format %(refname)%00%(objectname)%00%(*objectname) [9ms]
2025-11-14 22:16:56.512 [info] > git merge-base refs/heads/master refs/remotes/origin/master [11ms]
2025-11-14 22:16:56.533 [info] > git diff --name-status -z --diff-filter=ADMR 7d882b7c551ed43b6aa2a49f44376d03c8320b77...refs/remotes/origin/master [8ms]
2025-11-14 22:16:57.553 [info] > git ls-files --stage -- contraseña.js [3ms]
2025-11-14 22:16:57.564 [info] > git cat-file -s 684f01bb46826711a10507c3fabd4f7f3b0c2a3c [2ms]
2025-11-14 22:16:57.584 [info] > git show --textconv :contraseña.js [5ms]
