2025-10-14 21:53:39.564 [info] Reading sessions from keychain...
2025-10-14 21:53:39.564 [info] Getting sessions for all scopes...
2025-10-14 21:53:43.229 [info] Got stored sessions!
2025-10-14 21:53:43.229 [info] Got 1 verified sessions.
2025-10-14 21:53:43.236 [info] Got 1 sessions for ...
2025-10-14 21:53:43.237 [info] Getting sessions for all scopes...
2025-10-14 21:53:43.237 [info] Got 1 sessions for ...
2025-10-14 21:53:43.237 [info] Getting sessions for all scopes...
2025-10-14 21:53:43.237 [info] Got 1 sessions for ...
2025-10-14 21:53:43.240 [info] Getting sessions for all scopes...
2025-10-14 21:53:43.240 [info] Got 1 sessions for ...
2025-10-14 21:53:43.244 [info] Getting sessions for all scopes...
2025-10-14 21:53:43.245 [info] Got 1 sessions for ...
2025-10-14 21:53:43.245 [info] Getting sessions for all scopes...
2025-10-14 21:53:43.245 [info] Got 1 sessions for ...
2025-10-14 21:53:43.245 [info] Getting sessions for all scopes...
2025-10-14 21:53:43.245 [info] Got 1 sessions for ...
2025-10-14 21:53:46.802 [info] Getting sessions for all scopes...
2025-10-14 21:53:46.802 [info] Got 1 sessions for ...
2025-10-14 21:53:46.802 [info] Getting sessions for all scopes...
2025-10-14 21:53:46.802 [info] Got 1 sessions for ...
2025-10-14 21:53:46.831 [info] Getting sessions for all scopes...
2025-10-14 21:53:46.831 [info] Got 1 sessions for ...
2025-10-14 21:53:46.831 [info] Getting sessions for all scopes...
2025-10-14 21:53:46.832 [info] Got 1 sessions for ...
2025-10-14 21:53:46.848 [info] Getting sessions for all scopes...
2025-10-14 21:53:46.848 [info] Got 1 sessions for ...
2025-10-14 21:53:46.848 [info] Getting sessions for all scopes...
2025-10-14 21:53:46.848 [info] Got 1 sessions for ...
2025-10-14 21:53:50.591 [info] Getting sessions for all scopes...
2025-10-14 21:53:50.591 [info] Got 1 sessions for ...
2025-10-14 21:53:56.898 [info] Getting sessions for read:user,repo,user:email,workflow...
2025-10-14 21:53:56.899 [info] Got 1 sessions for read:user,repo,user:email,workflow...
2025-10-14 21:54:05.691 [info] Getting sessions for all scopes...
2025-10-14 21:54:05.692 [info] Got 1 sessions for ...
2025-10-14 21:54:08.825 [info] Getting sessions for all scopes...
2025-10-14 21:54:08.825 [info] Got 1 sessions for ...
2025-10-14 21:54:09.107 [info] Getting sessions for all scopes...
2025-10-14 21:54:09.107 [info] Got 1 sessions for ...
2025-10-14 21:54:09.135 [info] Getting sessions for all scopes...
2025-10-14 21:54:09.135 [info] Got 1 sessions for ...
2025-10-14 22:02:52.503 [info] Getting sessions for read:user,repo,user:email,workflow...
2025-10-14 22:02:52.505 [info] Got 1 sessions for read:user,repo,user:email,workflow...
2025-10-14 22:17:17.347 [info] Getting sessions for read:user,repo,user:email,workflow...
2025-10-14 22:17:17.348 [info] Got 1 sessions for read:user,repo,user:email,workflow...
2025-10-14 22:20:28.748 [info] Getting sessions for read:user,repo,user:email,workflow...
2025-10-14 22:20:28.748 [info] Got 1 sessions for read:user,repo,user:email,workflow...
