2025-11-27 21:34:17.720 [info] [main] Log level: Info
2025-11-27 21:34:17.720 [info] [main] Validating found git in: "git"
2025-11-27 21:34:17.720 [info] [main] Using git "2.39.5" from "git"
2025-11-27 21:34:17.720 [info] [Model][doInitialScan] Initial repository scan started
2025-11-27 21:34:17.720 [info] > git rev-parse --show-toplevel [2013ms]
2025-11-27 21:34:17.720 [info] > git rev-parse --git-dir --git-common-dir --show-superproject-working-tree [286ms]
2025-11-27 21:34:17.720 [info] [Model][openRepository] Opened repository (path): /home/carlosjosuegarciaalvarado2006/Trabajo.js
2025-11-27 21:34:17.720 [info] [Model][openRepository] Opened repository (real path): /home/carlosjosuegarciaalvarado2006/Trabajo.js
2025-11-27 21:34:17.720 [info] [Model][openRepository] Opened repository (kind): repository
2025-11-27 21:34:17.720 [info] [Model][doInitialScan] Initial repository scan completed - repositories (1), closed repositories (0), parent repositories (0), unsafe repositories (0)
2025-11-27 21:34:19.408 [info] > git config --get commit.template [1421ms]
2025-11-27 21:34:19.740 [info] > git for-each-ref --format=%(refname)%00%(upstream:short)%00%(objectname)%00%(upstream:track)%00%(upstream:remotename)%00%(upstream:remoteref) refs/heads/master refs/remotes/master [30ms]
2025-11-27 21:34:19.921 [info] > git status -z -uall [112ms]
2025-11-27 21:34:19.947 [info] > git for-each-ref --sort -committerdate --format %(refname)%00%(objectname)%00%(*objectname) [44ms]
2025-11-27 21:34:20.239 [info] > git for-each-ref --format=%(refname)%00%(upstream:short)%00%(objectname)%00%(upstream:track)%00%(upstream:remotename)%00%(upstream:remoteref) refs/heads/master refs/remotes/master [90ms]
2025-11-27 21:34:20.308 [info] > git config --get --local branch.master.vscode-merge-base [30ms]
2025-11-27 21:34:20.309 [warning] [Git][config] git config failed: Failed to execute git
2025-11-27 21:34:20.336 [info] > git config --get commit.template [114ms]
2025-11-27 21:34:20.408 [info] > git reflog master --grep-reflog=branch: Created from *. [77ms]
2025-11-27 21:34:20.512 [info] > git for-each-ref --format=%(refname)%00%(upstream:short)%00%(objectname)%00%(upstream:track)%00%(upstream:remotename)%00%(upstream:remoteref) refs/heads/master refs/remotes/master [125ms]
2025-11-27 21:34:20.532 [info] > git symbolic-ref --short refs/remotes/origin/HEAD [97ms]
2025-11-27 21:34:20.532 [info] fatal: ref refs/remotes/origin/HEAD is not a symbolic ref
2025-11-27 21:34:20.532 [warning] [Repository][getDefaultBranch] Failed to get default branch details: Failed to execute git.
2025-11-27 21:34:20.827 [info] > git merge-base refs/heads/master refs/remotes/origin/master [243ms]
2025-11-27 21:34:21.441 [info] > git check-ignore -v -z --stdin [407ms]
2025-11-27 21:34:21.507 [info] > git diff --name-status -z --diff-filter=ADMR 7d882b7c551ed43b6aa2a49f44376d03c8320b77...refs/remotes/origin/master [561ms]
2025-11-27 21:34:22.786 [info] > git status -z -uall [982ms]
2025-11-27 21:34:22.786 [info] > git for-each-ref --sort -committerdate --format %(refname)%00%(objectname)%00%(*objectname) [915ms]
2025-11-27 21:34:23.275 [info] > git check-ignore -v -z --stdin [415ms]
2025-11-27 21:34:24.583 [info] > git show --textconv :contraseña.js [114ms]
2025-11-27 21:34:24.694 [info] > git ls-files --stage -- contraseña.js [189ms]
2025-11-27 21:34:24.819 [info] > git cat-file -s 684f01bb46826711a10507c3fabd4f7f3b0c2a3c [24ms]
2025-11-27 21:34:26.779 [info] > git blame --root --incremental 7d882b7c551ed43b6aa2a49f44376d03c8320b77 -- contraseña.js [12ms]
2025-11-27 21:38:05.133 [info] > git show --textconv :numero.js [127ms]
2025-11-27 21:38:05.156 [info] > git ls-files --stage -- numero.js [41ms]
2025-11-27 21:38:05.209 [info] > git cat-file -s f8ad95902b2c4b136aa5e2f307287edeef4c5d7f [17ms]
2025-11-27 21:38:05.435 [info] > git blame --root --incremental 7d882b7c551ed43b6aa2a49f44376d03c8320b77 -- numero.js [81ms]
2025-11-27 21:38:13.301 [info] > git show --textconv :contraseña.js [55ms]
2025-11-27 21:38:13.476 [info] > git ls-files --stage -- contraseña.js [171ms]
2025-11-27 21:38:13.662 [info] > git config --get commit.template [197ms]
2025-11-27 21:38:13.692 [info] > git cat-file -s 684f01bb46826711a10507c3fabd4f7f3b0c2a3c [133ms]
2025-11-27 21:38:13.704 [info] > git for-each-ref --format=%(refname)%00%(upstream:short)%00%(objectname)%00%(upstream:track)%00%(upstream:remotename)%00%(upstream:remoteref) refs/heads/master refs/remotes/master [20ms]
2025-11-27 21:38:13.901 [info] > git status -z -uall [145ms]
2025-11-27 21:38:13.901 [info] > git for-each-ref --sort -committerdate --format %(refname)%00%(objectname)%00%(*objectname) [43ms]
2025-11-27 21:38:17.167 [info] > git show --textconv :nombre.js [79ms]
2025-11-27 21:38:17.184 [info] > git ls-files --stage -- nombre.js [30ms]
2025-11-27 21:38:17.232 [info] > git cat-file -s d2ef8c1e691a9f2f0a8745d4bcb426f6089ad2a8 [15ms]
2025-11-27 21:38:17.425 [info] > git blame --root --incremental 7d882b7c551ed43b6aa2a49f44376d03c8320b77 -- nombre.js [47ms]
2025-11-27 21:38:21.733 [info] > git show --textconv :contraseña.js [64ms]
2025-11-27 21:38:21.737 [info] > git ls-files --stage -- contraseña.js [33ms]
2025-11-27 21:38:21.792 [info] > git cat-file -s 684f01bb46826711a10507c3fabd4f7f3b0c2a3c [15ms]
2025-11-27 21:38:22.206 [info] > git config --get commit.template [34ms]
2025-11-27 21:38:22.219 [info] > git for-each-ref --format=%(refname)%00%(upstream:short)%00%(objectname)%00%(upstream:track)%00%(upstream:remotename)%00%(upstream:remoteref) refs/heads/master refs/remotes/master [15ms]
2025-11-27 21:38:22.291 [info] > git status -z -uall [50ms]
2025-11-27 21:38:22.308 [info] > git for-each-ref --sort -committerdate --format %(refname)%00%(objectname)%00%(*objectname) [19ms]
2025-11-27 21:38:28.018 [info] > git config --get commit.template [21ms]
2025-11-27 21:38:28.065 [info] > git for-each-ref --format=%(refname)%00%(upstream:short)%00%(objectname)%00%(upstream:track)%00%(upstream:remotename)%00%(upstream:remoteref) refs/heads/master refs/remotes/master [16ms]
2025-11-27 21:38:28.165 [info] > git status -z -uall [53ms]
2025-11-27 21:38:28.184 [info] > git for-each-ref --sort -committerdate --format %(refname)%00%(objectname)%00%(*objectname) [31ms]
2025-11-27 21:38:33.947 [info] > git config --get commit.template [35ms]
2025-11-27 21:38:33.966 [info] > git for-each-ref --format=%(refname)%00%(upstream:short)%00%(objectname)%00%(upstream:track)%00%(upstream:remotename)%00%(upstream:remoteref) refs/heads/master refs/remotes/master [22ms]
2025-11-27 21:38:34.075 [info] > git status -z -uall [63ms]
2025-11-27 21:38:34.100 [info] > git for-each-ref --sort -committerdate --format %(refname)%00%(objectname)%00%(*objectname) [26ms]
2025-11-27 21:38:48.058 [info] > git check-ignore -v -z --stdin [14ms]
2025-11-27 21:38:48.641 [info] > git config --get commit.template [22ms]
2025-11-27 21:38:48.655 [info] > git for-each-ref --format=%(refname)%00%(upstream:short)%00%(objectname)%00%(upstream:track)%00%(upstream:remotename)%00%(upstream:remoteref) refs/heads/master refs/remotes/master [20ms]
2025-11-27 21:38:48.722 [info] > git status -z -uall [48ms]
2025-11-27 21:38:48.723 [info] > git for-each-ref --sort -committerdate --format %(refname)%00%(objectname)%00%(*objectname) [7ms]
2025-11-27 21:38:53.767 [info] > git config --get commit.template [12ms]
2025-11-27 21:38:53.770 [info] > git for-each-ref --format=%(refname)%00%(upstream:short)%00%(objectname)%00%(upstream:track)%00%(upstream:remotename)%00%(upstream:remoteref) refs/heads/master refs/remotes/master [5ms]
2025-11-27 21:38:53.793 [info] > git status -z -uall [13ms]
2025-11-27 21:38:53.799 [info] > git for-each-ref --sort -committerdate --format %(refname)%00%(objectname)%00%(*objectname) [6ms]
2025-11-27 21:39:15.086 [info] > git check-ignore -v -z --stdin [25ms]
2025-11-27 21:39:15.448 [info] > git show --textconv :ejercicio1.js [62ms]
2025-11-27 21:39:15.549 [info] > git hash-object -t tree /dev/null [19ms]
2025-11-27 21:39:15.574 [warning] [GitFileSystemProvider][readFile] File not found - git:/home/carlosjosuegarciaalvarado2006/Trabajo.js/ejercicio1.js.git?%7B%22path%22%3A%22%2Fhome%2Fcarlosjosuegarciaalvarado2006%2FTrabajo.js%2Fejercicio1.js%22%2C%22ref%22%3A%22%22%7D
2025-11-27 21:39:15.582 [info] > git ls-files --stage -- ejercicio1.js [138ms]
2025-11-27 21:39:15.583 [warning] [GitFileSystemProvider][stat] File not found - git:/home/carlosjosuegarciaalvarado2006/Trabajo.js/ejercicio1.js.git?%7B%22path%22%3A%22%2Fhome%2Fcarlosjosuegarciaalvarado2006%2FTrabajo.js%2Fejercicio1.js%22%2C%22ref%22%3A%22%22%7D
2025-11-27 21:39:15.731 [info] > git config --get commit.template [30ms]
2025-11-27 21:39:15.908 [info] > git for-each-ref --format=%(refname)%00%(upstream:short)%00%(objectname)%00%(upstream:track)%00%(upstream:remotename)%00%(upstream:remoteref) refs/heads/master refs/remotes/master [40ms]
2025-11-27 21:39:16.074 [info] > git status -z -uall [44ms]
2025-11-27 21:39:16.101 [info] > git for-each-ref --sort -committerdate --format %(refname)%00%(objectname)%00%(*objectname) [33ms]
2025-11-27 21:39:37.276 [info] > git check-ignore -v -z --stdin [34ms]
2025-11-27 21:39:37.492 [info] > git show --textconv :ejercicio2.js [18ms]
2025-11-27 21:39:37.502 [warning] [GitFileSystemProvider][readFile] File not found - git:/home/carlosjosuegarciaalvarado2006/Trabajo.js/ejercicio2.js.git?%7B%22path%22%3A%22%2Fhome%2Fcarlosjosuegarciaalvarado2006%2FTrabajo.js%2Fejercicio2.js%22%2C%22ref%22%3A%22%22%7D
2025-11-27 21:39:37.508 [info] > git ls-files --stage -- ejercicio2.js [18ms]
2025-11-27 21:39:37.511 [warning] [GitFileSystemProvider][stat] File not found - git:/home/carlosjosuegarciaalvarado2006/Trabajo.js/ejercicio2.js.git?%7B%22path%22%3A%22%2Fhome%2Fcarlosjosuegarciaalvarado2006%2FTrabajo.js%2Fejercicio2.js%22%2C%22ref%22%3A%22%22%7D
2025-11-27 21:39:37.751 [info] > git for-each-ref --format=%(refname)%00%(upstream:short)%00%(objectname)%00%(upstream:track)%00%(upstream:remotename)%00%(upstream:remoteref) refs/heads/master refs/remotes/master [2ms]
2025-11-27 21:39:37.753 [info] > git config --get commit.template [33ms]
2025-11-27 21:39:37.810 [info] > git status -z -uall [23ms]
2025-11-27 21:39:37.824 [info] > git for-each-ref --sort -committerdate --format %(refname)%00%(objectname)%00%(*objectname) [15ms]
2025-11-27 21:39:47.057 [info] > git check-ignore -v -z --stdin [28ms]
2025-11-27 21:39:47.384 [info] > git show --textconv :ejercicio3.js [190ms]
2025-11-27 21:39:47.384 [info] > git ls-files --stage -- ejercicio3.js [74ms]
2025-11-27 21:39:47.401 [warning] [GitFileSystemProvider][stat] File not found - git:/home/carlosjosuegarciaalvarado2006/Trabajo.js/ejercicio3.js.git?%7B%22path%22%3A%22%2Fhome%2Fcarlosjosuegarciaalvarado2006%2FTrabajo.js%2Fejercicio3.js%22%2C%22ref%22%3A%22%22%7D
2025-11-27 21:39:47.417 [warning] [GitFileSystemProvider][readFile] File not found - git:/home/carlosjosuegarciaalvarado2006/Trabajo.js/ejercicio3.js.git?%7B%22path%22%3A%22%2Fhome%2Fcarlosjosuegarciaalvarado2006%2FTrabajo.js%2Fejercicio3.js%22%2C%22ref%22%3A%22%22%7D
2025-11-27 21:39:48.045 [info] > git config --get commit.template [56ms]
2025-11-27 21:39:48.051 [info] > git for-each-ref --format=%(refname)%00%(upstream:short)%00%(objectname)%00%(upstream:track)%00%(upstream:remotename)%00%(upstream:remoteref) refs/heads/master refs/remotes/master [18ms]
2025-11-27 21:39:48.228 [info] > git status -z -uall [119ms]
2025-11-27 21:39:48.281 [info] > git for-each-ref --sort -committerdate --format %(refname)%00%(objectname)%00%(*objectname) [69ms]
2025-11-27 21:39:55.918 [info] > git show --textconv :ejercicio4.js [21ms]
2025-11-27 21:39:55.924 [warning] [GitFileSystemProvider][readFile] File not found - git:/home/carlosjosuegarciaalvarado2006/Trabajo.js/ejercicio4.js.git?%7B%22path%22%3A%22%2Fhome%2Fcarlosjosuegarciaalvarado2006%2FTrabajo.js%2Fejercicio4.js%22%2C%22ref%22%3A%22%22%7D
2025-11-27 21:39:55.927 [info] > git ls-files --stage -- ejercicio4.js [14ms]
2025-11-27 21:39:55.930 [warning] [GitFileSystemProvider][stat] File not found - git:/home/carlosjosuegarciaalvarado2006/Trabajo.js/ejercicio4.js.git?%7B%22path%22%3A%22%2Fhome%2Fcarlosjosuegarciaalvarado2006%2FTrabajo.js%2Fejercicio4.js%22%2C%22ref%22%3A%22%22%7D
2025-11-27 21:39:56.058 [info] > git check-ignore -v -z --stdin [6ms]
2025-11-27 21:39:56.585 [info] > git config --get commit.template [24ms]
2025-11-27 21:39:56.602 [info] > git for-each-ref --format=%(refname)%00%(upstream:short)%00%(objectname)%00%(upstream:track)%00%(upstream:remotename)%00%(upstream:remoteref) refs/heads/master refs/remotes/master [21ms]
2025-11-27 21:39:56.648 [info] > git status -z -uall [24ms]
2025-11-27 21:39:56.658 [info] > git for-each-ref --sort -committerdate --format %(refname)%00%(objectname)%00%(*objectname) [13ms]
2025-11-27 21:43:25.633 [info] > git config --get commit.template [32ms]
2025-11-27 21:43:25.709 [info] > git for-each-ref --format=%(refname)%00%(upstream:short)%00%(objectname)%00%(upstream:track)%00%(upstream:remotename)%00%(upstream:remoteref) refs/heads/master refs/remotes/master [29ms]
2025-11-27 21:43:25.781 [info] > git status -z -uall [49ms]
2025-11-27 21:43:25.787 [info] > git for-each-ref --sort -committerdate --format %(refname)%00%(objectname)%00%(*objectname) [20ms]
2025-11-27 21:44:15.158 [info] > git config --get commit.template [25ms]
2025-11-27 21:44:15.165 [info] > git for-each-ref --format=%(refname)%00%(upstream:short)%00%(objectname)%00%(upstream:track)%00%(upstream:remotename)%00%(upstream:remoteref) refs/heads/master refs/remotes/master [12ms]
2025-11-27 21:44:15.222 [info] > git status -z -uall [43ms]
2025-11-27 21:44:15.223 [info] > git for-each-ref --sort -committerdate --format %(refname)%00%(objectname)%00%(*objectname) [18ms]
2025-11-27 21:44:23.290 [info] > git config --get commit.template [32ms]
2025-11-27 21:44:23.292 [info] > git for-each-ref --format=%(refname)%00%(upstream:short)%00%(objectname)%00%(upstream:track)%00%(upstream:remotename)%00%(upstream:remoteref) refs/heads/master refs/remotes/master [12ms]
2025-11-27 21:44:23.328 [info] > git status -z -uall [26ms]
2025-11-27 21:44:23.335 [info] > git for-each-ref --sort -committerdate --format %(refname)%00%(objectname)%00%(*objectname) [9ms]
2025-11-27 21:44:50.879 [info] > git config --get commit.template [26ms]
2025-11-27 21:44:50.882 [info] > git for-each-ref --format=%(refname)%00%(upstream:short)%00%(objectname)%00%(upstream:track)%00%(upstream:remotename)%00%(upstream:remoteref) refs/heads/master refs/remotes/master [6ms]
2025-11-27 21:44:50.916 [info] > git status -z -uall [18ms]
2025-11-27 21:44:50.920 [info] > git for-each-ref --sort -committerdate --format %(refname)%00%(objectname)%00%(*objectname) [5ms]
2025-11-27 21:45:49.054 [info] > git config --get commit.template [12ms]
2025-11-27 21:45:49.055 [info] > git for-each-ref --format=%(refname)%00%(upstream:short)%00%(objectname)%00%(upstream:track)%00%(upstream:remotename)%00%(upstream:remoteref) refs/heads/master refs/remotes/master [5ms]
2025-11-27 21:45:49.079 [info] > git status -z -uall [16ms]
2025-11-27 21:45:49.082 [info] > git for-each-ref --sort -committerdate --format %(refname)%00%(objectname)%00%(*objectname) [4ms]
2025-11-27 21:46:59.137 [info] [Git][getRemotes] No remotes found in the git config file
2025-11-27 21:46:59.143 [info] > git for-each-ref --format=%(refname)%00%(upstream:short)%00%(objectname)%00%(upstream:track)%00%(upstream:remotename)%00%(upstream:remoteref) refs/heads/master refs/remotes/master [9ms]
2025-11-27 21:46:59.144 [info] > git config --get commit.template [32ms]
2025-11-27 21:46:59.190 [info] > git status -z -uall [31ms]
2025-11-27 21:46:59.208 [info] > git for-each-ref --sort -committerdate --format %(refname)%00%(objectname)%00%(*objectname) [26ms]
2025-11-27 21:47:08.119 [info] > git config --get commit.template [4ms]
2025-11-27 21:47:08.131 [info] > git for-each-ref --format=%(refname)%00%(upstream:short)%00%(objectname)%00%(upstream:track)%00%(upstream:remotename)%00%(upstream:remoteref) refs/heads/master refs/remotes/master [4ms]
2025-11-27 21:47:08.149 [info] > git status -z -uall [10ms]
2025-11-27 21:47:08.154 [info] > git for-each-ref --sort -committerdate --format %(refname)%00%(objectname)%00%(*objectname) [7ms]
2025-11-27 21:48:03.179 [info] > git config --get commit.template [3ms]
2025-11-27 21:48:03.196 [info] > git for-each-ref --format=%(refname)%00%(upstream:short)%00%(objectname)%00%(upstream:track)%00%(upstream:remotename)%00%(upstream:remoteref) refs/heads/master refs/remotes/master [4ms]
2025-11-27 21:48:03.224 [info] > git status -z -uall [20ms]
2025-11-27 21:48:03.226 [info] > git for-each-ref --sort -committerdate --format %(refname)%00%(objectname)%00%(*objectname) [7ms]
2025-11-27 21:48:03.665 [info] > git show --textconv :ejercicio1.js [83ms]
2025-11-27 21:48:03.665 [info] > git show --textconv HEAD:ejercicio1.js [59ms]
2025-11-27 21:48:03.665 [info] > git ls-files --stage -- ejercicio1.js [45ms]
2025-11-27 21:48:03.695 [warning] [GitFileSystemProvider][readFile] File not found - git:/home/carlosjosuegarciaalvarado2006/Trabajo.js/ejercicio1.js.git?%7B%22path%22%3A%22%2Fhome%2Fcarlosjosuegarciaalvarado2006%2FTrabajo.js%2Fejercicio1.js%22%2C%22ref%22%3A%22HEAD%22%7D
2025-11-27 21:48:03.699 [info] > git cat-file -s 5d5295a8c3f2aea80d433c3a47333ee9f2e32551 [19ms]
2025-11-27 21:48:03.700 [info] > git ls-tree -l HEAD -- ejercicio1.js [46ms]
2025-11-27 21:48:03.701 [warning] [GitFileSystemProvider][stat] File not found - git:/home/carlosjosuegarciaalvarado2006/Trabajo.js/ejercicio1.js.git?%7B%22path%22%3A%22%2Fhome%2Fcarlosjosuegarciaalvarado2006%2FTrabajo.js%2Fejercicio1.js%22%2C%22ref%22%3A%22HEAD%22%7D
2025-11-27 21:48:03.782 [info] > git blame --root --incremental 7d882b7c551ed43b6aa2a49f44376d03c8320b77 -- ejercicio1.js [16ms]
2025-11-27 21:48:03.782 [info] fatal: no such path ejercicio1.js in 7d882b7c551ed43b6aa2a49f44376d03c8320b77
2025-11-27 21:48:04.164 [info] > git config --get commit.template [16ms]
2025-11-27 21:48:04.168 [info] > git for-each-ref --format=%(refname)%00%(upstream:short)%00%(objectname)%00%(upstream:track)%00%(upstream:remotename)%00%(upstream:remoteref) refs/heads/master refs/remotes/master [5ms]
2025-11-27 21:48:04.217 [info] > git status -z -uall [32ms]
2025-11-27 21:48:04.222 [info] > git for-each-ref --sort -committerdate --format %(refname)%00%(objectname)%00%(*objectname) [6ms]
2025-11-27 21:48:04.301 [info] > git ls-files --stage -- ejercicio1.js [16ms]
2025-11-27 21:48:04.340 [info] > git cat-file -s 5d5295a8c3f2aea80d433c3a47333ee9f2e32551 [20ms]
2025-11-27 21:48:04.404 [info] > git show --textconv :ejercicio1.js [5ms]
2025-11-27 21:48:12.021 [info] > git config --get commit.template [10ms]
2025-11-27 21:48:12.072 [info] > git for-each-ref --format=%(refname)%00%(upstream:short)%00%(objectname)%00%(upstream:track)%00%(upstream:remotename)%00%(upstream:remoteref) refs/heads/master refs/remotes/master [8ms]
2025-11-27 21:48:12.145 [info] > git status -z -uall [55ms]
2025-11-27 21:48:12.149 [info] > git for-each-ref --sort -committerdate --format %(refname)%00%(objectname)%00%(*objectname) [14ms]
2025-11-27 21:48:12.180 [info] > git blame --root --incremental 5475c5892ad1bfb5d03685cee393836bd20983b3 -- ejercicio1.js [17ms]
2025-11-27 21:48:13.109 [info] > git ls-files --stage -- ejercicio1.js [7ms]
2025-11-27 21:48:13.123 [info] > git cat-file -s 5d5295a8c3f2aea80d433c3a47333ee9f2e32551 [6ms]
2025-11-27 21:48:13.139 [info] > git show --textconv :ejercicio1.js [6ms]
2025-11-27 21:48:19.111 [info] > git show -s --decorate=full --shortstat --format=%H%n%aN%n%aE%n%at%n%ct%n%P%n%D%n%B -z 5475c5892ad1bfb5d03685cee393836bd20983b3 -- [13ms]
2025-11-27 21:49:16.823 [info] > git config --get commit.template [7ms]
2025-11-27 21:49:16.849 [info] > git for-each-ref --format=%(refname)%00%(upstream:short)%00%(objectname)%00%(upstream:track)%00%(upstream:remotename)%00%(upstream:remoteref) refs/heads/master refs/remotes/master [6ms]
2025-11-27 21:49:16.898 [info] > git status -z -uall [35ms]
2025-11-27 21:49:16.910 [info] > git for-each-ref --sort -committerdate --format %(refname)%00%(objectname)%00%(*objectname) [13ms]
2025-11-27 21:49:32.365 [info] > git config --get commit.template [14ms]
2025-11-27 21:49:32.394 [info] > git for-each-ref --format=%(refname)%00%(upstream:short)%00%(objectname)%00%(upstream:track)%00%(upstream:remotename)%00%(upstream:remoteref) refs/heads/master refs/remotes/master [10ms]
2025-11-27 21:49:32.457 [info] > git status -z -uall [36ms]
2025-11-27 21:49:32.461 [info] > git for-each-ref --sort -committerdate --format %(refname)%00%(objectname)%00%(*objectname) [8ms]
2025-11-27 21:49:32.485 [info] > git merge-base refs/heads/master refs/remotes/origin/master [5ms]
2025-11-27 21:49:32.513 [info] > git diff --name-status -z --diff-filter=ADMR 5475c5892ad1bfb5d03685cee393836bd20983b3...refs/remotes/origin/master [8ms]
2025-11-27 21:49:33.520 [info] > git ls-files --stage -- ejercicio1.js [8ms]
2025-11-27 21:49:33.559 [info] > git cat-file -s 5d5295a8c3f2aea80d433c3a47333ee9f2e32551 [10ms]
2025-11-27 21:49:33.603 [info] > git show --textconv :ejercicio1.js [9ms]
