2025-09-18 21:32:07.488 [info] Reading sessions from keychain...
2025-09-18 21:32:07.491 [info] Getting sessions for all scopes...
2025-09-18 21:32:12.269 [info] Got stored sessions!
2025-09-18 21:32:12.269 [info] Got 1 verified sessions.
2025-09-18 21:32:12.269 [info] Got 1 sessions for ...
2025-09-18 21:32:12.278 [info] Getting sessions for all scopes...
2025-09-18 21:32:12.278 [info] Got 1 sessions for ...
2025-09-18 21:32:12.278 [info] Getting sessions for all scopes...
2025-09-18 21:32:12.278 [info] Got 1 sessions for ...
2025-09-18 21:32:12.279 [info] Getting sessions for all scopes...
2025-09-18 21:32:12.279 [info] Got 1 sessions for ...
2025-09-18 21:32:12.279 [info] Getting sessions for all scopes...
2025-09-18 21:32:12.279 [info] Got 1 sessions for ...
2025-09-18 21:32:12.279 [info] Getting sessions for all scopes...
2025-09-18 21:32:12.279 [info] Got 1 sessions for ...
2025-09-18 21:32:12.279 [info] Getting sessions for all scopes...
2025-09-18 21:32:12.279 [info] Got 1 sessions for ...
2025-09-18 21:32:14.330 [info] Getting sessions for all scopes...
2025-09-18 21:32:14.330 [info] Got 1 sessions for ...
2025-09-18 21:32:14.342 [info] Getting sessions for all scopes...
2025-09-18 21:32:14.346 [info] Got 1 sessions for ...
2025-09-18 21:32:14.347 [info] Getting sessions for all scopes...
2025-09-18 21:32:14.347 [info] Got 1 sessions for ...
2025-09-18 21:32:14.350 [info] Getting sessions for all scopes...
2025-09-18 21:32:14.350 [info] Got 1 sessions for ...
2025-09-18 21:32:14.351 [info] Getting sessions for all scopes...
2025-09-18 21:32:14.351 [info] Got 1 sessions for ...
2025-09-18 21:32:14.351 [info] Getting sessions for all scopes...
2025-09-18 21:32:14.351 [info] Got 1 sessions for ...
2025-09-18 21:32:25.278 [info] Getting sessions for read:user,repo,user:email,workflow...
2025-09-18 21:32:25.278 [info] Got 1 sessions for read:user,repo,user:email,workflow...
2025-09-18 21:32:25.686 [info] Getting sessions for all scopes...
2025-09-18 21:32:25.686 [info] Got 1 sessions for ...
2025-09-18 21:32:30.187 [info] Getting sessions for all scopes...
2025-09-18 21:32:30.187 [info] Got 1 sessions for ...
2025-09-18 21:32:34.063 [info] Getting sessions for all scopes...
2025-09-18 21:32:34.063 [info] Got 1 sessions for ...
2025-09-18 21:32:34.070 [info] Getting sessions for all scopes...
2025-09-18 21:32:34.071 [info] Got 1 sessions for ...
2025-09-18 21:32:34.075 [info] Getting sessions for all scopes...
2025-09-18 21:32:34.075 [info] Got 1 sessions for ...
2025-09-18 21:48:11.043 [info] Getting sessions for read:user,repo,user:email,workflow...
2025-09-18 21:48:11.043 [info] Got 1 sessions for read:user,repo,user:email,workflow...
2025-09-18 21:54:28.153 [info] Getting sessions for read:user,repo,user:email,workflow...
2025-09-18 21:54:28.153 [info] Got 1 sessions for read:user,repo,user:email,workflow...
2025-09-18 22:02:37.139 [info] Getting sessions for read:user,repo,user:email,workflow...
2025-09-18 22:02:37.140 [info] Got 1 sessions for read:user,repo,user:email,workflow...
