2025-11-01 15:24:54.082 [info] read schema from vscode: vscode://schemas/vscode-extensions
2025-11-01 15:24:55.066 [info] read schema from vscode: vscode://schemas/toolsParameters
2025-11-01 15:24:55.084 [info] read schema from vscode: vscode://schemas/settings/configurationDefaults
2025-11-01 15:24:58.337 [info] schema change detected vscode://schemas/settings/configurationDefaults
2025-11-01 15:24:58.662 [info] schema change detected vscode://schemas/settings/configurationDefaults
2025-11-01 15:24:59.977 [info] schema change detected vscode://schemas/settings/configurationDefaults
2025-11-01 15:25:00.390 [info] cancelled
2025-11-01 15:25:00.427 [info] cancelled
2025-11-01 15:25:00.600 [info] read schema from vscode: vscode://schemas/vscode-extensions
2025-11-01 15:25:00.626 [info] schema change detected vscode://schemas/settings/configurationDefaults
2025-11-01 15:25:01.604 [info] schema change detected vscode://schemas/settings/configurationDefaults
2025-11-01 15:25:01.605 [info] schema change detected vscode://schemas/vscode-extensions
2025-11-01 15:25:01.607 [info] read schema from vscode: vscode://schemas/toolsParameters
2025-11-01 15:25:01.607 [info] read schema from vscode: vscode://schemas/settings/configurationDefaults
2025-11-01 15:25:03.768 [info] read schema from vscode: vscode://schemas/settings/resourceLanguage
2025-11-01 15:25:03.822 [info] read schema from vscode: vscode://schemas/token-styling
2025-11-01 15:25:03.827 [info] read schema from vscode: vscode://schemas/textmate-colors
2025-11-01 15:25:03.834 [info] read schema from vscode: vscode://schemas/workbench-colors
2025-11-01 15:25:05.424 [info] cancelled
2025-11-01 15:25:05.445 [info] read schema from vscode: vscode://schemas/vscode-extensions
2025-11-01 15:25:05.831 [info] read schema from vscode: vscode://schemas/settings/configurationDefaults
